[0.086s] DEBUG:colcon:Command line arguments: ['/usr/bin/colcon', 'build']
[0.086s] DEBUG:colcon:Parsed command line arguments: Namespace(log_base=None, log_level=None, verb_name='build', build_base='build', install_base='install', merge_install=False, symlink_install=False, test_result_base=None, continue_on_error=False, executor='parallel', parallel_workers=16, event_handlers=None, ignore_user_meta=False, metas=['./colcon.meta'], base_paths=['.'], packages_ignore=None, packages_ignore_regex=None, paths=None, packages_up_to=None, packages_up_to_regex=None, packages_above=None, packages_above_and_dependencies=None, packages_above_depth=None, packages_select_by_dep=None, packages_skip_by_dep=None, packages_skip_up_to=None, packages_select_build_failed=False, packages_skip_build_finished=False, packages_select_test_failures=False, packages_skip_test_passed=False, packages_select=None, packages_skip=None, packages_select_regex=None, packages_skip_regex=None, packages_start=None, packages_end=None, allow_overriding=[], cmake_args=None, cmake_target=None, cmake_target_skip_unavailable=False, cmake_clean_cache=False, cmake_clean_first=False, cmake_force_configure=False, ament_cmake_args=None, catkin_cmake_args=None, catkin_skip_building_tests=False, mixin_files=None, mixin=None, verb_parser=<colcon_mixin.mixin.mixin_argument.MixinArgumentDecorator object at 0x7a49fc8250c0>, verb_extension=<colcon_core.verb.build.BuildVerb object at 0x7a49fc9f2830>, main=<bound method BuildVerb.main of <colcon_core.verb.build.BuildVerb object at 0x7a49fc9f2830>>, mixin_verb=('build',))
[0.235s] Level 1:colcon.colcon_core.package_discovery:discover_packages(colcon_meta) check parameters
[0.235s] Level 1:colcon.colcon_core.package_discovery:discover_packages(recursive) check parameters
[0.235s] Level 1:colcon.colcon_core.package_discovery:discover_packages(ignore) check parameters
[0.235s] Level 1:colcon.colcon_core.package_discovery:discover_packages(path) check parameters
[0.235s] Level 1:colcon.colcon_core.package_discovery:discover_packages(colcon_meta) discover
[0.235s] Level 1:colcon.colcon_core.package_discovery:discover_packages(recursive) discover
[0.235s] INFO:colcon.colcon_core.package_discovery:Crawling recursively for packages in '/home/tirthapc/mmwave_ti_ros/ros2_driver'
[0.235s] Level 1:colcon.colcon_core.package_identification:_identify(.) by extensions ['ignore', 'ignore_ament_install']
[0.235s] Level 1:colcon.colcon_core.package_identification:_identify(.) by extension 'ignore'
[0.235s] Level 1:colcon.colcon_core.package_identification:_identify(.) by extension 'ignore_ament_install'
[0.235s] Level 1:colcon.colcon_core.package_identification:_identify(.) by extensions ['colcon_pkg']
[0.235s] Level 1:colcon.colcon_core.package_identification:_identify(.) by extension 'colcon_pkg'
[0.235s] Level 1:colcon.colcon_core.package_identification:_identify(.) by extensions ['colcon_meta']
[0.235s] Level 1:colcon.colcon_core.package_identification:_identify(.) by extension 'colcon_meta'
[0.235s] Level 1:colcon.colcon_core.package_identification:_identify(.) by extensions ['ros']
[0.235s] Level 1:colcon.colcon_core.package_identification:_identify(.) by extension 'ros'
[0.243s] Level 1:colcon.colcon_core.package_identification:_identify(.) by extensions ['cmake', 'python']
[0.243s] Level 1:colcon.colcon_core.package_identification:_identify(.) by extension 'cmake'
[0.243s] Level 1:colcon.colcon_core.package_identification:_identify(.) by extension 'python'
[0.243s] Level 1:colcon.colcon_core.package_identification:_identify(.) by extensions ['python_setup_py']
[0.243s] Level 1:colcon.colcon_core.package_identification:_identify(.) by extension 'python_setup_py'
[0.243s] Level 1:colcon.colcon_core.package_identification:_identify(build) by extensions ['ignore', 'ignore_ament_install']
[0.243s] Level 1:colcon.colcon_core.package_identification:_identify(build) by extension 'ignore'
[0.243s] Level 1:colcon.colcon_core.package_identification:_identify(build) ignored
[0.243s] Level 1:colcon.colcon_core.package_identification:_identify(install) by extensions ['ignore', 'ignore_ament_install']
[0.243s] Level 1:colcon.colcon_core.package_identification:_identify(install) by extension 'ignore'
[0.243s] Level 1:colcon.colcon_core.package_identification:_identify(install) ignored
[0.243s] Level 1:colcon.colcon_core.package_identification:_identify(log) by extensions ['ignore', 'ignore_ament_install']
[0.243s] Level 1:colcon.colcon_core.package_identification:_identify(log) by extension 'ignore'
[0.243s] Level 1:colcon.colcon_core.package_identification:_identify(log) ignored
[0.243s] Level 1:colcon.colcon_core.package_identification:_identify(src) by extensions ['ignore', 'ignore_ament_install']
[0.243s] Level 1:colcon.colcon_core.package_identification:_identify(src) by extension 'ignore'
[0.243s] Level 1:colcon.colcon_core.package_identification:_identify(src) by extension 'ignore_ament_install'
[0.243s] Level 1:colcon.colcon_core.package_identification:_identify(src) by extensions ['colcon_pkg']
[0.243s] Level 1:colcon.colcon_core.package_identification:_identify(src) by extension 'colcon_pkg'
[0.243s] Level 1:colcon.colcon_core.package_identification:_identify(src) by extensions ['colcon_meta']
[0.243s] Level 1:colcon.colcon_core.package_identification:_identify(src) by extension 'colcon_meta'
[0.243s] Level 1:colcon.colcon_core.package_identification:_identify(src) by extensions ['ros']
[0.243s] Level 1:colcon.colcon_core.package_identification:_identify(src) by extension 'ros'
[0.243s] Level 1:colcon.colcon_core.package_identification:_identify(src) by extensions ['cmake', 'python']
[0.243s] Level 1:colcon.colcon_core.package_identification:_identify(src) by extension 'cmake'
[0.243s] Level 1:colcon.colcon_core.package_identification:_identify(src) by extension 'python'
[0.243s] Level 1:colcon.colcon_core.package_identification:_identify(src) by extensions ['python_setup_py']
[0.243s] Level 1:colcon.colcon_core.package_identification:_identify(src) by extension 'python_setup_py'
[0.243s] Level 1:colcon.colcon_core.package_identification:_identify(src/serial-ros2-master) by extensions ['ignore', 'ignore_ament_install']
[0.244s] Level 1:colcon.colcon_core.package_identification:_identify(src/serial-ros2-master) by extension 'ignore'
[0.244s] Level 1:colcon.colcon_core.package_identification:_identify(src/serial-ros2-master) by extension 'ignore_ament_install'
[0.244s] Level 1:colcon.colcon_core.package_identification:_identify(src/serial-ros2-master) by extensions ['colcon_pkg']
[0.244s] Level 1:colcon.colcon_core.package_identification:_identify(src/serial-ros2-master) by extension 'colcon_pkg'
[0.244s] Level 1:colcon.colcon_core.package_identification:_identify(src/serial-ros2-master) by extensions ['colcon_meta']
[0.244s] Level 1:colcon.colcon_core.package_identification:_identify(src/serial-ros2-master) by extension 'colcon_meta'
[0.244s] Level 1:colcon.colcon_core.package_identification:_identify(src/serial-ros2-master) by extensions ['ros']
[0.244s] Level 1:colcon.colcon_core.package_identification:_identify(src/serial-ros2-master) by extension 'ros'
[0.245s] DEBUG:colcon.colcon_core.package_identification:Package 'src/serial-ros2-master' with type 'ros.ament_cmake' and name 'serial'
[0.245s] Level 1:colcon.colcon_core.package_identification:_identify(src/ti_mmwave_rospkg) by extensions ['ignore', 'ignore_ament_install']
[0.245s] Level 1:colcon.colcon_core.package_identification:_identify(src/ti_mmwave_rospkg) by extension 'ignore'
[0.245s] Level 1:colcon.colcon_core.package_identification:_identify(src/ti_mmwave_rospkg) by extension 'ignore_ament_install'
[0.245s] Level 1:colcon.colcon_core.package_identification:_identify(src/ti_mmwave_rospkg) by extensions ['colcon_pkg']
[0.245s] Level 1:colcon.colcon_core.package_identification:_identify(src/ti_mmwave_rospkg) by extension 'colcon_pkg'
[0.245s] Level 1:colcon.colcon_core.package_identification:_identify(src/ti_mmwave_rospkg) by extensions ['colcon_meta']
[0.245s] Level 1:colcon.colcon_core.package_identification:_identify(src/ti_mmwave_rospkg) by extension 'colcon_meta'
[0.246s] Level 1:colcon.colcon_core.package_identification:_identify(src/ti_mmwave_rospkg) by extensions ['ros']
[0.246s] Level 1:colcon.colcon_core.package_identification:_identify(src/ti_mmwave_rospkg) by extension 'ros'
[0.246s] DEBUG:colcon.colcon_core.package_identification:Package 'src/ti_mmwave_rospkg' with type 'ros.ament_cmake' and name 'ti_mmwave_rospkg'
[0.246s] Level 1:colcon.colcon_core.package_identification:_identify(src/ti_mmwave_rospkg_msgs) by extensions ['ignore', 'ignore_ament_install']
[0.246s] Level 1:colcon.colcon_core.package_identification:_identify(src/ti_mmwave_rospkg_msgs) by extension 'ignore'
[0.246s] Level 1:colcon.colcon_core.package_identification:_identify(src/ti_mmwave_rospkg_msgs) by extension 'ignore_ament_install'
[0.246s] Level 1:colcon.colcon_core.package_identification:_identify(src/ti_mmwave_rospkg_msgs) by extensions ['colcon_pkg']
[0.246s] Level 1:colcon.colcon_core.package_identification:_identify(src/ti_mmwave_rospkg_msgs) by extension 'colcon_pkg'
[0.246s] Level 1:colcon.colcon_core.package_identification:_identify(src/ti_mmwave_rospkg_msgs) by extensions ['colcon_meta']
[0.246s] Level 1:colcon.colcon_core.package_identification:_identify(src/ti_mmwave_rospkg_msgs) by extension 'colcon_meta'
[0.246s] Level 1:colcon.colcon_core.package_identification:_identify(src/ti_mmwave_rospkg_msgs) by extensions ['ros']
[0.246s] Level 1:colcon.colcon_core.package_identification:_identify(src/ti_mmwave_rospkg_msgs) by extension 'ros'
[0.247s] DEBUG:colcon.colcon_core.package_identification:Package 'src/ti_mmwave_rospkg_msgs' with type 'ros.ament_cmake' and name 'ti_mmwave_rospkg_msgs'
[0.247s] Level 1:colcon.colcon_core.package_discovery:discover_packages(recursive) using defaults
[0.247s] Level 1:colcon.colcon_core.package_discovery:discover_packages(ignore) discover
[0.247s] Level 1:colcon.colcon_core.package_discovery:discover_packages(ignore) using defaults
[0.247s] Level 1:colcon.colcon_core.package_discovery:discover_packages(path) discover
[0.247s] Level 1:colcon.colcon_core.package_discovery:discover_packages(path) using defaults
[0.260s] Level 1:colcon.colcon_core.package_discovery:discover_packages(prefix_path) check parameters
[0.260s] Level 1:colcon.colcon_core.package_discovery:discover_packages(prefix_path) discover
[0.261s] WARNING:colcon.colcon_ros.prefix_path.ament:The path '/home/tirthapc/mmwave_ti_ros/ros2_driver/install/ti_mmwave_rospkg' in the environment variable AMENT_PREFIX_PATH doesn't exist
[0.261s] WARNING:colcon.colcon_ros.prefix_path.ament:The path '/home/tirthapc/mmwave_ti_ros/ros2_driver/install/ti_mmwave_rospkg_msgs' in the environment variable AMENT_PREFIX_PATH doesn't exist
[0.261s] WARNING:colcon.colcon_ros.prefix_path.ament:The path '/home/tirthapc/mmwave_ti_ros/ros2_driver/install/serial' in the environment variable AMENT_PREFIX_PATH doesn't exist
[0.261s] WARNING:colcon.colcon_ros.prefix_path.catkin:The path '/home/tirthapc/mmwave_ti_ros/ros2_driver/install/ti_mmwave_rospkg' in the environment variable CMAKE_PREFIX_PATH doesn't exist
[0.261s] WARNING:colcon.colcon_ros.prefix_path.catkin:The path '/home/tirthapc/mmwave_ti_ros/ros2_driver/install/ti_mmwave_rospkg_msgs' in the environment variable CMAKE_PREFIX_PATH doesn't exist
[0.261s] WARNING:colcon.colcon_ros.prefix_path.catkin:The path '/home/tirthapc/mmwave_ti_ros/ros2_driver/install/serial' in the environment variable CMAKE_PREFIX_PATH doesn't exist
[0.261s] DEBUG:colcon.colcon_installed_package_information.package_discovery:Found 0 installed packages in /home/tirthapc/mmwave_ti_ros/ros2_driver/install
[0.262s] DEBUG:colcon.colcon_installed_package_information.package_discovery:Found 362 installed packages in /opt/ros/humble
[0.268s] Level 1:colcon.colcon_core.package_discovery:discover_packages(prefix_path) using defaults
[0.293s] Level 5:colcon.colcon_core.verb:set package 'serial' build argument 'cmake_args' from command line to 'None'
[0.293s] Level 5:colcon.colcon_core.verb:set package 'serial' build argument 'cmake_target' from command line to 'None'
[0.293s] Level 5:colcon.colcon_core.verb:set package 'serial' build argument 'cmake_target_skip_unavailable' from command line to 'False'
[0.293s] Level 5:colcon.colcon_core.verb:set package 'serial' build argument 'cmake_clean_cache' from command line to 'False'
[0.293s] Level 5:colcon.colcon_core.verb:set package 'serial' build argument 'cmake_clean_first' from command line to 'False'
[0.293s] Level 5:colcon.colcon_core.verb:set package 'serial' build argument 'cmake_force_configure' from command line to 'False'
[0.293s] Level 5:colcon.colcon_core.verb:set package 'serial' build argument 'ament_cmake_args' from command line to 'None'
[0.293s] Level 5:colcon.colcon_core.verb:set package 'serial' build argument 'catkin_cmake_args' from command line to 'None'
[0.293s] Level 5:colcon.colcon_core.verb:set package 'serial' build argument 'catkin_skip_building_tests' from command line to 'False'
[0.293s] DEBUG:colcon.colcon_core.verb:Building package 'serial' with the following arguments: {'ament_cmake_args': None, 'build_base': '/home/tirthapc/mmwave_ti_ros/ros2_driver/build/serial', 'catkin_cmake_args': None, 'catkin_skip_building_tests': False, 'cmake_args': None, 'cmake_clean_cache': False, 'cmake_clean_first': False, 'cmake_force_configure': False, 'cmake_target': None, 'cmake_target_skip_unavailable': False, 'install_base': '/home/tirthapc/mmwave_ti_ros/ros2_driver/install/serial', 'merge_install': False, 'path': '/home/tirthapc/mmwave_ti_ros/ros2_driver/src/serial-ros2-master', 'symlink_install': False, 'test_result_base': None}
[0.293s] Level 5:colcon.colcon_core.verb:set package 'ti_mmwave_rospkg_msgs' build argument 'cmake_args' from command line to 'None'
[0.293s] Level 5:colcon.colcon_core.verb:set package 'ti_mmwave_rospkg_msgs' build argument 'cmake_target' from command line to 'None'
[0.293s] Level 5:colcon.colcon_core.verb:set package 'ti_mmwave_rospkg_msgs' build argument 'cmake_target_skip_unavailable' from command line to 'False'
[0.293s] Level 5:colcon.colcon_core.verb:set package 'ti_mmwave_rospkg_msgs' build argument 'cmake_clean_cache' from command line to 'False'
[0.293s] Level 5:colcon.colcon_core.verb:set package 'ti_mmwave_rospkg_msgs' build argument 'cmake_clean_first' from command line to 'False'
[0.293s] Level 5:colcon.colcon_core.verb:set package 'ti_mmwave_rospkg_msgs' build argument 'cmake_force_configure' from command line to 'False'
[0.293s] Level 5:colcon.colcon_core.verb:set package 'ti_mmwave_rospkg_msgs' build argument 'ament_cmake_args' from command line to 'None'
[0.293s] Level 5:colcon.colcon_core.verb:set package 'ti_mmwave_rospkg_msgs' build argument 'catkin_cmake_args' from command line to 'None'
[0.293s] Level 5:colcon.colcon_core.verb:set package 'ti_mmwave_rospkg_msgs' build argument 'catkin_skip_building_tests' from command line to 'False'
[0.293s] DEBUG:colcon.colcon_core.verb:Building package 'ti_mmwave_rospkg_msgs' with the following arguments: {'ament_cmake_args': None, 'build_base': '/home/tirthapc/mmwave_ti_ros/ros2_driver/build/ti_mmwave_rospkg_msgs', 'catkin_cmake_args': None, 'catkin_skip_building_tests': False, 'cmake_args': None, 'cmake_clean_cache': False, 'cmake_clean_first': False, 'cmake_force_configure': False, 'cmake_target': None, 'cmake_target_skip_unavailable': False, 'install_base': '/home/tirthapc/mmwave_ti_ros/ros2_driver/install/ti_mmwave_rospkg_msgs', 'merge_install': False, 'path': '/home/tirthapc/mmwave_ti_ros/ros2_driver/src/ti_mmwave_rospkg_msgs', 'symlink_install': False, 'test_result_base': None}
[0.294s] Level 5:colcon.colcon_core.verb:set package 'ti_mmwave_rospkg' build argument 'cmake_args' from command line to 'None'
[0.294s] Level 5:colcon.colcon_core.verb:set package 'ti_mmwave_rospkg' build argument 'cmake_target' from command line to 'None'
[0.294s] Level 5:colcon.colcon_core.verb:set package 'ti_mmwave_rospkg' build argument 'cmake_target_skip_unavailable' from command line to 'False'
[0.294s] Level 5:colcon.colcon_core.verb:set package 'ti_mmwave_rospkg' build argument 'cmake_clean_cache' from command line to 'False'
[0.294s] Level 5:colcon.colcon_core.verb:set package 'ti_mmwave_rospkg' build argument 'cmake_clean_first' from command line to 'False'
[0.294s] Level 5:colcon.colcon_core.verb:set package 'ti_mmwave_rospkg' build argument 'cmake_force_configure' from command line to 'False'
[0.294s] Level 5:colcon.colcon_core.verb:set package 'ti_mmwave_rospkg' build argument 'ament_cmake_args' from command line to 'None'
[0.294s] Level 5:colcon.colcon_core.verb:set package 'ti_mmwave_rospkg' build argument 'catkin_cmake_args' from command line to 'None'
[0.294s] Level 5:colcon.colcon_core.verb:set package 'ti_mmwave_rospkg' build argument 'catkin_skip_building_tests' from command line to 'False'
[0.294s] DEBUG:colcon.colcon_core.verb:Building package 'ti_mmwave_rospkg' with the following arguments: {'ament_cmake_args': None, 'build_base': '/home/tirthapc/mmwave_ti_ros/ros2_driver/build/ti_mmwave_rospkg', 'catkin_cmake_args': None, 'catkin_skip_building_tests': False, 'cmake_args': None, 'cmake_clean_cache': False, 'cmake_clean_first': False, 'cmake_force_configure': False, 'cmake_target': None, 'cmake_target_skip_unavailable': False, 'install_base': '/home/tirthapc/mmwave_ti_ros/ros2_driver/install/ti_mmwave_rospkg', 'merge_install': False, 'path': '/home/tirthapc/mmwave_ti_ros/ros2_driver/src/ti_mmwave_rospkg', 'symlink_install': False, 'test_result_base': None}
[0.294s] INFO:colcon.colcon_core.executor:Executing jobs using 'parallel' executor
[0.294s] DEBUG:colcon.colcon_parallel_executor.executor.parallel:run_until_complete
[0.294s] INFO:colcon.colcon_ros.task.ament_cmake.build:Building ROS package in '/home/tirthapc/mmwave_ti_ros/ros2_driver/src/serial-ros2-master' with build type 'ament_cmake'
[0.295s] INFO:colcon.colcon_cmake.task.cmake.build:Building CMake package in '/home/tirthapc/mmwave_ti_ros/ros2_driver/src/serial-ros2-master'
[0.297s] INFO:colcon.colcon_core.plugin_system:Skipping extension 'colcon_core.shell.bat': Not used on non-Windows systems
[0.297s] INFO:colcon.colcon_core.shell:Skip shell extension 'powershell' for command environment: Not usable outside of PowerShell
[0.297s] DEBUG:colcon.colcon_core.shell:Skip shell extension 'dsv' for command environment
[0.299s] INFO:colcon.colcon_ros.task.ament_cmake.build:Building ROS package in '/home/tirthapc/mmwave_ti_ros/ros2_driver/src/ti_mmwave_rospkg_msgs' with build type 'ament_cmake'
[0.299s] INFO:colcon.colcon_cmake.task.cmake.build:Building CMake package in '/home/tirthapc/mmwave_ti_ros/ros2_driver/src/ti_mmwave_rospkg_msgs'
[0.299s] INFO:colcon.colcon_core.shell:Skip shell extension 'powershell' for command environment: Not usable outside of PowerShell
[0.299s] DEBUG:colcon.colcon_core.shell:Skip shell extension 'dsv' for command environment
[0.303s] DEBUG:colcon.colcon_core.event_handler.log_command:Invoking command in '/home/tirthapc/mmwave_ti_ros/ros2_driver/build/serial': CMAKE_PREFIX_PATH=${CMAKE_PREFIX_PATH}:/opt/ros/humble /home/tirthapc/.local/bin/cmake /home/tirthapc/mmwave_ti_ros/ros2_driver/src/serial-ros2-master -DCMAKE_INSTALL_PREFIX=/home/tirthapc/mmwave_ti_ros/ros2_driver/install/serial
[0.305s] DEBUG:colcon.colcon_core.event_handler.log_command:Invoking command in '/home/tirthapc/mmwave_ti_ros/ros2_driver/build/ti_mmwave_rospkg_msgs': CMAKE_PREFIX_PATH=${CMAKE_PREFIX_PATH}:/opt/ros/humble /home/tirthapc/.local/bin/cmake /home/tirthapc/mmwave_ti_ros/ros2_driver/src/ti_mmwave_rospkg_msgs -DCMAKE_INSTALL_PREFIX=/home/tirthapc/mmwave_ti_ros/ros2_driver/install/ti_mmwave_rospkg_msgs
[0.855s] DEBUG:colcon.colcon_core.event_handler.log_command:Invoked command in '/home/tirthapc/mmwave_ti_ros/ros2_driver/build/serial' returned '0': CMAKE_PREFIX_PATH=${CMAKE_PREFIX_PATH}:/opt/ros/humble /home/tirthapc/.local/bin/cmake /home/tirthapc/mmwave_ti_ros/ros2_driver/src/serial-ros2-master -DCMAKE_INSTALL_PREFIX=/home/tirthapc/mmwave_ti_ros/ros2_driver/install/serial
[0.855s] DEBUG:colcon.colcon_core.event_handler.log_command:Invoking command in '/home/tirthapc/mmwave_ti_ros/ros2_driver/build/serial': CMAKE_PREFIX_PATH=${CMAKE_PREFIX_PATH}:/opt/ros/humble /home/tirthapc/.local/bin/cmake --build /home/tirthapc/mmwave_ti_ros/ros2_driver/build/serial -- -j16 -l16
[1.278s] DEBUG:colcon.colcon_core.event_handler.log_command:Invoked command in '/home/tirthapc/mmwave_ti_ros/ros2_driver/build/serial' returned '0': CMAKE_PREFIX_PATH=${CMAKE_PREFIX_PATH}:/opt/ros/humble /home/tirthapc/.local/bin/cmake --build /home/tirthapc/mmwave_ti_ros/ros2_driver/build/serial -- -j16 -l16
[1.392s] DEBUG:colcon.colcon_core.event_handler.log_command:Invoking command in '/home/tirthapc/mmwave_ti_ros/ros2_driver/build/serial': CMAKE_PREFIX_PATH=${CMAKE_PREFIX_PATH}:/opt/ros/humble /home/tirthapc/.local/bin/cmake --install /home/tirthapc/mmwave_ti_ros/ros2_driver/build/serial
[1.443s] Level 1:colcon.colcon_core.environment:create_environment_scripts_only(serial)
[1.443s] DEBUG:colcon.colcon_core.event_handler.log_command:Invoked command in '/home/tirthapc/mmwave_ti_ros/ros2_driver/build/serial' returned '0': CMAKE_PREFIX_PATH=${CMAKE_PREFIX_PATH}:/opt/ros/humble /home/tirthapc/.local/bin/cmake --install /home/tirthapc/mmwave_ti_ros/ros2_driver/build/serial
[1.446s] Level 1:colcon.colcon_core.environment:checking '/home/tirthapc/mmwave_ti_ros/ros2_driver/install/serial' for CMake module files
[1.447s] Level 1:colcon.colcon_core.environment:checking '/home/tirthapc/mmwave_ti_ros/ros2_driver/install/serial' for CMake config files
[1.447s] Level 1:colcon.colcon_core.shell:create_environment_hook('serial', 'cmake_prefix_path')
[1.447s] INFO:colcon.colcon_core.shell:Creating environment hook '/home/tirthapc/mmwave_ti_ros/ros2_driver/install/serial/share/serial/hook/cmake_prefix_path.ps1'
[1.447s] INFO:colcon.colcon_core.shell:Creating environment descriptor '/home/tirthapc/mmwave_ti_ros/ros2_driver/install/serial/share/serial/hook/cmake_prefix_path.dsv'
[1.448s] INFO:colcon.colcon_core.shell:Creating environment hook '/home/tirthapc/mmwave_ti_ros/ros2_driver/install/serial/share/serial/hook/cmake_prefix_path.sh'
[1.448s] Level 1:colcon.colcon_core.environment:checking '/home/tirthapc/mmwave_ti_ros/ros2_driver/install/serial/lib'
[1.448s] Level 1:colcon.colcon_core.shell:create_environment_hook('serial', 'ld_library_path_lib')
[1.449s] INFO:colcon.colcon_core.shell:Creating environment hook '/home/tirthapc/mmwave_ti_ros/ros2_driver/install/serial/share/serial/hook/ld_library_path_lib.ps1'
[1.449s] INFO:colcon.colcon_core.shell:Creating environment descriptor '/home/tirthapc/mmwave_ti_ros/ros2_driver/install/serial/share/serial/hook/ld_library_path_lib.dsv'
[1.449s] INFO:colcon.colcon_core.shell:Creating environment hook '/home/tirthapc/mmwave_ti_ros/ros2_driver/install/serial/share/serial/hook/ld_library_path_lib.sh'
[1.449s] Level 1:colcon.colcon_core.environment:checking '/home/tirthapc/mmwave_ti_ros/ros2_driver/install/serial/bin'
[1.449s] Level 1:colcon.colcon_core.environment:checking '/home/tirthapc/mmwave_ti_ros/ros2_driver/install/serial/lib/pkgconfig/serial.pc'
[1.449s] Level 1:colcon.colcon_core.environment:checking '/home/tirthapc/mmwave_ti_ros/ros2_driver/install/serial/lib/python3.10/site-packages'
[1.449s] Level 1:colcon.colcon_core.environment:checking '/home/tirthapc/mmwave_ti_ros/ros2_driver/install/serial/bin'
[1.449s] INFO:colcon.colcon_core.shell:Creating package script '/home/tirthapc/mmwave_ti_ros/ros2_driver/install/serial/share/serial/package.ps1'
[1.450s] INFO:colcon.colcon_core.shell:Creating package descriptor '/home/tirthapc/mmwave_ti_ros/ros2_driver/install/serial/share/serial/package.dsv'
[1.450s] INFO:colcon.colcon_core.shell:Creating package script '/home/tirthapc/mmwave_ti_ros/ros2_driver/install/serial/share/serial/package.sh'
[1.451s] INFO:colcon.colcon_core.shell:Creating package script '/home/tirthapc/mmwave_ti_ros/ros2_driver/install/serial/share/serial/package.bash'
[1.451s] INFO:colcon.colcon_core.shell:Creating package script '/home/tirthapc/mmwave_ti_ros/ros2_driver/install/serial/share/serial/package.zsh'
[1.452s] Level 1:colcon.colcon_core.environment:create_file_with_runtime_dependencies(/home/tirthapc/mmwave_ti_ros/ros2_driver/install/serial/share/colcon-core/packages/serial)
[1.514s] Level 1:colcon.colcon_core.environment:create_environment_scripts_only(serial)
[1.514s] Level 1:colcon.colcon_core.environment:checking '/home/tirthapc/mmwave_ti_ros/ros2_driver/install/serial' for CMake module files
[1.514s] Level 1:colcon.colcon_core.environment:checking '/home/tirthapc/mmwave_ti_ros/ros2_driver/install/serial' for CMake config files
[1.514s] Level 1:colcon.colcon_core.shell:create_environment_hook('serial', 'cmake_prefix_path')
[1.514s] INFO:colcon.colcon_core.shell:Creating environment hook '/home/tirthapc/mmwave_ti_ros/ros2_driver/install/serial/share/serial/hook/cmake_prefix_path.ps1'
[1.515s] INFO:colcon.colcon_core.shell:Creating environment descriptor '/home/tirthapc/mmwave_ti_ros/ros2_driver/install/serial/share/serial/hook/cmake_prefix_path.dsv'
[1.515s] INFO:colcon.colcon_core.shell:Creating environment hook '/home/tirthapc/mmwave_ti_ros/ros2_driver/install/serial/share/serial/hook/cmake_prefix_path.sh'
[1.515s] Level 1:colcon.colcon_core.environment:checking '/home/tirthapc/mmwave_ti_ros/ros2_driver/install/serial/lib'
[1.515s] Level 1:colcon.colcon_core.shell:create_environment_hook('serial', 'ld_library_path_lib')
[1.515s] INFO:colcon.colcon_core.shell:Creating environment hook '/home/tirthapc/mmwave_ti_ros/ros2_driver/install/serial/share/serial/hook/ld_library_path_lib.ps1'
[1.515s] INFO:colcon.colcon_core.shell:Creating environment descriptor '/home/tirthapc/mmwave_ti_ros/ros2_driver/install/serial/share/serial/hook/ld_library_path_lib.dsv'
[1.515s] INFO:colcon.colcon_core.shell:Creating environment hook '/home/tirthapc/mmwave_ti_ros/ros2_driver/install/serial/share/serial/hook/ld_library_path_lib.sh'
[1.516s] Level 1:colcon.colcon_core.environment:checking '/home/tirthapc/mmwave_ti_ros/ros2_driver/install/serial/bin'
[1.516s] Level 1:colcon.colcon_core.environment:checking '/home/tirthapc/mmwave_ti_ros/ros2_driver/install/serial/lib/pkgconfig/serial.pc'
[1.516s] Level 1:colcon.colcon_core.environment:checking '/home/tirthapc/mmwave_ti_ros/ros2_driver/install/serial/lib/python3.10/site-packages'
[1.516s] Level 1:colcon.colcon_core.environment:checking '/home/tirthapc/mmwave_ti_ros/ros2_driver/install/serial/bin'
[1.516s] INFO:colcon.colcon_core.shell:Creating package script '/home/tirthapc/mmwave_ti_ros/ros2_driver/install/serial/share/serial/package.ps1'
[1.516s] INFO:colcon.colcon_core.shell:Creating package descriptor '/home/tirthapc/mmwave_ti_ros/ros2_driver/install/serial/share/serial/package.dsv'
[1.517s] INFO:colcon.colcon_core.shell:Creating package script '/home/tirthapc/mmwave_ti_ros/ros2_driver/install/serial/share/serial/package.sh'
[1.517s] INFO:colcon.colcon_core.shell:Creating package script '/home/tirthapc/mmwave_ti_ros/ros2_driver/install/serial/share/serial/package.bash'
[1.517s] INFO:colcon.colcon_core.shell:Creating package script '/home/tirthapc/mmwave_ti_ros/ros2_driver/install/serial/share/serial/package.zsh'
[1.517s] Level 1:colcon.colcon_core.environment:create_file_with_runtime_dependencies(/home/tirthapc/mmwave_ti_ros/ros2_driver/install/serial/share/colcon-core/packages/serial)
[2.222s] DEBUG:colcon.colcon_core.event_handler.log_command:Invoked command in '/home/tirthapc/mmwave_ti_ros/ros2_driver/build/ti_mmwave_rospkg_msgs' returned '0': CMAKE_PREFIX_PATH=${CMAKE_PREFIX_PATH}:/opt/ros/humble /home/tirthapc/.local/bin/cmake /home/tirthapc/mmwave_ti_ros/ros2_driver/src/ti_mmwave_rospkg_msgs -DCMAKE_INSTALL_PREFIX=/home/tirthapc/mmwave_ti_ros/ros2_driver/install/ti_mmwave_rospkg_msgs
[2.223s] DEBUG:colcon.colcon_core.event_handler.log_command:Invoking command in '/home/tirthapc/mmwave_ti_ros/ros2_driver/build/ti_mmwave_rospkg_msgs': CMAKE_PREFIX_PATH=${CMAKE_PREFIX_PATH}:/opt/ros/humble /home/tirthapc/.local/bin/cmake --build /home/tirthapc/mmwave_ti_ros/ros2_driver/build/ti_mmwave_rospkg_msgs -- -j16 -l16
[4.313s] DEBUG:colcon.colcon_core.event_handler.log_command:Invoked command in '/home/tirthapc/mmwave_ti_ros/ros2_driver/build/ti_mmwave_rospkg_msgs' returned '0': CMAKE_PREFIX_PATH=${CMAKE_PREFIX_PATH}:/opt/ros/humble /home/tirthapc/.local/bin/cmake --build /home/tirthapc/mmwave_ti_ros/ros2_driver/build/ti_mmwave_rospkg_msgs -- -j16 -l16
[4.451s] DEBUG:colcon.colcon_core.event_handler.log_command:Invoking command in '/home/tirthapc/mmwave_ti_ros/ros2_driver/build/ti_mmwave_rospkg_msgs': CMAKE_PREFIX_PATH=${CMAKE_PREFIX_PATH}:/opt/ros/humble /home/tirthapc/.local/bin/cmake --install /home/tirthapc/mmwave_ti_ros/ros2_driver/build/ti_mmwave_rospkg_msgs
[4.539s] Level 1:colcon.colcon_core.environment:create_environment_scripts_only(ti_mmwave_rospkg_msgs)
[4.539s] Level 1:colcon.colcon_core.environment:checking '/home/tirthapc/mmwave_ti_ros/ros2_driver/install/ti_mmwave_rospkg_msgs' for CMake module files
[4.540s] DEBUG:colcon.colcon_core.event_handler.log_command:Invoked command in '/home/tirthapc/mmwave_ti_ros/ros2_driver/build/ti_mmwave_rospkg_msgs' returned '0': CMAKE_PREFIX_PATH=${CMAKE_PREFIX_PATH}:/opt/ros/humble /home/tirthapc/.local/bin/cmake --install /home/tirthapc/mmwave_ti_ros/ros2_driver/build/ti_mmwave_rospkg_msgs
[4.540s] Level 1:colcon.colcon_core.environment:checking '/home/tirthapc/mmwave_ti_ros/ros2_driver/install/ti_mmwave_rospkg_msgs' for CMake config files
[4.540s] Level 1:colcon.colcon_core.shell:create_environment_hook('ti_mmwave_rospkg_msgs', 'cmake_prefix_path')
[4.540s] INFO:colcon.colcon_core.shell:Creating environment hook '/home/tirthapc/mmwave_ti_ros/ros2_driver/install/ti_mmwave_rospkg_msgs/share/ti_mmwave_rospkg_msgs/hook/cmake_prefix_path.ps1'
[4.541s] INFO:colcon.colcon_core.shell:Creating environment descriptor '/home/tirthapc/mmwave_ti_ros/ros2_driver/install/ti_mmwave_rospkg_msgs/share/ti_mmwave_rospkg_msgs/hook/cmake_prefix_path.dsv'
[4.541s] INFO:colcon.colcon_core.shell:Creating environment hook '/home/tirthapc/mmwave_ti_ros/ros2_driver/install/ti_mmwave_rospkg_msgs/share/ti_mmwave_rospkg_msgs/hook/cmake_prefix_path.sh'
[4.541s] Level 1:colcon.colcon_core.environment:checking '/home/tirthapc/mmwave_ti_ros/ros2_driver/install/ti_mmwave_rospkg_msgs/lib'
[4.541s] Level 1:colcon.colcon_core.shell:create_environment_hook('ti_mmwave_rospkg_msgs', 'ld_library_path_lib')
[4.541s] INFO:colcon.colcon_core.shell:Creating environment hook '/home/tirthapc/mmwave_ti_ros/ros2_driver/install/ti_mmwave_rospkg_msgs/share/ti_mmwave_rospkg_msgs/hook/ld_library_path_lib.ps1'
[4.541s] INFO:colcon.colcon_core.shell:Creating environment descriptor '/home/tirthapc/mmwave_ti_ros/ros2_driver/install/ti_mmwave_rospkg_msgs/share/ti_mmwave_rospkg_msgs/hook/ld_library_path_lib.dsv'
[4.541s] INFO:colcon.colcon_core.shell:Creating environment hook '/home/tirthapc/mmwave_ti_ros/ros2_driver/install/ti_mmwave_rospkg_msgs/share/ti_mmwave_rospkg_msgs/hook/ld_library_path_lib.sh'
[4.542s] Level 1:colcon.colcon_core.environment:checking '/home/tirthapc/mmwave_ti_ros/ros2_driver/install/ti_mmwave_rospkg_msgs/bin'
[4.542s] Level 1:colcon.colcon_core.environment:checking '/home/tirthapc/mmwave_ti_ros/ros2_driver/install/ti_mmwave_rospkg_msgs/lib/pkgconfig/ti_mmwave_rospkg_msgs.pc'
[4.542s] Level 1:colcon.colcon_core.environment:checking '/home/tirthapc/mmwave_ti_ros/ros2_driver/install/ti_mmwave_rospkg_msgs/lib/python3.10/site-packages'
[4.542s] Level 1:colcon.colcon_core.environment:checking '/home/tirthapc/mmwave_ti_ros/ros2_driver/install/ti_mmwave_rospkg_msgs/bin'
[4.542s] INFO:colcon.colcon_core.shell:Creating package script '/home/tirthapc/mmwave_ti_ros/ros2_driver/install/ti_mmwave_rospkg_msgs/share/ti_mmwave_rospkg_msgs/package.ps1'
[4.543s] INFO:colcon.colcon_core.shell:Creating package descriptor '/home/tirthapc/mmwave_ti_ros/ros2_driver/install/ti_mmwave_rospkg_msgs/share/ti_mmwave_rospkg_msgs/package.dsv'
[4.543s] INFO:colcon.colcon_core.shell:Creating package script '/home/tirthapc/mmwave_ti_ros/ros2_driver/install/ti_mmwave_rospkg_msgs/share/ti_mmwave_rospkg_msgs/package.sh'
[4.543s] INFO:colcon.colcon_core.shell:Creating package script '/home/tirthapc/mmwave_ti_ros/ros2_driver/install/ti_mmwave_rospkg_msgs/share/ti_mmwave_rospkg_msgs/package.bash'
[4.543s] INFO:colcon.colcon_core.shell:Creating package script '/home/tirthapc/mmwave_ti_ros/ros2_driver/install/ti_mmwave_rospkg_msgs/share/ti_mmwave_rospkg_msgs/package.zsh'
[4.543s] Level 1:colcon.colcon_core.environment:create_file_with_runtime_dependencies(/home/tirthapc/mmwave_ti_ros/ros2_driver/install/ti_mmwave_rospkg_msgs/share/colcon-core/packages/ti_mmwave_rospkg_msgs)
[4.681s] Level 1:colcon.colcon_core.environment:create_environment_scripts_only(ti_mmwave_rospkg_msgs)
[4.681s] Level 1:colcon.colcon_core.environment:checking '/home/tirthapc/mmwave_ti_ros/ros2_driver/install/ti_mmwave_rospkg_msgs' for CMake module files
[4.682s] Level 1:colcon.colcon_core.environment:checking '/home/tirthapc/mmwave_ti_ros/ros2_driver/install/ti_mmwave_rospkg_msgs' for CMake config files
[4.682s] Level 1:colcon.colcon_core.shell:create_environment_hook('ti_mmwave_rospkg_msgs', 'cmake_prefix_path')
[4.682s] INFO:colcon.colcon_core.shell:Creating environment hook '/home/tirthapc/mmwave_ti_ros/ros2_driver/install/ti_mmwave_rospkg_msgs/share/ti_mmwave_rospkg_msgs/hook/cmake_prefix_path.ps1'
[4.682s] INFO:colcon.colcon_core.shell:Creating environment descriptor '/home/tirthapc/mmwave_ti_ros/ros2_driver/install/ti_mmwave_rospkg_msgs/share/ti_mmwave_rospkg_msgs/hook/cmake_prefix_path.dsv'
[4.682s] INFO:colcon.colcon_core.shell:Creating environment hook '/home/tirthapc/mmwave_ti_ros/ros2_driver/install/ti_mmwave_rospkg_msgs/share/ti_mmwave_rospkg_msgs/hook/cmake_prefix_path.sh'
[4.683s] Level 1:colcon.colcon_core.environment:checking '/home/tirthapc/mmwave_ti_ros/ros2_driver/install/ti_mmwave_rospkg_msgs/lib'
[4.683s] Level 1:colcon.colcon_core.shell:create_environment_hook('ti_mmwave_rospkg_msgs', 'ld_library_path_lib')
[4.683s] INFO:colcon.colcon_core.shell:Creating environment hook '/home/tirthapc/mmwave_ti_ros/ros2_driver/install/ti_mmwave_rospkg_msgs/share/ti_mmwave_rospkg_msgs/hook/ld_library_path_lib.ps1'
[4.683s] INFO:colcon.colcon_core.shell:Creating environment descriptor '/home/tirthapc/mmwave_ti_ros/ros2_driver/install/ti_mmwave_rospkg_msgs/share/ti_mmwave_rospkg_msgs/hook/ld_library_path_lib.dsv'
[4.683s] INFO:colcon.colcon_core.shell:Creating environment hook '/home/tirthapc/mmwave_ti_ros/ros2_driver/install/ti_mmwave_rospkg_msgs/share/ti_mmwave_rospkg_msgs/hook/ld_library_path_lib.sh'
[4.683s] Level 1:colcon.colcon_core.environment:checking '/home/tirthapc/mmwave_ti_ros/ros2_driver/install/ti_mmwave_rospkg_msgs/bin'
[4.683s] Level 1:colcon.colcon_core.environment:checking '/home/tirthapc/mmwave_ti_ros/ros2_driver/install/ti_mmwave_rospkg_msgs/lib/pkgconfig/ti_mmwave_rospkg_msgs.pc'
[4.684s] Level 1:colcon.colcon_core.environment:checking '/home/tirthapc/mmwave_ti_ros/ros2_driver/install/ti_mmwave_rospkg_msgs/lib/python3.10/site-packages'
[4.684s] Level 1:colcon.colcon_core.environment:checking '/home/tirthapc/mmwave_ti_ros/ros2_driver/install/ti_mmwave_rospkg_msgs/bin'
[4.684s] INFO:colcon.colcon_core.shell:Creating package script '/home/tirthapc/mmwave_ti_ros/ros2_driver/install/ti_mmwave_rospkg_msgs/share/ti_mmwave_rospkg_msgs/package.ps1'
[4.684s] INFO:colcon.colcon_core.shell:Creating package descriptor '/home/tirthapc/mmwave_ti_ros/ros2_driver/install/ti_mmwave_rospkg_msgs/share/ti_mmwave_rospkg_msgs/package.dsv'
[4.684s] INFO:colcon.colcon_core.shell:Creating package script '/home/tirthapc/mmwave_ti_ros/ros2_driver/install/ti_mmwave_rospkg_msgs/share/ti_mmwave_rospkg_msgs/package.sh'
[4.685s] INFO:colcon.colcon_core.shell:Creating package script '/home/tirthapc/mmwave_ti_ros/ros2_driver/install/ti_mmwave_rospkg_msgs/share/ti_mmwave_rospkg_msgs/package.bash'
[4.685s] INFO:colcon.colcon_core.shell:Creating package script '/home/tirthapc/mmwave_ti_ros/ros2_driver/install/ti_mmwave_rospkg_msgs/share/ti_mmwave_rospkg_msgs/package.zsh'
[4.685s] Level 1:colcon.colcon_core.environment:create_file_with_runtime_dependencies(/home/tirthapc/mmwave_ti_ros/ros2_driver/install/ti_mmwave_rospkg_msgs/share/colcon-core/packages/ti_mmwave_rospkg_msgs)
[4.685s] INFO:colcon.colcon_ros.task.ament_cmake.build:Building ROS package in '/home/tirthapc/mmwave_ti_ros/ros2_driver/src/ti_mmwave_rospkg' with build type 'ament_cmake'
[4.685s] INFO:colcon.colcon_cmake.task.cmake.build:Building CMake package in '/home/tirthapc/mmwave_ti_ros/ros2_driver/src/ti_mmwave_rospkg'
[4.685s] INFO:colcon.colcon_core.shell:Skip shell extension 'powershell' for command environment: Not usable outside of PowerShell
[4.685s] DEBUG:colcon.colcon_core.shell:Skip shell extension 'dsv' for command environment
[4.692s] DEBUG:colcon.colcon_core.event_handler.log_command:Invoking command in '/home/tirthapc/mmwave_ti_ros/ros2_driver/build/ti_mmwave_rospkg': CMAKE_PREFIX_PATH=/home/tirthapc/mmwave_ti_ros/ros2_driver/install/ti_mmwave_rospkg_msgs:/home/tirthapc/mmwave_ti_ros/ros2_driver/install/serial:/home/tirthapc/mmwave_ti_ros/ros2_driver/install/ti_mmwave_rospkg:/opt/ros/humble LD_LIBRARY_PATH=/home/tirthapc/mmwave_ti_ros/ros2_driver/install/ti_mmwave_rospkg_msgs/lib:/home/tirthapc/mmwave_ti_ros/ros2_driver/install/serial/lib:/home/tirthapc/mmwave_ti_ros/ros2_driver/install/ti_mmwave_rospkg/lib:/opt/ros/humble/opt/rviz_ogre_vendor/lib:/opt/ros/humble/lib/x86_64-linux-gnu:/opt/ros/humble/lib /home/tirthapc/.local/bin/cmake /home/tirthapc/mmwave_ti_ros/ros2_driver/src/ti_mmwave_rospkg -DCMAKE_INSTALL_PREFIX=/home/tirthapc/mmwave_ti_ros/ros2_driver/install/ti_mmwave_rospkg
[7.069s] DEBUG:colcon.colcon_core.event_handler.log_command:Invoked command in '/home/tirthapc/mmwave_ti_ros/ros2_driver/build/ti_mmwave_rospkg' returned '0': CMAKE_PREFIX_PATH=/home/tirthapc/mmwave_ti_ros/ros2_driver/install/ti_mmwave_rospkg_msgs:/home/tirthapc/mmwave_ti_ros/ros2_driver/install/serial:/home/tirthapc/mmwave_ti_ros/ros2_driver/install/ti_mmwave_rospkg:/opt/ros/humble LD_LIBRARY_PATH=/home/tirthapc/mmwave_ti_ros/ros2_driver/install/ti_mmwave_rospkg_msgs/lib:/home/tirthapc/mmwave_ti_ros/ros2_driver/install/serial/lib:/home/tirthapc/mmwave_ti_ros/ros2_driver/install/ti_mmwave_rospkg/lib:/opt/ros/humble/opt/rviz_ogre_vendor/lib:/opt/ros/humble/lib/x86_64-linux-gnu:/opt/ros/humble/lib /home/tirthapc/.local/bin/cmake /home/tirthapc/mmwave_ti_ros/ros2_driver/src/ti_mmwave_rospkg -DCMAKE_INSTALL_PREFIX=/home/tirthapc/mmwave_ti_ros/ros2_driver/install/ti_mmwave_rospkg
[7.070s] DEBUG:colcon.colcon_core.event_handler.log_command:Invoking command in '/home/tirthapc/mmwave_ti_ros/ros2_driver/build/ti_mmwave_rospkg': CMAKE_PREFIX_PATH=/home/tirthapc/mmwave_ti_ros/ros2_driver/install/ti_mmwave_rospkg_msgs:/home/tirthapc/mmwave_ti_ros/ros2_driver/install/serial:/home/tirthapc/mmwave_ti_ros/ros2_driver/install/ti_mmwave_rospkg:/opt/ros/humble LD_LIBRARY_PATH=/home/tirthapc/mmwave_ti_ros/ros2_driver/install/ti_mmwave_rospkg_msgs/lib:/home/tirthapc/mmwave_ti_ros/ros2_driver/install/serial/lib:/home/tirthapc/mmwave_ti_ros/ros2_driver/install/ti_mmwave_rospkg/lib:/opt/ros/humble/opt/rviz_ogre_vendor/lib:/opt/ros/humble/lib/x86_64-linux-gnu:/opt/ros/humble/lib /home/tirthapc/.local/bin/cmake --build /home/tirthapc/mmwave_ti_ros/ros2_driver/build/ti_mmwave_rospkg -- -j16 -l16
[18.016s] DEBUG:colcon.colcon_core.event_handler.log_command:Invoked command in '/home/tirthapc/mmwave_ti_ros/ros2_driver/build/ti_mmwave_rospkg' returned '0': CMAKE_PREFIX_PATH=/home/tirthapc/mmwave_ti_ros/ros2_driver/install/ti_mmwave_rospkg_msgs:/home/tirthapc/mmwave_ti_ros/ros2_driver/install/serial:/home/tirthapc/mmwave_ti_ros/ros2_driver/install/ti_mmwave_rospkg:/opt/ros/humble LD_LIBRARY_PATH=/home/tirthapc/mmwave_ti_ros/ros2_driver/install/ti_mmwave_rospkg_msgs/lib:/home/tirthapc/mmwave_ti_ros/ros2_driver/install/serial/lib:/home/tirthapc/mmwave_ti_ros/ros2_driver/install/ti_mmwave_rospkg/lib:/opt/ros/humble/opt/rviz_ogre_vendor/lib:/opt/ros/humble/lib/x86_64-linux-gnu:/opt/ros/humble/lib /home/tirthapc/.local/bin/cmake --build /home/tirthapc/mmwave_ti_ros/ros2_driver/build/ti_mmwave_rospkg -- -j16 -l16
[18.085s] DEBUG:colcon.colcon_core.event_handler.log_command:Invoking command in '/home/tirthapc/mmwave_ti_ros/ros2_driver/build/ti_mmwave_rospkg': CMAKE_PREFIX_PATH=/home/tirthapc/mmwave_ti_ros/ros2_driver/install/ti_mmwave_rospkg_msgs:/home/tirthapc/mmwave_ti_ros/ros2_driver/install/serial:/home/tirthapc/mmwave_ti_ros/ros2_driver/install/ti_mmwave_rospkg:/opt/ros/humble LD_LIBRARY_PATH=/home/tirthapc/mmwave_ti_ros/ros2_driver/install/ti_mmwave_rospkg_msgs/lib:/home/tirthapc/mmwave_ti_ros/ros2_driver/install/serial/lib:/home/tirthapc/mmwave_ti_ros/ros2_driver/install/ti_mmwave_rospkg/lib:/opt/ros/humble/opt/rviz_ogre_vendor/lib:/opt/ros/humble/lib/x86_64-linux-gnu:/opt/ros/humble/lib /home/tirthapc/.local/bin/cmake --install /home/tirthapc/mmwave_ti_ros/ros2_driver/build/ti_mmwave_rospkg
[18.142s] Level 1:colcon.colcon_core.environment:create_environment_scripts_only(ti_mmwave_rospkg)
[18.142s] Level 1:colcon.colcon_core.environment:checking '/home/tirthapc/mmwave_ti_ros/ros2_driver/install/ti_mmwave_rospkg' for CMake module files
[18.143s] DEBUG:colcon.colcon_core.event_handler.log_command:Invoked command in '/home/tirthapc/mmwave_ti_ros/ros2_driver/build/ti_mmwave_rospkg' returned '0': CMAKE_PREFIX_PATH=/home/tirthapc/mmwave_ti_ros/ros2_driver/install/ti_mmwave_rospkg_msgs:/home/tirthapc/mmwave_ti_ros/ros2_driver/install/serial:/home/tirthapc/mmwave_ti_ros/ros2_driver/install/ti_mmwave_rospkg:/opt/ros/humble LD_LIBRARY_PATH=/home/tirthapc/mmwave_ti_ros/ros2_driver/install/ti_mmwave_rospkg_msgs/lib:/home/tirthapc/mmwave_ti_ros/ros2_driver/install/serial/lib:/home/tirthapc/mmwave_ti_ros/ros2_driver/install/ti_mmwave_rospkg/lib:/opt/ros/humble/opt/rviz_ogre_vendor/lib:/opt/ros/humble/lib/x86_64-linux-gnu:/opt/ros/humble/lib /home/tirthapc/.local/bin/cmake --install /home/tirthapc/mmwave_ti_ros/ros2_driver/build/ti_mmwave_rospkg
[18.143s] Level 1:colcon.colcon_core.environment:checking '/home/tirthapc/mmwave_ti_ros/ros2_driver/install/ti_mmwave_rospkg' for CMake config files
[18.143s] Level 1:colcon.colcon_core.shell:create_environment_hook('ti_mmwave_rospkg', 'cmake_prefix_path')
[18.143s] INFO:colcon.colcon_core.shell:Creating environment hook '/home/tirthapc/mmwave_ti_ros/ros2_driver/install/ti_mmwave_rospkg/share/ti_mmwave_rospkg/hook/cmake_prefix_path.ps1'
[18.143s] INFO:colcon.colcon_core.shell:Creating environment descriptor '/home/tirthapc/mmwave_ti_ros/ros2_driver/install/ti_mmwave_rospkg/share/ti_mmwave_rospkg/hook/cmake_prefix_path.dsv'
[18.144s] INFO:colcon.colcon_core.shell:Creating environment hook '/home/tirthapc/mmwave_ti_ros/ros2_driver/install/ti_mmwave_rospkg/share/ti_mmwave_rospkg/hook/cmake_prefix_path.sh'
[18.144s] Level 1:colcon.colcon_core.environment:checking '/home/tirthapc/mmwave_ti_ros/ros2_driver/install/ti_mmwave_rospkg/lib'
[18.144s] Level 1:colcon.colcon_core.shell:create_environment_hook('ti_mmwave_rospkg', 'ld_library_path_lib')
[18.144s] INFO:colcon.colcon_core.shell:Creating environment hook '/home/tirthapc/mmwave_ti_ros/ros2_driver/install/ti_mmwave_rospkg/share/ti_mmwave_rospkg/hook/ld_library_path_lib.ps1'
[18.144s] INFO:colcon.colcon_core.shell:Creating environment descriptor '/home/tirthapc/mmwave_ti_ros/ros2_driver/install/ti_mmwave_rospkg/share/ti_mmwave_rospkg/hook/ld_library_path_lib.dsv'
[18.144s] INFO:colcon.colcon_core.shell:Creating environment hook '/home/tirthapc/mmwave_ti_ros/ros2_driver/install/ti_mmwave_rospkg/share/ti_mmwave_rospkg/hook/ld_library_path_lib.sh'
[18.144s] Level 1:colcon.colcon_core.environment:checking '/home/tirthapc/mmwave_ti_ros/ros2_driver/install/ti_mmwave_rospkg/bin'
[18.145s] Level 1:colcon.colcon_core.environment:checking '/home/tirthapc/mmwave_ti_ros/ros2_driver/install/ti_mmwave_rospkg/lib/pkgconfig/ti_mmwave_rospkg.pc'
[18.145s] Level 1:colcon.colcon_core.environment:checking '/home/tirthapc/mmwave_ti_ros/ros2_driver/install/ti_mmwave_rospkg/lib/python3.10/site-packages'
[18.145s] Level 1:colcon.colcon_core.environment:checking '/home/tirthapc/mmwave_ti_ros/ros2_driver/install/ti_mmwave_rospkg/bin'
[18.145s] INFO:colcon.colcon_core.shell:Creating package script '/home/tirthapc/mmwave_ti_ros/ros2_driver/install/ti_mmwave_rospkg/share/ti_mmwave_rospkg/package.ps1'
[18.145s] INFO:colcon.colcon_core.shell:Creating package descriptor '/home/tirthapc/mmwave_ti_ros/ros2_driver/install/ti_mmwave_rospkg/share/ti_mmwave_rospkg/package.dsv'
[18.145s] INFO:colcon.colcon_core.shell:Creating package script '/home/tirthapc/mmwave_ti_ros/ros2_driver/install/ti_mmwave_rospkg/share/ti_mmwave_rospkg/package.sh'
[18.146s] INFO:colcon.colcon_core.shell:Creating package script '/home/tirthapc/mmwave_ti_ros/ros2_driver/install/ti_mmwave_rospkg/share/ti_mmwave_rospkg/package.bash'
[18.146s] INFO:colcon.colcon_core.shell:Creating package script '/home/tirthapc/mmwave_ti_ros/ros2_driver/install/ti_mmwave_rospkg/share/ti_mmwave_rospkg/package.zsh'
[18.146s] Level 1:colcon.colcon_core.environment:create_file_with_runtime_dependencies(/home/tirthapc/mmwave_ti_ros/ros2_driver/install/ti_mmwave_rospkg/share/colcon-core/packages/ti_mmwave_rospkg)
[18.216s] Level 1:colcon.colcon_core.environment:create_environment_scripts_only(ti_mmwave_rospkg)
[18.216s] Level 1:colcon.colcon_core.environment:checking '/home/tirthapc/mmwave_ti_ros/ros2_driver/install/ti_mmwave_rospkg' for CMake module files
[18.217s] Level 1:colcon.colcon_core.environment:checking '/home/tirthapc/mmwave_ti_ros/ros2_driver/install/ti_mmwave_rospkg' for CMake config files
[18.217s] Level 1:colcon.colcon_core.shell:create_environment_hook('ti_mmwave_rospkg', 'cmake_prefix_path')
[18.217s] INFO:colcon.colcon_core.shell:Creating environment hook '/home/tirthapc/mmwave_ti_ros/ros2_driver/install/ti_mmwave_rospkg/share/ti_mmwave_rospkg/hook/cmake_prefix_path.ps1'
[18.217s] INFO:colcon.colcon_core.shell:Creating environment descriptor '/home/tirthapc/mmwave_ti_ros/ros2_driver/install/ti_mmwave_rospkg/share/ti_mmwave_rospkg/hook/cmake_prefix_path.dsv'
[18.217s] INFO:colcon.colcon_core.shell:Creating environment hook '/home/tirthapc/mmwave_ti_ros/ros2_driver/install/ti_mmwave_rospkg/share/ti_mmwave_rospkg/hook/cmake_prefix_path.sh'
[18.218s] Level 1:colcon.colcon_core.environment:checking '/home/tirthapc/mmwave_ti_ros/ros2_driver/install/ti_mmwave_rospkg/lib'
[18.218s] Level 1:colcon.colcon_core.shell:create_environment_hook('ti_mmwave_rospkg', 'ld_library_path_lib')
[18.218s] INFO:colcon.colcon_core.shell:Creating environment hook '/home/tirthapc/mmwave_ti_ros/ros2_driver/install/ti_mmwave_rospkg/share/ti_mmwave_rospkg/hook/ld_library_path_lib.ps1'
[18.218s] INFO:colcon.colcon_core.shell:Creating environment descriptor '/home/tirthapc/mmwave_ti_ros/ros2_driver/install/ti_mmwave_rospkg/share/ti_mmwave_rospkg/hook/ld_library_path_lib.dsv'
[18.218s] INFO:colcon.colcon_core.shell:Creating environment hook '/home/tirthapc/mmwave_ti_ros/ros2_driver/install/ti_mmwave_rospkg/share/ti_mmwave_rospkg/hook/ld_library_path_lib.sh'
[18.218s] Level 1:colcon.colcon_core.environment:checking '/home/tirthapc/mmwave_ti_ros/ros2_driver/install/ti_mmwave_rospkg/bin'
[18.218s] Level 1:colcon.colcon_core.environment:checking '/home/tirthapc/mmwave_ti_ros/ros2_driver/install/ti_mmwave_rospkg/lib/pkgconfig/ti_mmwave_rospkg.pc'
[18.218s] Level 1:colcon.colcon_core.environment:checking '/home/tirthapc/mmwave_ti_ros/ros2_driver/install/ti_mmwave_rospkg/lib/python3.10/site-packages'
[18.219s] Level 1:colcon.colcon_core.environment:checking '/home/tirthapc/mmwave_ti_ros/ros2_driver/install/ti_mmwave_rospkg/bin'
[18.219s] INFO:colcon.colcon_core.shell:Creating package script '/home/tirthapc/mmwave_ti_ros/ros2_driver/install/ti_mmwave_rospkg/share/ti_mmwave_rospkg/package.ps1'
[18.219s] INFO:colcon.colcon_core.shell:Creating package descriptor '/home/tirthapc/mmwave_ti_ros/ros2_driver/install/ti_mmwave_rospkg/share/ti_mmwave_rospkg/package.dsv'
[18.219s] INFO:colcon.colcon_core.shell:Creating package script '/home/tirthapc/mmwave_ti_ros/ros2_driver/install/ti_mmwave_rospkg/share/ti_mmwave_rospkg/package.sh'
[18.219s] INFO:colcon.colcon_core.shell:Creating package script '/home/tirthapc/mmwave_ti_ros/ros2_driver/install/ti_mmwave_rospkg/share/ti_mmwave_rospkg/package.bash'
[18.220s] INFO:colcon.colcon_core.shell:Creating package script '/home/tirthapc/mmwave_ti_ros/ros2_driver/install/ti_mmwave_rospkg/share/ti_mmwave_rospkg/package.zsh'
[18.220s] Level 1:colcon.colcon_core.environment:create_file_with_runtime_dependencies(/home/tirthapc/mmwave_ti_ros/ros2_driver/install/ti_mmwave_rospkg/share/colcon-core/packages/ti_mmwave_rospkg)
[18.220s] DEBUG:colcon.colcon_parallel_executor.executor.parallel:closing loop
[18.220s] DEBUG:colcon.colcon_parallel_executor.executor.parallel:loop closed
[18.220s] DEBUG:colcon.colcon_parallel_executor.executor.parallel:run_until_complete finished with '0'
[18.220s] DEBUG:colcon.colcon_core.event_reactor:joining thread
[18.224s] INFO:colcon.colcon_core.plugin_system:Skipping extension 'colcon_notification.desktop_notification.terminal_notifier': Not used on non-Darwin systems
[18.224s] INFO:colcon.colcon_core.plugin_system:Skipping extension 'colcon_notification.desktop_notification.win32': Not used on non-Windows systems
[18.224s] INFO:colcon.colcon_notification.desktop_notification:Sending desktop notification using 'notify2'
[18.236s] DEBUG:colcon.colcon_core.event_reactor:joined thread
[18.236s] INFO:colcon.colcon_core.shell:Creating prefix script '/home/tirthapc/mmwave_ti_ros/ros2_driver/install/local_setup.ps1'
[18.237s] INFO:colcon.colcon_core.shell:Creating prefix util module '/home/tirthapc/mmwave_ti_ros/ros2_driver/install/_local_setup_util_ps1.py'
[18.238s] INFO:colcon.colcon_core.shell:Creating prefix chain script '/home/tirthapc/mmwave_ti_ros/ros2_driver/install/setup.ps1'
[18.239s] INFO:colcon.colcon_core.shell:Creating prefix script '/home/tirthapc/mmwave_ti_ros/ros2_driver/install/local_setup.sh'
[18.239s] INFO:colcon.colcon_core.shell:Creating prefix util module '/home/tirthapc/mmwave_ti_ros/ros2_driver/install/_local_setup_util_sh.py'
[18.239s] INFO:colcon.colcon_core.shell:Creating prefix chain script '/home/tirthapc/mmwave_ti_ros/ros2_driver/install/setup.sh'
[18.240s] INFO:colcon.colcon_core.shell:Creating prefix script '/home/tirthapc/mmwave_ti_ros/ros2_driver/install/local_setup.bash'
[18.240s] INFO:colcon.colcon_core.shell:Creating prefix chain script '/home/tirthapc/mmwave_ti_ros/ros2_driver/install/setup.bash'
[18.241s] INFO:colcon.colcon_core.shell:Creating prefix script '/home/tirthapc/mmwave_ti_ros/ros2_driver/install/local_setup.zsh'
[18.241s] INFO:colcon.colcon_core.shell:Creating prefix chain script '/home/tirthapc/mmwave_ti_ros/ros2_driver/install/setup.zsh'
