[0.006s] Invoking command in '/home/tirthapc/mmwave_ti_ros/ros2_driver/build/ti_mmwave_rospkg_msgs': CMAKE_PREFIX_PATH=${CMAKE_PREFIX_PATH}:/opt/ros/humble /home/tirthapc/.local/bin/cmake /home/tirthapc/mmwave_ti_ros/ros2_driver/src/ti_mmwave_rospkg_msgs -DCMAKE_INSTALL_PREFIX=/home/tirthapc/mmwave_ti_ros/ros2_driver/install/ti_mmwave_rospkg_msgs
[0.133s] -- The C compiler identification is GNU 11.4.0
[0.194s] -- The CXX compiler identification is GNU 11.4.0
[0.202s] -- Detecting C compiler ABI info
[0.239s] -- Detecting C compiler ABI info - done
[0.250s] -- Check for working C compiler: /usr/bin/cc - skipped
[0.250s] -- Detecting C compile features
[0.250s] -- Detecting C compile features - done
[0.253s] -- Detecting CXX compiler ABI info
[0.294s] -- Detecting CXX compiler ABI info - done
[0.304s] -- Check for working CXX compiler: /usr/bin/c++ - skipped
[0.304s] -- Detecting CXX compile features
[0.305s] -- Detecting CXX compile features - done
[0.307s] -- Found ament_cmake: 1.3.10 (/opt/ros/humble/share/ament_cmake/cmake)
[0.386s] -- Found Python3: /usr/bin/python3 (found version "3.10.12") found components: Interpreter
[0.505s] -- Found rosidl_default_generators: 1.2.0 (/opt/ros/humble/share/rosidl_default_generators/cmake)
[0.507s] -- Using all available rosidl_typesupport_c: rosidl_typesupport_fastrtps_c;rosidl_typesupport_introspection_c
[0.513s] -- Found rosidl_adapter: 3.1.5 (/opt/ros/humble/share/rosidl_adapter/cmake)
[0.549s] -- Using all available rosidl_typesupport_cpp: rosidl_typesupport_fastrtps_cpp;rosidl_typesupport_introspection_cpp
[0.579s] -- Found rclcpp: 16.0.10 (/opt/ros/humble/share/rclcpp/cmake)
[0.627s] -- Found rmw_implementation_cmake: 6.1.2 (/opt/ros/humble/share/rmw_implementation_cmake/cmake)
[0.629s] -- Found rmw_fastrtps_cpp: 6.2.7 (/opt/ros/humble/share/rmw_fastrtps_cpp/cmake)
[0.690s] -- Found OpenSSL: /usr/lib/x86_64-linux-gnu/libcrypto.so (found version "3.0.2")
[0.711s] -- Found FastRTPS: /opt/ros/humble/include
[0.741s] -- Using RMW implementation 'rmw_fastrtps_cpp' as default
[0.749s] -- Performing Test CMAKE_HAVE_LIBC_PTHREAD
[0.786s] -- Performing Test CMAKE_HAVE_LIBC_PTHREAD - Success
[0.786s] -- Found Threads: TRUE
[1.111s] -- Found ament_cmake_ros: 0.10.0 (/opt/ros/humble/share/ament_cmake_ros/cmake)
[1.379s] -- Using all available rosidl_typesupport_c: rosidl_typesupport_fastrtps_c;rosidl_typesupport_introspection_c
[1.718s] -- Using all available rosidl_typesupport_cpp: rosidl_typesupport_fastrtps_cpp;rosidl_typesupport_introspection_cpp
[1.719s] [33mCMake Warning (dev) at /opt/ros/humble/share/rosidl_generator_py/cmake/rosidl_generator_py_generate_interfaces.cmake:20 (find_package):
[1.719s]   Policy CMP0148 is not set: The FindPythonInterp and FindPythonLibs modules
[1.720s]   are removed.  Run "cmake --help-policy CMP0148" for policy details.  Use
[1.720s]   the cmake_policy command to set the policy and suppress this warning.
[1.720s] 
[1.720s] Call Stack (most recent call first):
[1.720s]   /opt/ros/humble/share/ament_cmake_core/cmake/core/ament_execute_extensions.cmake:48 (include)
[1.720s]   /opt/ros/humble/share/rosidl_cmake/cmake/rosidl_generate_interfaces.cmake:286 (ament_execute_extensions)
[1.720s]   CMakeLists.txt:29 (rosidl_generate_interfaces)
[1.720s] This warning is for project developers.  Use -Wno-dev to suppress it.
[1.720s] [0m
[1.732s] -- Found PythonInterp: /usr/bin/python3 (found suitable version "3.10.12", minimum required is "3.6")
[1.733s] -- Found python_cmake_module: 0.10.0 (/opt/ros/humble/share/python_cmake_module/cmake)
[1.734s] [33mCMake Warning (dev) at /opt/ros/humble/share/python_cmake_module/cmake/Modules/FindPythonExtra.cmake:52 (find_package):
[1.734s]   Policy CMP0148 is not set: The FindPythonInterp and FindPythonLibs modules
[1.734s]   are removed.  Run "cmake --help-policy CMP0148" for policy details.  Use
[1.734s]   the cmake_policy command to set the policy and suppress this warning.
[1.734s] 
[1.734s] Call Stack (most recent call first):
[1.734s]   /opt/ros/humble/share/rosidl_generator_py/cmake/rosidl_generator_py_generate_interfaces.cmake:23 (find_package)
[1.734s]   /opt/ros/humble/share/ament_cmake_core/cmake/core/ament_execute_extensions.cmake:48 (include)
[1.734s]   /opt/ros/humble/share/rosidl_cmake/cmake/rosidl_generate_interfaces.cmake:286 (ament_execute_extensions)
[1.734s]   CMakeLists.txt:29 (rosidl_generate_interfaces)
[1.734s] This warning is for project developers.  Use -Wno-dev to suppress it.
[1.734s] [0m
[1.746s] [33mCMake Warning (dev) at /opt/ros/humble/share/python_cmake_module/cmake/Modules/FindPythonExtra.cmake:140 (find_package):
[1.746s]   Policy CMP0148 is not set: The FindPythonInterp and FindPythonLibs modules
[1.746s]   are removed.  Run "cmake --help-policy CMP0148" for policy details.  Use
[1.746s]   the cmake_policy command to set the policy and suppress this warning.
[1.746s] 
[1.746s] Call Stack (most recent call first):
[1.746s]   /opt/ros/humble/share/rosidl_generator_py/cmake/rosidl_generator_py_generate_interfaces.cmake:23 (find_package)
[1.746s]   /opt/ros/humble/share/ament_cmake_core/cmake/core/ament_execute_extensions.cmake:48 (include)
[1.746s]   /opt/ros/humble/share/rosidl_cmake/cmake/rosidl_generate_interfaces.cmake:286 (ament_execute_extensions)
[1.746s]   CMakeLists.txt:29 (rosidl_generate_interfaces)
[1.746s] This warning is for project developers.  Use -Wno-dev to suppress it.
[1.746s] [0m
[1.751s] -- Found PythonLibs: /usr/lib/x86_64-linux-gnu/libpython3.10.so (found suitable version "3.10.12", minimum required is "3.5")
[1.751s] -- Using PYTHON_EXECUTABLE: /usr/bin/python3
[1.751s] -- Using PYTHON_INCLUDE_DIRS: /usr/include/python3.10
[1.751s] -- Using PYTHON_LIBRARIES: /usr/lib/x86_64-linux-gnu/libpython3.10.so
[1.765s] -- Found PythonExtra: .so
[1.872s] -- Using numpy include directory: /home/tirthapc/.local/lib/python3.10/site-packages/numpy/core/include
[1.882s] -- Configuring done (1.8s)
[1.908s] -- Generating done (0.0s)
[1.910s] -- Build files have been written to: /home/tirthapc/mmwave_ti_ros/ros2_driver/build/ti_mmwave_rospkg_msgs
[1.923s] Invoked command in '/home/tirthapc/mmwave_ti_ros/ros2_driver/build/ti_mmwave_rospkg_msgs' returned '0': CMAKE_PREFIX_PATH=${CMAKE_PREFIX_PATH}:/opt/ros/humble /home/tirthapc/.local/bin/cmake /home/tirthapc/mmwave_ti_ros/ros2_driver/src/ti_mmwave_rospkg_msgs -DCMAKE_INSTALL_PREFIX=/home/tirthapc/mmwave_ti_ros/ros2_driver/install/ti_mmwave_rospkg_msgs
[1.924s] Invoking command in '/home/tirthapc/mmwave_ti_ros/ros2_driver/build/ti_mmwave_rospkg_msgs': CMAKE_PREFIX_PATH=${CMAKE_PREFIX_PATH}:/opt/ros/humble /home/tirthapc/.local/bin/cmake --build /home/tirthapc/mmwave_ti_ros/ros2_driver/build/ti_mmwave_rospkg_msgs -- -j16 -l16
[1.976s] [  1%] [34m[1mGenerating C code for ROS interfaces[0m
[1.978s] [  2%] [34m[1mGenerating C++ code for ROS interfaces[0m
[1.980s] [  2%] Built target ament_cmake_python_copy_ti_mmwave_rospkg_msgs
[2.152s] running egg_info
[2.153s] creating ti_mmwave_rospkg_msgs.egg-info
[2.153s] writing ti_mmwave_rospkg_msgs.egg-info/PKG-INFO
[2.153s] writing dependency_links to ti_mmwave_rospkg_msgs.egg-info/dependency_links.txt
[2.153s] writing top-level names to ti_mmwave_rospkg_msgs.egg-info/top_level.txt
[2.153s] writing manifest file 'ti_mmwave_rospkg_msgs.egg-info/SOURCES.txt'
[2.155s] reading manifest file 'ti_mmwave_rospkg_msgs.egg-info/SOURCES.txt'
[2.155s] writing manifest file 'ti_mmwave_rospkg_msgs.egg-info/SOURCES.txt'
[2.167s] [  2%] Built target ament_cmake_python_build_ti_mmwave_rospkg_msgs_egg
[2.278s] [  2%] Built target ti_mmwave_rospkg_msgs__cpp
[2.280s] [  4%] [34m[1mGenerating C++ type support dispatch for ROS interfaces[0m
[2.281s] [  5%] [34m[1mGenerating C++ type support for eProsima Fast-RTPS[0m
[2.281s] [  7%] [34m[1mGenerating C++ introspection for ROS interfaces[0m
[2.295s] [  9%] [32mBuilding C object CMakeFiles/ti_mmwave_rospkg_msgs__rosidl_generator_c.dir/rosidl_generator_c/ti_mmwave_rospkg_msgs/msg/detail/radar_occupancy__functions.c.o[0m
[2.295s] [  9%] [32mBuilding C object CMakeFiles/ti_mmwave_rospkg_msgs__rosidl_generator_c.dir/rosidl_generator_c/ti_mmwave_rospkg_msgs/msg/detail/radar_scan__functions.c.o[0m
[2.295s] [ 11%] [32mBuilding C object CMakeFiles/ti_mmwave_rospkg_msgs__rosidl_generator_c.dir/rosidl_generator_c/ti_mmwave_rospkg_msgs/msg/detail/radar_track_array__functions.c.o[0m
[2.295s] [ 12%] [32mBuilding C object CMakeFiles/ti_mmwave_rospkg_msgs__rosidl_generator_c.dir/rosidl_generator_c/ti_mmwave_rospkg_msgs/msg/detail/radar_track_contents__functions.c.o[0m
[2.295s] [ 14%] [32mBuilding C object CMakeFiles/ti_mmwave_rospkg_msgs__rosidl_generator_c.dir/rosidl_generator_c/ti_mmwave_rospkg_msgs/msg/detail/radar_point_track_id__functions.c.o[0m
[2.295s] [ 15%] [32mBuilding C object CMakeFiles/ti_mmwave_rospkg_msgs__rosidl_generator_c.dir/rosidl_generator_c/ti_mmwave_rospkg_msgs/srv/detail/mmwave_cli__functions.c.o[0m
[2.333s] [ 16%] [32m[1mLinking C shared library libti_mmwave_rospkg_msgs__rosidl_generator_c.so[0m
[2.350s] [ 16%] Built target ti_mmwave_rospkg_msgs__rosidl_generator_c
[2.353s] [ 21%] [34m[1mGenerating C type support dispatch for ROS interfaces[0m
[2.353s] [ 21%] [34m[1mGenerating C introspection for ROS interfaces[0m
[2.353s] [ 21%] [34m[1mGenerating C type support for eProsima Fast-RTPS[0m
[2.497s] [ 22%] [32mBuilding CXX object CMakeFiles/ti_mmwave_rospkg_msgs__rosidl_typesupport_cpp.dir/rosidl_typesupport_cpp/ti_mmwave_rospkg_msgs/msg/radar_scan__type_support.cpp.o[0m
[2.497s] [ 23%] [32mBuilding CXX object CMakeFiles/ti_mmwave_rospkg_msgs__rosidl_typesupport_cpp.dir/rosidl_typesupport_cpp/ti_mmwave_rospkg_msgs/msg/radar_track_contents__type_support.cpp.o[0m
[2.498s] [ 25%] [32mBuilding CXX object CMakeFiles/ti_mmwave_rospkg_msgs__rosidl_typesupport_cpp.dir/rosidl_typesupport_cpp/ti_mmwave_rospkg_msgs/msg/radar_track_array__type_support.cpp.o[0m
[2.498s] [ 26%] [32mBuilding CXX object CMakeFiles/ti_mmwave_rospkg_msgs__rosidl_typesupport_cpp.dir/rosidl_typesupport_cpp/ti_mmwave_rospkg_msgs/msg/radar_occupancy__type_support.cpp.o[0m
[2.498s] [ 28%] [32mBuilding CXX object CMakeFiles/ti_mmwave_rospkg_msgs__rosidl_typesupport_cpp.dir/rosidl_typesupport_cpp/ti_mmwave_rospkg_msgs/msg/radar_point_track_id__type_support.cpp.o[0m
[2.499s] [ 29%] [32mBuilding CXX object CMakeFiles/ti_mmwave_rospkg_msgs__rosidl_typesupport_cpp.dir/rosidl_typesupport_cpp/ti_mmwave_rospkg_msgs/srv/mmwave_cli__type_support.cpp.o[0m
[2.552s] [ 30%] [32mBuilding CXX object CMakeFiles/ti_mmwave_rospkg_msgs__rosidl_typesupport_introspection_cpp.dir/rosidl_typesupport_introspection_cpp/ti_mmwave_rospkg_msgs/msg/detail/radar_scan__type_support.cpp.o[0m
[2.552s] [ 32%] [32mBuilding CXX object CMakeFiles/ti_mmwave_rospkg_msgs__rosidl_typesupport_introspection_cpp.dir/rosidl_typesupport_introspection_cpp/ti_mmwave_rospkg_msgs/msg/detail/radar_occupancy__type_support.cpp.o[0m
[2.552s] [ 33%] [32mBuilding CXX object CMakeFiles/ti_mmwave_rospkg_msgs__rosidl_typesupport_introspection_cpp.dir/rosidl_typesupport_introspection_cpp/ti_mmwave_rospkg_msgs/msg/detail/radar_track_array__type_support.cpp.o[0m
[2.552s] [ 35%] [32mBuilding CXX object CMakeFiles/ti_mmwave_rospkg_msgs__rosidl_typesupport_introspection_cpp.dir/rosidl_typesupport_introspection_cpp/ti_mmwave_rospkg_msgs/msg/detail/radar_track_contents__type_support.cpp.o[0m
[2.552s] [ 38%] [32mBuilding CXX object CMakeFiles/ti_mmwave_rospkg_msgs__rosidl_typesupport_introspection_cpp.dir/rosidl_typesupport_introspection_cpp/ti_mmwave_rospkg_msgs/msg/detail/radar_point_track_id__type_support.cpp.o[0m
[2.552s] [ 38%] [32mBuilding CXX object CMakeFiles/ti_mmwave_rospkg_msgs__rosidl_typesupport_introspection_cpp.dir/rosidl_typesupport_introspection_cpp/ti_mmwave_rospkg_msgs/srv/detail/mmwave_cli__type_support.cpp.o[0m
[2.626s] [ 39%] [32mBuilding CXX object CMakeFiles/ti_mmwave_rospkg_msgs__rosidl_typesupport_fastrtps_cpp.dir/rosidl_typesupport_fastrtps_cpp/ti_mmwave_rospkg_msgs/msg/detail/dds_fastrtps/radar_scan__type_support.cpp.o[0m
[2.645s] [ 40%] [32mBuilding CXX object CMakeFiles/ti_mmwave_rospkg_msgs__rosidl_typesupport_c.dir/rosidl_typesupport_c/ti_mmwave_rospkg_msgs/msg/radar_scan__type_support.cpp.o[0m
[2.669s] [ 42%] [32mBuilding CXX object CMakeFiles/ti_mmwave_rospkg_msgs__rosidl_typesupport_c.dir/rosidl_typesupport_c/ti_mmwave_rospkg_msgs/msg/radar_occupancy__type_support.cpp.o[0m
[2.692s] [ 43%] [32mBuilding CXX object CMakeFiles/ti_mmwave_rospkg_msgs__rosidl_typesupport_c.dir/rosidl_typesupport_c/ti_mmwave_rospkg_msgs/msg/radar_track_array__type_support.cpp.o[0m
[2.718s] [ 45%] [32mBuilding CXX object CMakeFiles/ti_mmwave_rospkg_msgs__rosidl_typesupport_c.dir/rosidl_typesupport_c/ti_mmwave_rospkg_msgs/msg/radar_track_contents__type_support.cpp.o[0m
[2.730s] [ 46%] [32mBuilding C object CMakeFiles/ti_mmwave_rospkg_msgs__rosidl_typesupport_introspection_c.dir/rosidl_typesupport_introspection_c/ti_mmwave_rospkg_msgs/msg/detail/radar_scan__type_support.c.o[0m
[2.744s] [ 47%] [32mBuilding CXX object CMakeFiles/ti_mmwave_rospkg_msgs__rosidl_typesupport_c.dir/rosidl_typesupport_c/ti_mmwave_rospkg_msgs/msg/radar_point_track_id__type_support.cpp.o[0m
[2.758s] [ 49%] [32mBuilding CXX object CMakeFiles/ti_mmwave_rospkg_msgs__rosidl_typesupport_c.dir/rosidl_typesupport_c/ti_mmwave_rospkg_msgs/srv/mmwave_cli__type_support.cpp.o[0m
[2.763s] [ 50%] [32mBuilding CXX object CMakeFiles/ti_mmwave_rospkg_msgs__rosidl_typesupport_fastrtps_cpp.dir/rosidl_typesupport_fastrtps_cpp/ti_mmwave_rospkg_msgs/msg/detail/dds_fastrtps/radar_occupancy__type_support.cpp.o[0m
[2.765s] [ 52%] [32mBuilding C object CMakeFiles/ti_mmwave_rospkg_msgs__rosidl_typesupport_introspection_c.dir/rosidl_typesupport_introspection_c/ti_mmwave_rospkg_msgs/msg/detail/radar_occupancy__type_support.c.o[0m
[2.765s] [ 53%] [32mBuilding CXX object CMakeFiles/ti_mmwave_rospkg_msgs__rosidl_typesupport_fastrtps_cpp.dir/rosidl_typesupport_fastrtps_cpp/ti_mmwave_rospkg_msgs/msg/detail/dds_fastrtps/radar_track_array__type_support.cpp.o[0m
[2.766s] [ 54%] [32mBuilding C object CMakeFiles/ti_mmwave_rospkg_msgs__rosidl_typesupport_introspection_c.dir/rosidl_typesupport_introspection_c/ti_mmwave_rospkg_msgs/msg/detail/radar_track_array__type_support.c.o[0m
[2.772s] [ 56%] [32mBuilding CXX object CMakeFiles/ti_mmwave_rospkg_msgs__rosidl_typesupport_fastrtps_cpp.dir/rosidl_typesupport_fastrtps_cpp/ti_mmwave_rospkg_msgs/msg/detail/dds_fastrtps/radar_track_contents__type_support.cpp.o[0m
[2.775s] [ 59%] [32mBuilding C object CMakeFiles/ti_mmwave_rospkg_msgs__rosidl_typesupport_introspection_c.dir/rosidl_typesupport_introspection_c/ti_mmwave_rospkg_msgs/msg/detail/radar_track_contents__type_support.c.o[0m
[2.775s] [ 59%] [32m[1mLinking CXX shared library libti_mmwave_rospkg_msgs__rosidl_typesupport_cpp.so[0m
[2.785s] [ 60%] [32m[1mLinking CXX shared library libti_mmwave_rospkg_msgs__rosidl_typesupport_c.so[0m
[2.790s] [ 61%] [32mBuilding CXX object CMakeFiles/ti_mmwave_rospkg_msgs__rosidl_typesupport_fastrtps_c.dir/rosidl_typesupport_fastrtps_c/ti_mmwave_rospkg_msgs/msg/detail/radar_scan__type_support_c.cpp.o[0m
[2.794s] [ 63%] [32mBuilding CXX object CMakeFiles/ti_mmwave_rospkg_msgs__rosidl_typesupport_fastrtps_cpp.dir/rosidl_typesupport_fastrtps_cpp/ti_mmwave_rospkg_msgs/msg/detail/dds_fastrtps/radar_point_track_id__type_support.cpp.o[0m
[2.802s] [ 64%] [32mBuilding C object CMakeFiles/ti_mmwave_rospkg_msgs__rosidl_typesupport_introspection_c.dir/rosidl_typesupport_introspection_c/ti_mmwave_rospkg_msgs/msg/detail/radar_point_track_id__type_support.c.o[0m
[2.805s] [ 66%] [32mBuilding C object CMakeFiles/ti_mmwave_rospkg_msgs__rosidl_typesupport_introspection_c.dir/rosidl_typesupport_introspection_c/ti_mmwave_rospkg_msgs/srv/detail/mmwave_cli__type_support.c.o[0m
[2.806s] [ 66%] Built target ti_mmwave_rospkg_msgs__rosidl_typesupport_cpp
[2.809s] [ 67%] [32mBuilding CXX object CMakeFiles/ti_mmwave_rospkg_msgs__rosidl_typesupport_fastrtps_cpp.dir/rosidl_typesupport_fastrtps_cpp/ti_mmwave_rospkg_msgs/srv/detail/dds_fastrtps/mmwave_cli__type_support.cpp.o[0m
[2.826s] [ 67%] Built target ti_mmwave_rospkg_msgs__rosidl_typesupport_c
[2.827s] [ 69%] [32mBuilding CXX object CMakeFiles/ti_mmwave_rospkg_msgs__rosidl_typesupport_fastrtps_c.dir/rosidl_typesupport_fastrtps_c/ti_mmwave_rospkg_msgs/msg/detail/radar_occupancy__type_support_c.cpp.o[0m
[2.833s] [ 70%] [32mBuilding CXX object CMakeFiles/ti_mmwave_rospkg_msgs__rosidl_typesupport_fastrtps_c.dir/rosidl_typesupport_fastrtps_c/ti_mmwave_rospkg_msgs/msg/detail/radar_track_array__type_support_c.cpp.o[0m
[2.835s] [ 71%] [32m[1mLinking C shared library libti_mmwave_rospkg_msgs__rosidl_typesupport_introspection_c.so[0m
[2.857s] [ 71%] Built target ti_mmwave_rospkg_msgs__rosidl_typesupport_introspection_c
[2.861s] [ 73%] [32mBuilding CXX object CMakeFiles/ti_mmwave_rospkg_msgs__rosidl_typesupport_fastrtps_c.dir/rosidl_typesupport_fastrtps_c/ti_mmwave_rospkg_msgs/msg/detail/radar_track_contents__type_support_c.cpp.o[0m
[2.954s] [ 74%] [32mBuilding CXX object CMakeFiles/ti_mmwave_rospkg_msgs__rosidl_typesupport_fastrtps_c.dir/rosidl_typesupport_fastrtps_c/ti_mmwave_rospkg_msgs/msg/detail/radar_point_track_id__type_support_c.cpp.o[0m
[2.958s] [ 76%] [32mBuilding CXX object CMakeFiles/ti_mmwave_rospkg_msgs__rosidl_typesupport_fastrtps_c.dir/rosidl_typesupport_fastrtps_c/ti_mmwave_rospkg_msgs/srv/detail/mmwave_cli__type_support_c.cpp.o[0m
[2.995s] [ 77%] [32m[1mLinking CXX shared library libti_mmwave_rospkg_msgs__rosidl_typesupport_introspection_cpp.so[0m
[3.081s] [ 77%] Built target ti_mmwave_rospkg_msgs__rosidl_typesupport_introspection_cpp
[3.256s] [ 78%] [32m[1mLinking CXX shared library libti_mmwave_rospkg_msgs__rosidl_typesupport_fastrtps_cpp.so[0m
[3.286s] [ 80%] [32m[1mLinking CXX shared library libti_mmwave_rospkg_msgs__rosidl_typesupport_fastrtps_c.so[0m
[3.294s] [ 80%] Built target ti_mmwave_rospkg_msgs__rosidl_typesupport_fastrtps_cpp
[3.322s] [ 80%] Built target ti_mmwave_rospkg_msgs__rosidl_typesupport_fastrtps_c
[3.327s] [ 80%] Built target ti_mmwave_rospkg_msgs
[3.333s] [ 81%] [34m[1mGenerating Python code for ROS interfaces[0m
[3.822s] [ 81%] Built target ti_mmwave_rospkg_msgs__py
[3.827s] [ 83%] [32mBuilding C object CMakeFiles/ti_mmwave_rospkg_msgs__rosidl_generator_py.dir/rosidl_generator_py/ti_mmwave_rospkg_msgs/msg/_radar_scan_s.c.o[0m
[3.827s] [ 84%] [32mBuilding C object CMakeFiles/ti_mmwave_rospkg_msgs__rosidl_generator_py.dir/rosidl_generator_py/ti_mmwave_rospkg_msgs/msg/_radar_occupancy_s.c.o[0m
[3.827s] [ 85%] [32mBuilding C object CMakeFiles/ti_mmwave_rospkg_msgs__rosidl_generator_py.dir/rosidl_generator_py/ti_mmwave_rospkg_msgs/msg/_radar_track_array_s.c.o[0m
[3.827s] [ 87%] [32mBuilding C object CMakeFiles/ti_mmwave_rospkg_msgs__rosidl_generator_py.dir/rosidl_generator_py/ti_mmwave_rospkg_msgs/msg/_radar_track_contents_s.c.o[0m
[3.828s] [ 88%] [32mBuilding C object CMakeFiles/ti_mmwave_rospkg_msgs__rosidl_generator_py.dir/rosidl_generator_py/ti_mmwave_rospkg_msgs/msg/_radar_point_track_id_s.c.o[0m
[3.828s] [ 90%] [32mBuilding C object CMakeFiles/ti_mmwave_rospkg_msgs__rosidl_generator_py.dir/rosidl_generator_py/ti_mmwave_rospkg_msgs/srv/_mmwave_cli_s.c.o[0m
[3.898s] [ 91%] [32m[1mLinking C shared library rosidl_generator_py/ti_mmwave_rospkg_msgs/libti_mmwave_rospkg_msgs__rosidl_generator_py.so[0m
[3.917s] [ 91%] Built target ti_mmwave_rospkg_msgs__rosidl_generator_py
[3.922s] [ 92%] [32mBuilding C object CMakeFiles/ti_mmwave_rospkg_msgs__rosidl_typesupport_introspection_c__pyext.dir/rosidl_generator_py/ti_mmwave_rospkg_msgs/_ti_mmwave_rospkg_msgs_s.ep.rosidl_typesupport_introspection_c.c.o[0m
[3.922s] [ 94%] [32mBuilding C object CMakeFiles/ti_mmwave_rospkg_msgs__rosidl_typesupport_fastrtps_c__pyext.dir/rosidl_generator_py/ti_mmwave_rospkg_msgs/_ti_mmwave_rospkg_msgs_s.ep.rosidl_typesupport_fastrtps_c.c.o[0m
[3.922s] [ 95%] [32mBuilding C object CMakeFiles/ti_mmwave_rospkg_msgs__rosidl_typesupport_c__pyext.dir/rosidl_generator_py/ti_mmwave_rospkg_msgs/_ti_mmwave_rospkg_msgs_s.ep.rosidl_typesupport_c.c.o[0m
[3.987s] [100%] [32m[1mLinking C shared library rosidl_generator_py/ti_mmwave_rospkg_msgs/ti_mmwave_rospkg_msgs_s__rosidl_typesupport_introspection_c.cpython-310-x86_64-linux-gnu.so[0m
[3.987s] [100%] [32m[1mLinking C shared library rosidl_generator_py/ti_mmwave_rospkg_msgs/ti_mmwave_rospkg_msgs_s__rosidl_typesupport_c.cpython-310-x86_64-linux-gnu.so[0m
[3.987s] [100%] [32m[1mLinking C shared library rosidl_generator_py/ti_mmwave_rospkg_msgs/ti_mmwave_rospkg_msgs_s__rosidl_typesupport_fastrtps_c.cpython-310-x86_64-linux-gnu.so[0m
[4.004s] [100%] Built target ti_mmwave_rospkg_msgs__rosidl_typesupport_fastrtps_c__pyext
[4.004s] [100%] Built target ti_mmwave_rospkg_msgs__rosidl_typesupport_introspection_c__pyext
[4.004s] [100%] Built target ti_mmwave_rospkg_msgs__rosidl_typesupport_c__pyext
[4.014s] Invoked command in '/home/tirthapc/mmwave_ti_ros/ros2_driver/build/ti_mmwave_rospkg_msgs' returned '0': CMAKE_PREFIX_PATH=${CMAKE_PREFIX_PATH}:/opt/ros/humble /home/tirthapc/.local/bin/cmake --build /home/tirthapc/mmwave_ti_ros/ros2_driver/build/ti_mmwave_rospkg_msgs -- -j16 -l16
[4.152s] Invoking command in '/home/tirthapc/mmwave_ti_ros/ros2_driver/build/ti_mmwave_rospkg_msgs': CMAKE_PREFIX_PATH=${CMAKE_PREFIX_PATH}:/opt/ros/humble /home/tirthapc/.local/bin/cmake --install /home/tirthapc/mmwave_ti_ros/ros2_driver/build/ti_mmwave_rospkg_msgs
[4.194s] -- Install configuration: ""
[4.194s] -- Installing: /home/tirthapc/mmwave_ti_ros/ros2_driver/install/ti_mmwave_rospkg_msgs/share/ament_index/resource_index/rosidl_interfaces/ti_mmwave_rospkg_msgs
[4.194s] -- Installing: /home/tirthapc/mmwave_ti_ros/ros2_driver/install/ti_mmwave_rospkg_msgs/include/ti_mmwave_rospkg_msgs/ti_mmwave_rospkg_msgs
[4.194s] -- Installing: /home/tirthapc/mmwave_ti_ros/ros2_driver/install/ti_mmwave_rospkg_msgs/include/ti_mmwave_rospkg_msgs/ti_mmwave_rospkg_msgs/msg
[4.194s] -- Installing: /home/tirthapc/mmwave_ti_ros/ros2_driver/install/ti_mmwave_rospkg_msgs/include/ti_mmwave_rospkg_msgs/ti_mmwave_rospkg_msgs/msg/radar_scan.h
[4.194s] -- Installing: /home/tirthapc/mmwave_ti_ros/ros2_driver/install/ti_mmwave_rospkg_msgs/include/ti_mmwave_rospkg_msgs/ti_mmwave_rospkg_msgs/msg/radar_point_track_id.h
[4.194s] -- Installing: /home/tirthapc/mmwave_ti_ros/ros2_driver/install/ti_mmwave_rospkg_msgs/include/ti_mmwave_rospkg_msgs/ti_mmwave_rospkg_msgs/msg/detail
[4.194s] -- Installing: /home/tirthapc/mmwave_ti_ros/ros2_driver/install/ti_mmwave_rospkg_msgs/include/ti_mmwave_rospkg_msgs/ti_mmwave_rospkg_msgs/msg/detail/radar_point_track_id__functions.h
[4.194s] -- Installing: /home/tirthapc/mmwave_ti_ros/ros2_driver/install/ti_mmwave_rospkg_msgs/include/ti_mmwave_rospkg_msgs/ti_mmwave_rospkg_msgs/msg/detail/radar_occupancy__functions.c
[4.194s] -- Installing: /home/tirthapc/mmwave_ti_ros/ros2_driver/install/ti_mmwave_rospkg_msgs/include/ti_mmwave_rospkg_msgs/ti_mmwave_rospkg_msgs/msg/detail/radar_track_array__functions.h
[4.194s] -- Installing: /home/tirthapc/mmwave_ti_ros/ros2_driver/install/ti_mmwave_rospkg_msgs/include/ti_mmwave_rospkg_msgs/ti_mmwave_rospkg_msgs/msg/detail/radar_track_contents__functions.h
[4.194s] -- Installing: /home/tirthapc/mmwave_ti_ros/ros2_driver/install/ti_mmwave_rospkg_msgs/include/ti_mmwave_rospkg_msgs/ti_mmwave_rospkg_msgs/msg/detail/radar_scan__struct.h
[4.194s] -- Installing: /home/tirthapc/mmwave_ti_ros/ros2_driver/install/ti_mmwave_rospkg_msgs/include/ti_mmwave_rospkg_msgs/ti_mmwave_rospkg_msgs/msg/detail/radar_track_contents__type_support.h
[4.194s] -- Installing: /home/tirthapc/mmwave_ti_ros/ros2_driver/install/ti_mmwave_rospkg_msgs/include/ti_mmwave_rospkg_msgs/ti_mmwave_rospkg_msgs/msg/detail/radar_occupancy__functions.h
[4.194s] -- Installing: /home/tirthapc/mmwave_ti_ros/ros2_driver/install/ti_mmwave_rospkg_msgs/include/ti_mmwave_rospkg_msgs/ti_mmwave_rospkg_msgs/msg/detail/radar_occupancy__type_support.h
[4.194s] -- Installing: /home/tirthapc/mmwave_ti_ros/ros2_driver/install/ti_mmwave_rospkg_msgs/include/ti_mmwave_rospkg_msgs/ti_mmwave_rospkg_msgs/msg/detail/radar_point_track_id__struct.h
[4.194s] -- Installing: /home/tirthapc/mmwave_ti_ros/ros2_driver/install/ti_mmwave_rospkg_msgs/include/ti_mmwave_rospkg_msgs/ti_mmwave_rospkg_msgs/msg/detail/radar_track_contents__struct.h
[4.194s] -- Installing: /home/tirthapc/mmwave_ti_ros/ros2_driver/install/ti_mmwave_rospkg_msgs/include/ti_mmwave_rospkg_msgs/ti_mmwave_rospkg_msgs/msg/detail/radar_scan__type_support.h
[4.195s] -- Installing: /home/tirthapc/mmwave_ti_ros/ros2_driver/install/ti_mmwave_rospkg_msgs/include/ti_mmwave_rospkg_msgs/ti_mmwave_rospkg_msgs/msg/detail/radar_track_array__functions.c
[4.195s] -- Installing: /home/tirthapc/mmwave_ti_ros/ros2_driver/install/ti_mmwave_rospkg_msgs/include/ti_mmwave_rospkg_msgs/ti_mmwave_rospkg_msgs/msg/detail/radar_point_track_id__functions.c
[4.195s] -- Installing: /home/tirthapc/mmwave_ti_ros/ros2_driver/install/ti_mmwave_rospkg_msgs/include/ti_mmwave_rospkg_msgs/ti_mmwave_rospkg_msgs/msg/detail/radar_point_track_id__type_support.h
[4.195s] -- Installing: /home/tirthapc/mmwave_ti_ros/ros2_driver/install/ti_mmwave_rospkg_msgs/include/ti_mmwave_rospkg_msgs/ti_mmwave_rospkg_msgs/msg/detail/radar_scan__functions.h
[4.195s] -- Installing: /home/tirthapc/mmwave_ti_ros/ros2_driver/install/ti_mmwave_rospkg_msgs/include/ti_mmwave_rospkg_msgs/ti_mmwave_rospkg_msgs/msg/detail/radar_occupancy__struct.h
[4.195s] -- Installing: /home/tirthapc/mmwave_ti_ros/ros2_driver/install/ti_mmwave_rospkg_msgs/include/ti_mmwave_rospkg_msgs/ti_mmwave_rospkg_msgs/msg/detail/radar_track_array__type_support.h
[4.195s] -- Installing: /home/tirthapc/mmwave_ti_ros/ros2_driver/install/ti_mmwave_rospkg_msgs/include/ti_mmwave_rospkg_msgs/ti_mmwave_rospkg_msgs/msg/detail/radar_track_array__struct.h
[4.195s] -- Installing: /home/tirthapc/mmwave_ti_ros/ros2_driver/install/ti_mmwave_rospkg_msgs/include/ti_mmwave_rospkg_msgs/ti_mmwave_rospkg_msgs/msg/detail/radar_scan__functions.c
[4.195s] -- Installing: /home/tirthapc/mmwave_ti_ros/ros2_driver/install/ti_mmwave_rospkg_msgs/include/ti_mmwave_rospkg_msgs/ti_mmwave_rospkg_msgs/msg/detail/radar_track_contents__functions.c
[4.195s] -- Installing: /home/tirthapc/mmwave_ti_ros/ros2_driver/install/ti_mmwave_rospkg_msgs/include/ti_mmwave_rospkg_msgs/ti_mmwave_rospkg_msgs/msg/radar_track_contents.h
[4.195s] -- Installing: /home/tirthapc/mmwave_ti_ros/ros2_driver/install/ti_mmwave_rospkg_msgs/include/ti_mmwave_rospkg_msgs/ti_mmwave_rospkg_msgs/msg/radar_occupancy.h
[4.195s] -- Installing: /home/tirthapc/mmwave_ti_ros/ros2_driver/install/ti_mmwave_rospkg_msgs/include/ti_mmwave_rospkg_msgs/ti_mmwave_rospkg_msgs/msg/rosidl_generator_c__visibility_control.h
[4.195s] -- Installing: /home/tirthapc/mmwave_ti_ros/ros2_driver/install/ti_mmwave_rospkg_msgs/include/ti_mmwave_rospkg_msgs/ti_mmwave_rospkg_msgs/msg/radar_track_array.h
[4.195s] -- Installing: /home/tirthapc/mmwave_ti_ros/ros2_driver/install/ti_mmwave_rospkg_msgs/include/ti_mmwave_rospkg_msgs/ti_mmwave_rospkg_msgs/srv
[4.195s] -- Installing: /home/tirthapc/mmwave_ti_ros/ros2_driver/install/ti_mmwave_rospkg_msgs/include/ti_mmwave_rospkg_msgs/ti_mmwave_rospkg_msgs/srv/detail
[4.195s] -- Installing: /home/tirthapc/mmwave_ti_ros/ros2_driver/install/ti_mmwave_rospkg_msgs/include/ti_mmwave_rospkg_msgs/ti_mmwave_rospkg_msgs/srv/detail/mmwave_cli__struct.h
[4.195s] -- Installing: /home/tirthapc/mmwave_ti_ros/ros2_driver/install/ti_mmwave_rospkg_msgs/include/ti_mmwave_rospkg_msgs/ti_mmwave_rospkg_msgs/srv/detail/mmwave_cli__functions.c
[4.195s] -- Installing: /home/tirthapc/mmwave_ti_ros/ros2_driver/install/ti_mmwave_rospkg_msgs/include/ti_mmwave_rospkg_msgs/ti_mmwave_rospkg_msgs/srv/detail/mmwave_cli__type_support.h
[4.195s] -- Installing: /home/tirthapc/mmwave_ti_ros/ros2_driver/install/ti_mmwave_rospkg_msgs/include/ti_mmwave_rospkg_msgs/ti_mmwave_rospkg_msgs/srv/detail/mmwave_cli__functions.h
[4.195s] -- Installing: /home/tirthapc/mmwave_ti_ros/ros2_driver/install/ti_mmwave_rospkg_msgs/include/ti_mmwave_rospkg_msgs/ti_mmwave_rospkg_msgs/srv/mmwave_cli.h
[4.195s] -- Installing: /home/tirthapc/mmwave_ti_ros/ros2_driver/install/ti_mmwave_rospkg_msgs/share/ti_mmwave_rospkg_msgs/environment/library_path.sh
[4.195s] -- Installing: /home/tirthapc/mmwave_ti_ros/ros2_driver/install/ti_mmwave_rospkg_msgs/share/ti_mmwave_rospkg_msgs/environment/library_path.dsv
[4.196s] -- Installing: /home/tirthapc/mmwave_ti_ros/ros2_driver/install/ti_mmwave_rospkg_msgs/lib/libti_mmwave_rospkg_msgs__rosidl_generator_c.so
[4.196s] -- Set non-toolchain portion of runtime path of "/home/tirthapc/mmwave_ti_ros/ros2_driver/install/ti_mmwave_rospkg_msgs/lib/libti_mmwave_rospkg_msgs__rosidl_generator_c.so" to ""
[4.196s] -- Up-to-date: /home/tirthapc/mmwave_ti_ros/ros2_driver/install/ti_mmwave_rospkg_msgs/include/ti_mmwave_rospkg_msgs/ti_mmwave_rospkg_msgs
[4.196s] -- Up-to-date: /home/tirthapc/mmwave_ti_ros/ros2_driver/install/ti_mmwave_rospkg_msgs/include/ti_mmwave_rospkg_msgs/ti_mmwave_rospkg_msgs/msg
[4.196s] -- Up-to-date: /home/tirthapc/mmwave_ti_ros/ros2_driver/install/ti_mmwave_rospkg_msgs/include/ti_mmwave_rospkg_msgs/ti_mmwave_rospkg_msgs/msg/detail
[4.196s] -- Installing: /home/tirthapc/mmwave_ti_ros/ros2_driver/install/ti_mmwave_rospkg_msgs/include/ti_mmwave_rospkg_msgs/ti_mmwave_rospkg_msgs/msg/detail/radar_track_contents__rosidl_typesupport_fastrtps_c.h
[4.196s] -- Installing: /home/tirthapc/mmwave_ti_ros/ros2_driver/install/ti_mmwave_rospkg_msgs/include/ti_mmwave_rospkg_msgs/ti_mmwave_rospkg_msgs/msg/detail/radar_scan__rosidl_typesupport_fastrtps_c.h
[4.196s] -- Installing: /home/tirthapc/mmwave_ti_ros/ros2_driver/install/ti_mmwave_rospkg_msgs/include/ti_mmwave_rospkg_msgs/ti_mmwave_rospkg_msgs/msg/detail/radar_occupancy__rosidl_typesupport_fastrtps_c.h
[4.196s] -- Installing: /home/tirthapc/mmwave_ti_ros/ros2_driver/install/ti_mmwave_rospkg_msgs/include/ti_mmwave_rospkg_msgs/ti_mmwave_rospkg_msgs/msg/detail/radar_track_array__rosidl_typesupport_fastrtps_c.h
[4.196s] -- Installing: /home/tirthapc/mmwave_ti_ros/ros2_driver/install/ti_mmwave_rospkg_msgs/include/ti_mmwave_rospkg_msgs/ti_mmwave_rospkg_msgs/msg/detail/radar_point_track_id__rosidl_typesupport_fastrtps_c.h
[4.196s] -- Installing: /home/tirthapc/mmwave_ti_ros/ros2_driver/install/ti_mmwave_rospkg_msgs/include/ti_mmwave_rospkg_msgs/ti_mmwave_rospkg_msgs/msg/rosidl_typesupport_fastrtps_c__visibility_control.h
[4.196s] -- Up-to-date: /home/tirthapc/mmwave_ti_ros/ros2_driver/install/ti_mmwave_rospkg_msgs/include/ti_mmwave_rospkg_msgs/ti_mmwave_rospkg_msgs/srv
[4.196s] -- Up-to-date: /home/tirthapc/mmwave_ti_ros/ros2_driver/install/ti_mmwave_rospkg_msgs/include/ti_mmwave_rospkg_msgs/ti_mmwave_rospkg_msgs/srv/detail
[4.196s] -- Installing: /home/tirthapc/mmwave_ti_ros/ros2_driver/install/ti_mmwave_rospkg_msgs/include/ti_mmwave_rospkg_msgs/ti_mmwave_rospkg_msgs/srv/detail/mmwave_cli__rosidl_typesupport_fastrtps_c.h
[4.196s] -- Installing: /home/tirthapc/mmwave_ti_ros/ros2_driver/install/ti_mmwave_rospkg_msgs/lib/libti_mmwave_rospkg_msgs__rosidl_typesupport_fastrtps_c.so
[4.196s] -- Set non-toolchain portion of runtime path of "/home/tirthapc/mmwave_ti_ros/ros2_driver/install/ti_mmwave_rospkg_msgs/lib/libti_mmwave_rospkg_msgs__rosidl_typesupport_fastrtps_c.so" to ""
[4.196s] -- Up-to-date: /home/tirthapc/mmwave_ti_ros/ros2_driver/install/ti_mmwave_rospkg_msgs/include/ti_mmwave_rospkg_msgs/ti_mmwave_rospkg_msgs
[4.196s] -- Up-to-date: /home/tirthapc/mmwave_ti_ros/ros2_driver/install/ti_mmwave_rospkg_msgs/include/ti_mmwave_rospkg_msgs/ti_mmwave_rospkg_msgs/msg
[4.196s] -- Up-to-date: /home/tirthapc/mmwave_ti_ros/ros2_driver/install/ti_mmwave_rospkg_msgs/include/ti_mmwave_rospkg_msgs/ti_mmwave_rospkg_msgs/msg/detail
[4.196s] -- Installing: /home/tirthapc/mmwave_ti_ros/ros2_driver/install/ti_mmwave_rospkg_msgs/include/ti_mmwave_rospkg_msgs/ti_mmwave_rospkg_msgs/msg/detail/radar_occupancy__type_support.c
[4.197s] -- Installing: /home/tirthapc/mmwave_ti_ros/ros2_driver/install/ti_mmwave_rospkg_msgs/include/ti_mmwave_rospkg_msgs/ti_mmwave_rospkg_msgs/msg/detail/radar_track_array__type_support.c
[4.197s] -- Installing: /home/tirthapc/mmwave_ti_ros/ros2_driver/install/ti_mmwave_rospkg_msgs/include/ti_mmwave_rospkg_msgs/ti_mmwave_rospkg_msgs/msg/detail/radar_track_contents__rosidl_typesupport_introspection_c.h
[4.197s] -- Installing: /home/tirthapc/mmwave_ti_ros/ros2_driver/install/ti_mmwave_rospkg_msgs/include/ti_mmwave_rospkg_msgs/ti_mmwave_rospkg_msgs/msg/detail/radar_point_track_id__rosidl_typesupport_introspection_c.h
[4.197s] -- Installing: /home/tirthapc/mmwave_ti_ros/ros2_driver/install/ti_mmwave_rospkg_msgs/include/ti_mmwave_rospkg_msgs/ti_mmwave_rospkg_msgs/msg/detail/radar_scan__type_support.c
[4.197s] -- Installing: /home/tirthapc/mmwave_ti_ros/ros2_driver/install/ti_mmwave_rospkg_msgs/include/ti_mmwave_rospkg_msgs/ti_mmwave_rospkg_msgs/msg/detail/radar_occupancy__rosidl_typesupport_introspection_c.h
[4.197s] -- Installing: /home/tirthapc/mmwave_ti_ros/ros2_driver/install/ti_mmwave_rospkg_msgs/include/ti_mmwave_rospkg_msgs/ti_mmwave_rospkg_msgs/msg/detail/radar_track_array__rosidl_typesupport_introspection_c.h
[4.197s] -- Installing: /home/tirthapc/mmwave_ti_ros/ros2_driver/install/ti_mmwave_rospkg_msgs/include/ti_mmwave_rospkg_msgs/ti_mmwave_rospkg_msgs/msg/detail/radar_track_contents__type_support.c
[4.197s] -- Installing: /home/tirthapc/mmwave_ti_ros/ros2_driver/install/ti_mmwave_rospkg_msgs/include/ti_mmwave_rospkg_msgs/ti_mmwave_rospkg_msgs/msg/detail/radar_point_track_id__type_support.c
[4.197s] -- Installing: /home/tirthapc/mmwave_ti_ros/ros2_driver/install/ti_mmwave_rospkg_msgs/include/ti_mmwave_rospkg_msgs/ti_mmwave_rospkg_msgs/msg/detail/radar_scan__rosidl_typesupport_introspection_c.h
[4.197s] -- Installing: /home/tirthapc/mmwave_ti_ros/ros2_driver/install/ti_mmwave_rospkg_msgs/include/ti_mmwave_rospkg_msgs/ti_mmwave_rospkg_msgs/msg/rosidl_typesupport_introspection_c__visibility_control.h
[4.197s] -- Up-to-date: /home/tirthapc/mmwave_ti_ros/ros2_driver/install/ti_mmwave_rospkg_msgs/include/ti_mmwave_rospkg_msgs/ti_mmwave_rospkg_msgs/srv
[4.197s] -- Up-to-date: /home/tirthapc/mmwave_ti_ros/ros2_driver/install/ti_mmwave_rospkg_msgs/include/ti_mmwave_rospkg_msgs/ti_mmwave_rospkg_msgs/srv/detail
[4.197s] -- Installing: /home/tirthapc/mmwave_ti_ros/ros2_driver/install/ti_mmwave_rospkg_msgs/include/ti_mmwave_rospkg_msgs/ti_mmwave_rospkg_msgs/srv/detail/mmwave_cli__type_support.c
[4.197s] -- Installing: /home/tirthapc/mmwave_ti_ros/ros2_driver/install/ti_mmwave_rospkg_msgs/include/ti_mmwave_rospkg_msgs/ti_mmwave_rospkg_msgs/srv/detail/mmwave_cli__rosidl_typesupport_introspection_c.h
[4.197s] -- Installing: /home/tirthapc/mmwave_ti_ros/ros2_driver/install/ti_mmwave_rospkg_msgs/lib/libti_mmwave_rospkg_msgs__rosidl_typesupport_introspection_c.so
[4.197s] -- Set non-toolchain portion of runtime path of "/home/tirthapc/mmwave_ti_ros/ros2_driver/install/ti_mmwave_rospkg_msgs/lib/libti_mmwave_rospkg_msgs__rosidl_typesupport_introspection_c.so" to ""
[4.197s] -- Installing: /home/tirthapc/mmwave_ti_ros/ros2_driver/install/ti_mmwave_rospkg_msgs/lib/libti_mmwave_rospkg_msgs__rosidl_typesupport_c.so
[4.197s] -- Set non-toolchain portion of runtime path of "/home/tirthapc/mmwave_ti_ros/ros2_driver/install/ti_mmwave_rospkg_msgs/lib/libti_mmwave_rospkg_msgs__rosidl_typesupport_c.so" to ""
[4.197s] -- Up-to-date: /home/tirthapc/mmwave_ti_ros/ros2_driver/install/ti_mmwave_rospkg_msgs/include/ti_mmwave_rospkg_msgs/ti_mmwave_rospkg_msgs
[4.197s] -- Up-to-date: /home/tirthapc/mmwave_ti_ros/ros2_driver/install/ti_mmwave_rospkg_msgs/include/ti_mmwave_rospkg_msgs/ti_mmwave_rospkg_msgs/msg
[4.197s] -- Installing: /home/tirthapc/mmwave_ti_ros/ros2_driver/install/ti_mmwave_rospkg_msgs/include/ti_mmwave_rospkg_msgs/ti_mmwave_rospkg_msgs/msg/radar_track_array.hpp
[4.198s] -- Up-to-date: /home/tirthapc/mmwave_ti_ros/ros2_driver/install/ti_mmwave_rospkg_msgs/include/ti_mmwave_rospkg_msgs/ti_mmwave_rospkg_msgs/msg/detail
[4.198s] -- Installing: /home/tirthapc/mmwave_ti_ros/ros2_driver/install/ti_mmwave_rospkg_msgs/include/ti_mmwave_rospkg_msgs/ti_mmwave_rospkg_msgs/msg/detail/radar_point_track_id__builder.hpp
[4.198s] -- Installing: /home/tirthapc/mmwave_ti_ros/ros2_driver/install/ti_mmwave_rospkg_msgs/include/ti_mmwave_rospkg_msgs/ti_mmwave_rospkg_msgs/msg/detail/radar_scan__struct.hpp
[4.198s] -- Installing: /home/tirthapc/mmwave_ti_ros/ros2_driver/install/ti_mmwave_rospkg_msgs/include/ti_mmwave_rospkg_msgs/ti_mmwave_rospkg_msgs/msg/detail/radar_track_contents__struct.hpp
[4.198s] -- Installing: /home/tirthapc/mmwave_ti_ros/ros2_driver/install/ti_mmwave_rospkg_msgs/include/ti_mmwave_rospkg_msgs/ti_mmwave_rospkg_msgs/msg/detail/radar_track_contents__builder.hpp
[4.198s] -- Installing: /home/tirthapc/mmwave_ti_ros/ros2_driver/install/ti_mmwave_rospkg_msgs/include/ti_mmwave_rospkg_msgs/ti_mmwave_rospkg_msgs/msg/detail/radar_scan__traits.hpp
[4.198s] -- Installing: /home/tirthapc/mmwave_ti_ros/ros2_driver/install/ti_mmwave_rospkg_msgs/include/ti_mmwave_rospkg_msgs/ti_mmwave_rospkg_msgs/msg/detail/radar_occupancy__traits.hpp
[4.198s] -- Installing: /home/tirthapc/mmwave_ti_ros/ros2_driver/install/ti_mmwave_rospkg_msgs/include/ti_mmwave_rospkg_msgs/ti_mmwave_rospkg_msgs/msg/detail/radar_scan__builder.hpp
[4.198s] -- Installing: /home/tirthapc/mmwave_ti_ros/ros2_driver/install/ti_mmwave_rospkg_msgs/include/ti_mmwave_rospkg_msgs/ti_mmwave_rospkg_msgs/msg/detail/radar_occupancy__struct.hpp
[4.198s] -- Installing: /home/tirthapc/mmwave_ti_ros/ros2_driver/install/ti_mmwave_rospkg_msgs/include/ti_mmwave_rospkg_msgs/ti_mmwave_rospkg_msgs/msg/detail/radar_occupancy__builder.hpp
[4.198s] -- Installing: /home/tirthapc/mmwave_ti_ros/ros2_driver/install/ti_mmwave_rospkg_msgs/include/ti_mmwave_rospkg_msgs/ti_mmwave_rospkg_msgs/msg/detail/radar_track_array__builder.hpp
[4.198s] -- Installing: /home/tirthapc/mmwave_ti_ros/ros2_driver/install/ti_mmwave_rospkg_msgs/include/ti_mmwave_rospkg_msgs/ti_mmwave_rospkg_msgs/msg/detail/radar_track_array__struct.hpp
[4.198s] -- Installing: /home/tirthapc/mmwave_ti_ros/ros2_driver/install/ti_mmwave_rospkg_msgs/include/ti_mmwave_rospkg_msgs/ti_mmwave_rospkg_msgs/msg/detail/radar_track_array__traits.hpp
[4.198s] -- Installing: /home/tirthapc/mmwave_ti_ros/ros2_driver/install/ti_mmwave_rospkg_msgs/include/ti_mmwave_rospkg_msgs/ti_mmwave_rospkg_msgs/msg/detail/radar_track_contents__traits.hpp
[4.198s] -- Installing: /home/tirthapc/mmwave_ti_ros/ros2_driver/install/ti_mmwave_rospkg_msgs/include/ti_mmwave_rospkg_msgs/ti_mmwave_rospkg_msgs/msg/detail/radar_point_track_id__struct.hpp
[4.198s] -- Installing: /home/tirthapc/mmwave_ti_ros/ros2_driver/install/ti_mmwave_rospkg_msgs/include/ti_mmwave_rospkg_msgs/ti_mmwave_rospkg_msgs/msg/detail/radar_point_track_id__traits.hpp
[4.198s] -- Installing: /home/tirthapc/mmwave_ti_ros/ros2_driver/install/ti_mmwave_rospkg_msgs/include/ti_mmwave_rospkg_msgs/ti_mmwave_rospkg_msgs/msg/radar_track_contents.hpp
[4.198s] -- Installing: /home/tirthapc/mmwave_ti_ros/ros2_driver/install/ti_mmwave_rospkg_msgs/include/ti_mmwave_rospkg_msgs/ti_mmwave_rospkg_msgs/msg/radar_scan.hpp
[4.198s] -- Installing: /home/tirthapc/mmwave_ti_ros/ros2_driver/install/ti_mmwave_rospkg_msgs/include/ti_mmwave_rospkg_msgs/ti_mmwave_rospkg_msgs/msg/radar_point_track_id.hpp
[4.198s] -- Installing: /home/tirthapc/mmwave_ti_ros/ros2_driver/install/ti_mmwave_rospkg_msgs/include/ti_mmwave_rospkg_msgs/ti_mmwave_rospkg_msgs/msg/radar_occupancy.hpp
[4.198s] -- Up-to-date: /home/tirthapc/mmwave_ti_ros/ros2_driver/install/ti_mmwave_rospkg_msgs/include/ti_mmwave_rospkg_msgs/ti_mmwave_rospkg_msgs/srv
[4.198s] -- Up-to-date: /home/tirthapc/mmwave_ti_ros/ros2_driver/install/ti_mmwave_rospkg_msgs/include/ti_mmwave_rospkg_msgs/ti_mmwave_rospkg_msgs/srv/detail
[4.198s] -- Installing: /home/tirthapc/mmwave_ti_ros/ros2_driver/install/ti_mmwave_rospkg_msgs/include/ti_mmwave_rospkg_msgs/ti_mmwave_rospkg_msgs/srv/detail/mmwave_cli__builder.hpp
[4.199s] -- Installing: /home/tirthapc/mmwave_ti_ros/ros2_driver/install/ti_mmwave_rospkg_msgs/include/ti_mmwave_rospkg_msgs/ti_mmwave_rospkg_msgs/srv/detail/mmwave_cli__traits.hpp
[4.199s] -- Installing: /home/tirthapc/mmwave_ti_ros/ros2_driver/install/ti_mmwave_rospkg_msgs/include/ti_mmwave_rospkg_msgs/ti_mmwave_rospkg_msgs/srv/detail/mmwave_cli__struct.hpp
[4.199s] -- Installing: /home/tirthapc/mmwave_ti_ros/ros2_driver/install/ti_mmwave_rospkg_msgs/include/ti_mmwave_rospkg_msgs/ti_mmwave_rospkg_msgs/srv/mmwave_cli.hpp
[4.199s] -- Up-to-date: /home/tirthapc/mmwave_ti_ros/ros2_driver/install/ti_mmwave_rospkg_msgs/include/ti_mmwave_rospkg_msgs/ti_mmwave_rospkg_msgs
[4.199s] -- Up-to-date: /home/tirthapc/mmwave_ti_ros/ros2_driver/install/ti_mmwave_rospkg_msgs/include/ti_mmwave_rospkg_msgs/ti_mmwave_rospkg_msgs/msg
[4.199s] -- Up-to-date: /home/tirthapc/mmwave_ti_ros/ros2_driver/install/ti_mmwave_rospkg_msgs/include/ti_mmwave_rospkg_msgs/ti_mmwave_rospkg_msgs/msg/detail
[4.199s] -- Installing: /home/tirthapc/mmwave_ti_ros/ros2_driver/install/ti_mmwave_rospkg_msgs/include/ti_mmwave_rospkg_msgs/ti_mmwave_rospkg_msgs/msg/detail/dds_fastrtps
[4.199s] -- Installing: /home/tirthapc/mmwave_ti_ros/ros2_driver/install/ti_mmwave_rospkg_msgs/include/ti_mmwave_rospkg_msgs/ti_mmwave_rospkg_msgs/msg/detail/radar_occupancy__rosidl_typesupport_fastrtps_cpp.hpp
[4.199s] -- Installing: /home/tirthapc/mmwave_ti_ros/ros2_driver/install/ti_mmwave_rospkg_msgs/include/ti_mmwave_rospkg_msgs/ti_mmwave_rospkg_msgs/msg/detail/radar_track_array__rosidl_typesupport_fastrtps_cpp.hpp
[4.199s] -- Installing: /home/tirthapc/mmwave_ti_ros/ros2_driver/install/ti_mmwave_rospkg_msgs/include/ti_mmwave_rospkg_msgs/ti_mmwave_rospkg_msgs/msg/detail/radar_scan__rosidl_typesupport_fastrtps_cpp.hpp
[4.199s] -- Installing: /home/tirthapc/mmwave_ti_ros/ros2_driver/install/ti_mmwave_rospkg_msgs/include/ti_mmwave_rospkg_msgs/ti_mmwave_rospkg_msgs/msg/detail/radar_track_contents__rosidl_typesupport_fastrtps_cpp.hpp
[4.199s] -- Installing: /home/tirthapc/mmwave_ti_ros/ros2_driver/install/ti_mmwave_rospkg_msgs/include/ti_mmwave_rospkg_msgs/ti_mmwave_rospkg_msgs/msg/detail/radar_point_track_id__rosidl_typesupport_fastrtps_cpp.hpp
[4.199s] -- Installing: /home/tirthapc/mmwave_ti_ros/ros2_driver/install/ti_mmwave_rospkg_msgs/include/ti_mmwave_rospkg_msgs/ti_mmwave_rospkg_msgs/msg/rosidl_typesupport_fastrtps_cpp__visibility_control.h
[4.199s] -- Up-to-date: /home/tirthapc/mmwave_ti_ros/ros2_driver/install/ti_mmwave_rospkg_msgs/include/ti_mmwave_rospkg_msgs/ti_mmwave_rospkg_msgs/srv
[4.199s] -- Up-to-date: /home/tirthapc/mmwave_ti_ros/ros2_driver/install/ti_mmwave_rospkg_msgs/include/ti_mmwave_rospkg_msgs/ti_mmwave_rospkg_msgs/srv/detail
[4.199s] -- Installing: /home/tirthapc/mmwave_ti_ros/ros2_driver/install/ti_mmwave_rospkg_msgs/include/ti_mmwave_rospkg_msgs/ti_mmwave_rospkg_msgs/srv/detail/dds_fastrtps
[4.199s] -- Installing: /home/tirthapc/mmwave_ti_ros/ros2_driver/install/ti_mmwave_rospkg_msgs/include/ti_mmwave_rospkg_msgs/ti_mmwave_rospkg_msgs/srv/detail/mmwave_cli__rosidl_typesupport_fastrtps_cpp.hpp
[4.199s] -- Installing: /home/tirthapc/mmwave_ti_ros/ros2_driver/install/ti_mmwave_rospkg_msgs/lib/libti_mmwave_rospkg_msgs__rosidl_typesupport_fastrtps_cpp.so
[4.199s] -- Set non-toolchain portion of runtime path of "/home/tirthapc/mmwave_ti_ros/ros2_driver/install/ti_mmwave_rospkg_msgs/lib/libti_mmwave_rospkg_msgs__rosidl_typesupport_fastrtps_cpp.so" to ""
[4.199s] -- Up-to-date: /home/tirthapc/mmwave_ti_ros/ros2_driver/install/ti_mmwave_rospkg_msgs/include/ti_mmwave_rospkg_msgs/ti_mmwave_rospkg_msgs
[4.199s] -- Up-to-date: /home/tirthapc/mmwave_ti_ros/ros2_driver/install/ti_mmwave_rospkg_msgs/include/ti_mmwave_rospkg_msgs/ti_mmwave_rospkg_msgs/msg
[4.199s] -- Up-to-date: /home/tirthapc/mmwave_ti_ros/ros2_driver/install/ti_mmwave_rospkg_msgs/include/ti_mmwave_rospkg_msgs/ti_mmwave_rospkg_msgs/msg/detail
[4.199s] -- Installing: /home/tirthapc/mmwave_ti_ros/ros2_driver/install/ti_mmwave_rospkg_msgs/include/ti_mmwave_rospkg_msgs/ti_mmwave_rospkg_msgs/msg/detail/radar_scan__type_support.cpp
[4.199s] -- Installing: /home/tirthapc/mmwave_ti_ros/ros2_driver/install/ti_mmwave_rospkg_msgs/include/ti_mmwave_rospkg_msgs/ti_mmwave_rospkg_msgs/msg/detail/radar_point_track_id__type_support.cpp
[4.200s] -- Installing: /home/tirthapc/mmwave_ti_ros/ros2_driver/install/ti_mmwave_rospkg_msgs/include/ti_mmwave_rospkg_msgs/ti_mmwave_rospkg_msgs/msg/detail/radar_track_contents__rosidl_typesupport_introspection_cpp.hpp
[4.200s] -- Installing: /home/tirthapc/mmwave_ti_ros/ros2_driver/install/ti_mmwave_rospkg_msgs/include/ti_mmwave_rospkg_msgs/ti_mmwave_rospkg_msgs/msg/detail/radar_point_track_id__rosidl_typesupport_introspection_cpp.hpp
[4.200s] -- Installing: /home/tirthapc/mmwave_ti_ros/ros2_driver/install/ti_mmwave_rospkg_msgs/include/ti_mmwave_rospkg_msgs/ti_mmwave_rospkg_msgs/msg/detail/radar_track_array__type_support.cpp
[4.200s] -- Installing: /home/tirthapc/mmwave_ti_ros/ros2_driver/install/ti_mmwave_rospkg_msgs/include/ti_mmwave_rospkg_msgs/ti_mmwave_rospkg_msgs/msg/detail/radar_track_contents__type_support.cpp
[4.200s] -- Installing: /home/tirthapc/mmwave_ti_ros/ros2_driver/install/ti_mmwave_rospkg_msgs/include/ti_mmwave_rospkg_msgs/ti_mmwave_rospkg_msgs/msg/detail/radar_occupancy__rosidl_typesupport_introspection_cpp.hpp
[4.200s] -- Installing: /home/tirthapc/mmwave_ti_ros/ros2_driver/install/ti_mmwave_rospkg_msgs/include/ti_mmwave_rospkg_msgs/ti_mmwave_rospkg_msgs/msg/detail/radar_scan__rosidl_typesupport_introspection_cpp.hpp
[4.200s] -- Installing: /home/tirthapc/mmwave_ti_ros/ros2_driver/install/ti_mmwave_rospkg_msgs/include/ti_mmwave_rospkg_msgs/ti_mmwave_rospkg_msgs/msg/detail/radar_track_array__rosidl_typesupport_introspection_cpp.hpp
[4.200s] -- Installing: /home/tirthapc/mmwave_ti_ros/ros2_driver/install/ti_mmwave_rospkg_msgs/include/ti_mmwave_rospkg_msgs/ti_mmwave_rospkg_msgs/msg/detail/radar_occupancy__type_support.cpp
[4.200s] -- Up-to-date: /home/tirthapc/mmwave_ti_ros/ros2_driver/install/ti_mmwave_rospkg_msgs/include/ti_mmwave_rospkg_msgs/ti_mmwave_rospkg_msgs/srv
[4.200s] -- Up-to-date: /home/tirthapc/mmwave_ti_ros/ros2_driver/install/ti_mmwave_rospkg_msgs/include/ti_mmwave_rospkg_msgs/ti_mmwave_rospkg_msgs/srv/detail
[4.200s] -- Installing: /home/tirthapc/mmwave_ti_ros/ros2_driver/install/ti_mmwave_rospkg_msgs/include/ti_mmwave_rospkg_msgs/ti_mmwave_rospkg_msgs/srv/detail/mmwave_cli__rosidl_typesupport_introspection_cpp.hpp
[4.200s] -- Installing: /home/tirthapc/mmwave_ti_ros/ros2_driver/install/ti_mmwave_rospkg_msgs/include/ti_mmwave_rospkg_msgs/ti_mmwave_rospkg_msgs/srv/detail/mmwave_cli__type_support.cpp
[4.200s] -- Installing: /home/tirthapc/mmwave_ti_ros/ros2_driver/install/ti_mmwave_rospkg_msgs/lib/libti_mmwave_rospkg_msgs__rosidl_typesupport_introspection_cpp.so
[4.200s] -- Set non-toolchain portion of runtime path of "/home/tirthapc/mmwave_ti_ros/ros2_driver/install/ti_mmwave_rospkg_msgs/lib/libti_mmwave_rospkg_msgs__rosidl_typesupport_introspection_cpp.so" to ""
[4.200s] -- Installing: /home/tirthapc/mmwave_ti_ros/ros2_driver/install/ti_mmwave_rospkg_msgs/lib/libti_mmwave_rospkg_msgs__rosidl_typesupport_cpp.so
[4.200s] -- Set non-toolchain portion of runtime path of "/home/tirthapc/mmwave_ti_ros/ros2_driver/install/ti_mmwave_rospkg_msgs/lib/libti_mmwave_rospkg_msgs__rosidl_typesupport_cpp.so" to ""
[4.200s] -- Installing: /home/tirthapc/mmwave_ti_ros/ros2_driver/install/ti_mmwave_rospkg_msgs/share/ti_mmwave_rospkg_msgs/environment/pythonpath.sh
[4.200s] -- Installing: /home/tirthapc/mmwave_ti_ros/ros2_driver/install/ti_mmwave_rospkg_msgs/share/ti_mmwave_rospkg_msgs/environment/pythonpath.dsv
[4.200s] -- Installing: /home/tirthapc/mmwave_ti_ros/ros2_driver/install/ti_mmwave_rospkg_msgs/local/lib/python3.10/dist-packages/ti_mmwave_rospkg_msgs-1.0.0-py3.10.egg-info
[4.201s] -- Installing: /home/tirthapc/mmwave_ti_ros/ros2_driver/install/ti_mmwave_rospkg_msgs/local/lib/python3.10/dist-packages/ti_mmwave_rospkg_msgs-1.0.0-py3.10.egg-info/top_level.txt
[4.201s] -- Installing: /home/tirthapc/mmwave_ti_ros/ros2_driver/install/ti_mmwave_rospkg_msgs/local/lib/python3.10/dist-packages/ti_mmwave_rospkg_msgs-1.0.0-py3.10.egg-info/dependency_links.txt
[4.201s] -- Installing: /home/tirthapc/mmwave_ti_ros/ros2_driver/install/ti_mmwave_rospkg_msgs/local/lib/python3.10/dist-packages/ti_mmwave_rospkg_msgs-1.0.0-py3.10.egg-info/SOURCES.txt
[4.201s] -- Installing: /home/tirthapc/mmwave_ti_ros/ros2_driver/install/ti_mmwave_rospkg_msgs/local/lib/python3.10/dist-packages/ti_mmwave_rospkg_msgs-1.0.0-py3.10.egg-info/PKG-INFO
[4.201s] -- Installing: /home/tirthapc/mmwave_ti_ros/ros2_driver/install/ti_mmwave_rospkg_msgs/local/lib/python3.10/dist-packages/ti_mmwave_rospkg_msgs
[4.201s] -- Installing: /home/tirthapc/mmwave_ti_ros/ros2_driver/install/ti_mmwave_rospkg_msgs/local/lib/python3.10/dist-packages/ti_mmwave_rospkg_msgs/__init__.py
[4.201s] -- Installing: /home/tirthapc/mmwave_ti_ros/ros2_driver/install/ti_mmwave_rospkg_msgs/local/lib/python3.10/dist-packages/ti_mmwave_rospkg_msgs/_ti_mmwave_rospkg_msgs_s.ep.rosidl_typesupport_introspection_c.c
[4.201s] -- Installing: /home/tirthapc/mmwave_ti_ros/ros2_driver/install/ti_mmwave_rospkg_msgs/local/lib/python3.10/dist-packages/ti_mmwave_rospkg_msgs/ti_mmwave_rospkg_msgs_s__rosidl_typesupport_fastrtps_c.cpython-310-x86_64-linux-gnu.so
[4.201s] -- Installing: /home/tirthapc/mmwave_ti_ros/ros2_driver/install/ti_mmwave_rospkg_msgs/local/lib/python3.10/dist-packages/ti_mmwave_rospkg_msgs/msg
[4.201s] -- Installing: /home/tirthapc/mmwave_ti_ros/ros2_driver/install/ti_mmwave_rospkg_msgs/local/lib/python3.10/dist-packages/ti_mmwave_rospkg_msgs/msg/__init__.py
[4.201s] -- Installing: /home/tirthapc/mmwave_ti_ros/ros2_driver/install/ti_mmwave_rospkg_msgs/local/lib/python3.10/dist-packages/ti_mmwave_rospkg_msgs/msg/_radar_point_track_id_s.c
[4.201s] -- Installing: /home/tirthapc/mmwave_ti_ros/ros2_driver/install/ti_mmwave_rospkg_msgs/local/lib/python3.10/dist-packages/ti_mmwave_rospkg_msgs/msg/_radar_track_array_s.c
[4.201s] -- Installing: /home/tirthapc/mmwave_ti_ros/ros2_driver/install/ti_mmwave_rospkg_msgs/local/lib/python3.10/dist-packages/ti_mmwave_rospkg_msgs/msg/_radar_track_array.py
[4.201s] -- Installing: /home/tirthapc/mmwave_ti_ros/ros2_driver/install/ti_mmwave_rospkg_msgs/local/lib/python3.10/dist-packages/ti_mmwave_rospkg_msgs/msg/_radar_occupancy.py
[4.201s] -- Installing: /home/tirthapc/mmwave_ti_ros/ros2_driver/install/ti_mmwave_rospkg_msgs/local/lib/python3.10/dist-packages/ti_mmwave_rospkg_msgs/msg/_radar_scan.py
[4.201s] -- Installing: /home/tirthapc/mmwave_ti_ros/ros2_driver/install/ti_mmwave_rospkg_msgs/local/lib/python3.10/dist-packages/ti_mmwave_rospkg_msgs/msg/_radar_occupancy_s.c
[4.201s] -- Installing: /home/tirthapc/mmwave_ti_ros/ros2_driver/install/ti_mmwave_rospkg_msgs/local/lib/python3.10/dist-packages/ti_mmwave_rospkg_msgs/msg/_radar_track_contents.py
[4.201s] -- Installing: /home/tirthapc/mmwave_ti_ros/ros2_driver/install/ti_mmwave_rospkg_msgs/local/lib/python3.10/dist-packages/ti_mmwave_rospkg_msgs/msg/_radar_point_track_id.py
[4.201s] -- Installing: /home/tirthapc/mmwave_ti_ros/ros2_driver/install/ti_mmwave_rospkg_msgs/local/lib/python3.10/dist-packages/ti_mmwave_rospkg_msgs/msg/_radar_track_contents_s.c
[4.201s] -- Installing: /home/tirthapc/mmwave_ti_ros/ros2_driver/install/ti_mmwave_rospkg_msgs/local/lib/python3.10/dist-packages/ti_mmwave_rospkg_msgs/msg/_radar_scan_s.c
[4.201s] -- Installing: /home/tirthapc/mmwave_ti_ros/ros2_driver/install/ti_mmwave_rospkg_msgs/local/lib/python3.10/dist-packages/ti_mmwave_rospkg_msgs/ti_mmwave_rospkg_msgs_s__rosidl_typesupport_introspection_c.cpython-310-x86_64-linux-gnu.so
[4.202s] -- Installing: /home/tirthapc/mmwave_ti_ros/ros2_driver/install/ti_mmwave_rospkg_msgs/local/lib/python3.10/dist-packages/ti_mmwave_rospkg_msgs/srv
[4.202s] -- Installing: /home/tirthapc/mmwave_ti_ros/ros2_driver/install/ti_mmwave_rospkg_msgs/local/lib/python3.10/dist-packages/ti_mmwave_rospkg_msgs/srv/__init__.py
[4.202s] -- Installing: /home/tirthapc/mmwave_ti_ros/ros2_driver/install/ti_mmwave_rospkg_msgs/local/lib/python3.10/dist-packages/ti_mmwave_rospkg_msgs/srv/_mmwave_cli.py
[4.202s] -- Installing: /home/tirthapc/mmwave_ti_ros/ros2_driver/install/ti_mmwave_rospkg_msgs/local/lib/python3.10/dist-packages/ti_mmwave_rospkg_msgs/srv/_mmwave_cli_s.c
[4.202s] -- Installing: /home/tirthapc/mmwave_ti_ros/ros2_driver/install/ti_mmwave_rospkg_msgs/local/lib/python3.10/dist-packages/ti_mmwave_rospkg_msgs/libti_mmwave_rospkg_msgs__rosidl_generator_py.so
[4.202s] -- Installing: /home/tirthapc/mmwave_ti_ros/ros2_driver/install/ti_mmwave_rospkg_msgs/local/lib/python3.10/dist-packages/ti_mmwave_rospkg_msgs/_ti_mmwave_rospkg_msgs_s.ep.rosidl_typesupport_c.c
[4.202s] -- Installing: /home/tirthapc/mmwave_ti_ros/ros2_driver/install/ti_mmwave_rospkg_msgs/local/lib/python3.10/dist-packages/ti_mmwave_rospkg_msgs/_ti_mmwave_rospkg_msgs_s.ep.rosidl_typesupport_fastrtps_c.c
[4.202s] -- Installing: /home/tirthapc/mmwave_ti_ros/ros2_driver/install/ti_mmwave_rospkg_msgs/local/lib/python3.10/dist-packages/ti_mmwave_rospkg_msgs/ti_mmwave_rospkg_msgs_s__rosidl_typesupport_c.cpython-310-x86_64-linux-gnu.so
[4.226s] Listing '/home/tirthapc/mmwave_ti_ros/ros2_driver/install/ti_mmwave_rospkg_msgs/local/lib/python3.10/dist-packages/ti_mmwave_rospkg_msgs'...
[4.226s] Compiling '/home/tirthapc/mmwave_ti_ros/ros2_driver/install/ti_mmwave_rospkg_msgs/local/lib/python3.10/dist-packages/ti_mmwave_rospkg_msgs/__init__.py'...
[4.226s] Listing '/home/tirthapc/mmwave_ti_ros/ros2_driver/install/ti_mmwave_rospkg_msgs/local/lib/python3.10/dist-packages/ti_mmwave_rospkg_msgs/msg'...
[4.226s] Compiling '/home/tirthapc/mmwave_ti_ros/ros2_driver/install/ti_mmwave_rospkg_msgs/local/lib/python3.10/dist-packages/ti_mmwave_rospkg_msgs/msg/__init__.py'...
[4.226s] Compiling '/home/tirthapc/mmwave_ti_ros/ros2_driver/install/ti_mmwave_rospkg_msgs/local/lib/python3.10/dist-packages/ti_mmwave_rospkg_msgs/msg/_radar_occupancy.py'...
[4.226s] Compiling '/home/tirthapc/mmwave_ti_ros/ros2_driver/install/ti_mmwave_rospkg_msgs/local/lib/python3.10/dist-packages/ti_mmwave_rospkg_msgs/msg/_radar_point_track_id.py'...
[4.226s] Compiling '/home/tirthapc/mmwave_ti_ros/ros2_driver/install/ti_mmwave_rospkg_msgs/local/lib/python3.10/dist-packages/ti_mmwave_rospkg_msgs/msg/_radar_scan.py'...
[4.226s] Compiling '/home/tirthapc/mmwave_ti_ros/ros2_driver/install/ti_mmwave_rospkg_msgs/local/lib/python3.10/dist-packages/ti_mmwave_rospkg_msgs/msg/_radar_track_array.py'...
[4.226s] Compiling '/home/tirthapc/mmwave_ti_ros/ros2_driver/install/ti_mmwave_rospkg_msgs/local/lib/python3.10/dist-packages/ti_mmwave_rospkg_msgs/msg/_radar_track_contents.py'...
[4.226s] Listing '/home/tirthapc/mmwave_ti_ros/ros2_driver/install/ti_mmwave_rospkg_msgs/local/lib/python3.10/dist-packages/ti_mmwave_rospkg_msgs/srv'...
[4.226s] Compiling '/home/tirthapc/mmwave_ti_ros/ros2_driver/install/ti_mmwave_rospkg_msgs/local/lib/python3.10/dist-packages/ti_mmwave_rospkg_msgs/srv/__init__.py'...
[4.226s] Compiling '/home/tirthapc/mmwave_ti_ros/ros2_driver/install/ti_mmwave_rospkg_msgs/local/lib/python3.10/dist-packages/ti_mmwave_rospkg_msgs/srv/_mmwave_cli.py'...
[4.228s] -- Installing: /home/tirthapc/mmwave_ti_ros/ros2_driver/install/ti_mmwave_rospkg_msgs/local/lib/python3.10/dist-packages/ti_mmwave_rospkg_msgs/ti_mmwave_rospkg_msgs_s__rosidl_typesupport_fastrtps_c.cpython-310-x86_64-linux-gnu.so
[4.228s] -- Set non-toolchain portion of runtime path of "/home/tirthapc/mmwave_ti_ros/ros2_driver/install/ti_mmwave_rospkg_msgs/local/lib/python3.10/dist-packages/ti_mmwave_rospkg_msgs/ti_mmwave_rospkg_msgs_s__rosidl_typesupport_fastrtps_c.cpython-310-x86_64-linux-gnu.so" to ""
[4.228s] -- Installing: /home/tirthapc/mmwave_ti_ros/ros2_driver/install/ti_mmwave_rospkg_msgs/local/lib/python3.10/dist-packages/ti_mmwave_rospkg_msgs/ti_mmwave_rospkg_msgs_s__rosidl_typesupport_introspection_c.cpython-310-x86_64-linux-gnu.so
[4.229s] -- Set non-toolchain portion of runtime path of "/home/tirthapc/mmwave_ti_ros/ros2_driver/install/ti_mmwave_rospkg_msgs/local/lib/python3.10/dist-packages/ti_mmwave_rospkg_msgs/ti_mmwave_rospkg_msgs_s__rosidl_typesupport_introspection_c.cpython-310-x86_64-linux-gnu.so" to ""
[4.229s] -- Installing: /home/tirthapc/mmwave_ti_ros/ros2_driver/install/ti_mmwave_rospkg_msgs/local/lib/python3.10/dist-packages/ti_mmwave_rospkg_msgs/ti_mmwave_rospkg_msgs_s__rosidl_typesupport_c.cpython-310-x86_64-linux-gnu.so
[4.229s] -- Set non-toolchain portion of runtime path of "/home/tirthapc/mmwave_ti_ros/ros2_driver/install/ti_mmwave_rospkg_msgs/local/lib/python3.10/dist-packages/ti_mmwave_rospkg_msgs/ti_mmwave_rospkg_msgs_s__rosidl_typesupport_c.cpython-310-x86_64-linux-gnu.so" to ""
[4.229s] -- Installing: /home/tirthapc/mmwave_ti_ros/ros2_driver/install/ti_mmwave_rospkg_msgs/lib/libti_mmwave_rospkg_msgs__rosidl_generator_py.so
[4.229s] -- Set non-toolchain portion of runtime path of "/home/tirthapc/mmwave_ti_ros/ros2_driver/install/ti_mmwave_rospkg_msgs/lib/libti_mmwave_rospkg_msgs__rosidl_generator_py.so" to ""
[4.229s] -- Installing: /home/tirthapc/mmwave_ti_ros/ros2_driver/install/ti_mmwave_rospkg_msgs/share/ti_mmwave_rospkg_msgs/msg/RadarScan.idl
[4.229s] -- Installing: /home/tirthapc/mmwave_ti_ros/ros2_driver/install/ti_mmwave_rospkg_msgs/share/ti_mmwave_rospkg_msgs/msg/RadarOccupancy.idl
[4.229s] -- Installing: /home/tirthapc/mmwave_ti_ros/ros2_driver/install/ti_mmwave_rospkg_msgs/share/ti_mmwave_rospkg_msgs/msg/RadarTrackArray.idl
[4.229s] -- Installing: /home/tirthapc/mmwave_ti_ros/ros2_driver/install/ti_mmwave_rospkg_msgs/share/ti_mmwave_rospkg_msgs/msg/RadarTrackContents.idl
[4.229s] -- Installing: /home/tirthapc/mmwave_ti_ros/ros2_driver/install/ti_mmwave_rospkg_msgs/share/ti_mmwave_rospkg_msgs/msg/RadarPointTrackID.idl
[4.229s] -- Installing: /home/tirthapc/mmwave_ti_ros/ros2_driver/install/ti_mmwave_rospkg_msgs/share/ti_mmwave_rospkg_msgs/srv/MmwaveCli.idl
[4.230s] -- Installing: /home/tirthapc/mmwave_ti_ros/ros2_driver/install/ti_mmwave_rospkg_msgs/share/ti_mmwave_rospkg_msgs/msg/RadarScan.msg
[4.230s] -- Installing: /home/tirthapc/mmwave_ti_ros/ros2_driver/install/ti_mmwave_rospkg_msgs/share/ti_mmwave_rospkg_msgs/msg/RadarOccupancy.msg
[4.230s] -- Installing: /home/tirthapc/mmwave_ti_ros/ros2_driver/install/ti_mmwave_rospkg_msgs/share/ti_mmwave_rospkg_msgs/msg/RadarTrackArray.msg
[4.230s] -- Installing: /home/tirthapc/mmwave_ti_ros/ros2_driver/install/ti_mmwave_rospkg_msgs/share/ti_mmwave_rospkg_msgs/msg/RadarTrackContents.msg
[4.230s] -- Installing: /home/tirthapc/mmwave_ti_ros/ros2_driver/install/ti_mmwave_rospkg_msgs/share/ti_mmwave_rospkg_msgs/msg/RadarPointTrackID.msg
[4.230s] -- Installing: /home/tirthapc/mmwave_ti_ros/ros2_driver/install/ti_mmwave_rospkg_msgs/share/ti_mmwave_rospkg_msgs/srv/MmwaveCli.srv
[4.230s] -- Installing: /home/tirthapc/mmwave_ti_ros/ros2_driver/install/ti_mmwave_rospkg_msgs/share/ti_mmwave_rospkg_msgs/srv/MmwaveCli_Request.msg
[4.230s] -- Installing: /home/tirthapc/mmwave_ti_ros/ros2_driver/install/ti_mmwave_rospkg_msgs/share/ti_mmwave_rospkg_msgs/srv/MmwaveCli_Response.msg
[4.230s] -- Installing: /home/tirthapc/mmwave_ti_ros/ros2_driver/install/ti_mmwave_rospkg_msgs/share/ament_index/resource_index/package_run_dependencies/ti_mmwave_rospkg_msgs
[4.230s] -- Installing: /home/tirthapc/mmwave_ti_ros/ros2_driver/install/ti_mmwave_rospkg_msgs/share/ament_index/resource_index/parent_prefix_path/ti_mmwave_rospkg_msgs
[4.230s] -- Installing: /home/tirthapc/mmwave_ti_ros/ros2_driver/install/ti_mmwave_rospkg_msgs/share/ti_mmwave_rospkg_msgs/environment/ament_prefix_path.sh
[4.230s] -- Installing: /home/tirthapc/mmwave_ti_ros/ros2_driver/install/ti_mmwave_rospkg_msgs/share/ti_mmwave_rospkg_msgs/environment/ament_prefix_path.dsv
[4.230s] -- Installing: /home/tirthapc/mmwave_ti_ros/ros2_driver/install/ti_mmwave_rospkg_msgs/share/ti_mmwave_rospkg_msgs/environment/path.sh
[4.230s] -- Installing: /home/tirthapc/mmwave_ti_ros/ros2_driver/install/ti_mmwave_rospkg_msgs/share/ti_mmwave_rospkg_msgs/environment/path.dsv
[4.230s] -- Installing: /home/tirthapc/mmwave_ti_ros/ros2_driver/install/ti_mmwave_rospkg_msgs/share/ti_mmwave_rospkg_msgs/local_setup.bash
[4.231s] -- Installing: /home/tirthapc/mmwave_ti_ros/ros2_driver/install/ti_mmwave_rospkg_msgs/share/ti_mmwave_rospkg_msgs/local_setup.sh
[4.231s] -- Installing: /home/tirthapc/mmwave_ti_ros/ros2_driver/install/ti_mmwave_rospkg_msgs/share/ti_mmwave_rospkg_msgs/local_setup.zsh
[4.231s] -- Installing: /home/tirthapc/mmwave_ti_ros/ros2_driver/install/ti_mmwave_rospkg_msgs/share/ti_mmwave_rospkg_msgs/local_setup.dsv
[4.231s] -- Installing: /home/tirthapc/mmwave_ti_ros/ros2_driver/install/ti_mmwave_rospkg_msgs/share/ti_mmwave_rospkg_msgs/package.dsv
[4.231s] -- Installing: /home/tirthapc/mmwave_ti_ros/ros2_driver/install/ti_mmwave_rospkg_msgs/share/ament_index/resource_index/packages/ti_mmwave_rospkg_msgs
[4.231s] -- Installing: /home/tirthapc/mmwave_ti_ros/ros2_driver/install/ti_mmwave_rospkg_msgs/share/ti_mmwave_rospkg_msgs/cmake/export_ti_mmwave_rospkg_msgs__rosidl_generator_cExport.cmake
[4.231s] -- Installing: /home/tirthapc/mmwave_ti_ros/ros2_driver/install/ti_mmwave_rospkg_msgs/share/ti_mmwave_rospkg_msgs/cmake/export_ti_mmwave_rospkg_msgs__rosidl_generator_cExport-noconfig.cmake
[4.231s] -- Installing: /home/tirthapc/mmwave_ti_ros/ros2_driver/install/ti_mmwave_rospkg_msgs/share/ti_mmwave_rospkg_msgs/cmake/export_ti_mmwave_rospkg_msgs__rosidl_typesupport_fastrtps_cExport.cmake
[4.231s] -- Installing: /home/tirthapc/mmwave_ti_ros/ros2_driver/install/ti_mmwave_rospkg_msgs/share/ti_mmwave_rospkg_msgs/cmake/export_ti_mmwave_rospkg_msgs__rosidl_typesupport_fastrtps_cExport-noconfig.cmake
[4.231s] -- Installing: /home/tirthapc/mmwave_ti_ros/ros2_driver/install/ti_mmwave_rospkg_msgs/share/ti_mmwave_rospkg_msgs/cmake/ti_mmwave_rospkg_msgs__rosidl_typesupport_introspection_cExport.cmake
[4.231s] -- Installing: /home/tirthapc/mmwave_ti_ros/ros2_driver/install/ti_mmwave_rospkg_msgs/share/ti_mmwave_rospkg_msgs/cmake/ti_mmwave_rospkg_msgs__rosidl_typesupport_introspection_cExport-noconfig.cmake
[4.232s] -- Installing: /home/tirthapc/mmwave_ti_ros/ros2_driver/install/ti_mmwave_rospkg_msgs/share/ti_mmwave_rospkg_msgs/cmake/ti_mmwave_rospkg_msgs__rosidl_typesupport_cExport.cmake
[4.232s] -- Installing: /home/tirthapc/mmwave_ti_ros/ros2_driver/install/ti_mmwave_rospkg_msgs/share/ti_mmwave_rospkg_msgs/cmake/ti_mmwave_rospkg_msgs__rosidl_typesupport_cExport-noconfig.cmake
[4.232s] -- Installing: /home/tirthapc/mmwave_ti_ros/ros2_driver/install/ti_mmwave_rospkg_msgs/share/ti_mmwave_rospkg_msgs/cmake/export_ti_mmwave_rospkg_msgs__rosidl_generator_cppExport.cmake
[4.232s] -- Installing: /home/tirthapc/mmwave_ti_ros/ros2_driver/install/ti_mmwave_rospkg_msgs/share/ti_mmwave_rospkg_msgs/cmake/export_ti_mmwave_rospkg_msgs__rosidl_typesupport_fastrtps_cppExport.cmake
[4.232s] -- Installing: /home/tirthapc/mmwave_ti_ros/ros2_driver/install/ti_mmwave_rospkg_msgs/share/ti_mmwave_rospkg_msgs/cmake/export_ti_mmwave_rospkg_msgs__rosidl_typesupport_fastrtps_cppExport-noconfig.cmake
[4.232s] -- Installing: /home/tirthapc/mmwave_ti_ros/ros2_driver/install/ti_mmwave_rospkg_msgs/share/ti_mmwave_rospkg_msgs/cmake/ti_mmwave_rospkg_msgs__rosidl_typesupport_introspection_cppExport.cmake
[4.232s] -- Installing: /home/tirthapc/mmwave_ti_ros/ros2_driver/install/ti_mmwave_rospkg_msgs/share/ti_mmwave_rospkg_msgs/cmake/ti_mmwave_rospkg_msgs__rosidl_typesupport_introspection_cppExport-noconfig.cmake
[4.232s] -- Installing: /home/tirthapc/mmwave_ti_ros/ros2_driver/install/ti_mmwave_rospkg_msgs/share/ti_mmwave_rospkg_msgs/cmake/ti_mmwave_rospkg_msgs__rosidl_typesupport_cppExport.cmake
[4.232s] -- Installing: /home/tirthapc/mmwave_ti_ros/ros2_driver/install/ti_mmwave_rospkg_msgs/share/ti_mmwave_rospkg_msgs/cmake/ti_mmwave_rospkg_msgs__rosidl_typesupport_cppExport-noconfig.cmake
[4.232s] -- Installing: /home/tirthapc/mmwave_ti_ros/ros2_driver/install/ti_mmwave_rospkg_msgs/share/ti_mmwave_rospkg_msgs/cmake/export_ti_mmwave_rospkg_msgs__rosidl_generator_pyExport.cmake
[4.232s] -- Installing: /home/tirthapc/mmwave_ti_ros/ros2_driver/install/ti_mmwave_rospkg_msgs/share/ti_mmwave_rospkg_msgs/cmake/export_ti_mmwave_rospkg_msgs__rosidl_generator_pyExport-noconfig.cmake
[4.232s] -- Installing: /home/tirthapc/mmwave_ti_ros/ros2_driver/install/ti_mmwave_rospkg_msgs/share/ti_mmwave_rospkg_msgs/cmake/rosidl_cmake-extras.cmake
[4.232s] -- Installing: /home/tirthapc/mmwave_ti_ros/ros2_driver/install/ti_mmwave_rospkg_msgs/share/ti_mmwave_rospkg_msgs/cmake/ament_cmake_export_dependencies-extras.cmake
[4.232s] -- Installing: /home/tirthapc/mmwave_ti_ros/ros2_driver/install/ti_mmwave_rospkg_msgs/share/ti_mmwave_rospkg_msgs/cmake/ament_cmake_export_include_directories-extras.cmake
[4.233s] -- Installing: /home/tirthapc/mmwave_ti_ros/ros2_driver/install/ti_mmwave_rospkg_msgs/share/ti_mmwave_rospkg_msgs/cmake/ament_cmake_export_libraries-extras.cmake
[4.233s] -- Installing: /home/tirthapc/mmwave_ti_ros/ros2_driver/install/ti_mmwave_rospkg_msgs/share/ti_mmwave_rospkg_msgs/cmake/ament_cmake_export_targets-extras.cmake
[4.233s] -- Installing: /home/tirthapc/mmwave_ti_ros/ros2_driver/install/ti_mmwave_rospkg_msgs/share/ti_mmwave_rospkg_msgs/cmake/rosidl_cmake_export_typesupport_targets-extras.cmake
[4.233s] -- Installing: /home/tirthapc/mmwave_ti_ros/ros2_driver/install/ti_mmwave_rospkg_msgs/share/ti_mmwave_rospkg_msgs/cmake/rosidl_cmake_export_typesupport_libraries-extras.cmake
[4.233s] -- Installing: /home/tirthapc/mmwave_ti_ros/ros2_driver/install/ti_mmwave_rospkg_msgs/share/ti_mmwave_rospkg_msgs/cmake/ti_mmwave_rospkg_msgsConfig.cmake
[4.233s] -- Installing: /home/tirthapc/mmwave_ti_ros/ros2_driver/install/ti_mmwave_rospkg_msgs/share/ti_mmwave_rospkg_msgs/cmake/ti_mmwave_rospkg_msgsConfig-version.cmake
[4.233s] -- Installing: /home/tirthapc/mmwave_ti_ros/ros2_driver/install/ti_mmwave_rospkg_msgs/share/ti_mmwave_rospkg_msgs/package.xml
[4.241s] Invoked command in '/home/tirthapc/mmwave_ti_ros/ros2_driver/build/ti_mmwave_rospkg_msgs' returned '0': CMAKE_PREFIX_PATH=${CMAKE_PREFIX_PATH}:/opt/ros/humble /home/tirthapc/.local/bin/cmake --install /home/tirthapc/mmwave_ti_ros/ros2_driver/build/ti_mmwave_rospkg_msgs
