[0.067s] DEBUG:colcon:Command line arguments: ['/usr/bin/colcon', 'build']
[0.067s] DEBUG:colcon:Parsed command line arguments: Namespace(log_base=None, log_level=None, verb_name='build', build_base='build', install_base='install', merge_install=False, symlink_install=False, test_result_base=None, continue_on_error=False, executor='parallel', parallel_workers=16, event_handlers=None, ignore_user_meta=False, metas=['./colcon.meta'], base_paths=['.'], packages_ignore=None, packages_ignore_regex=None, paths=None, packages_up_to=None, packages_up_to_regex=None, packages_above=None, packages_above_and_dependencies=None, packages_above_depth=None, packages_select_by_dep=None, packages_skip_by_dep=None, packages_skip_up_to=None, packages_select_build_failed=False, packages_skip_build_finished=False, packages_select_test_failures=False, packages_skip_test_passed=False, packages_select=None, packages_skip=None, packages_select_regex=None, packages_skip_regex=None, packages_start=None, packages_end=None, allow_overriding=[], cmake_args=None, cmake_target=None, cmake_target_skip_unavailable=False, cmake_clean_cache=False, cmake_clean_first=False, cmake_force_configure=False, ament_cmake_args=None, catkin_cmake_args=None, catkin_skip_building_tests=False, mixin_files=None, mixin=None, verb_parser=<colcon_mixin.mixin.mixin_argument.MixinArgumentDecorator object at 0x7d850e129000>, verb_extension=<colcon_core.verb.build.BuildVerb object at 0x7d850e2f6770>, main=<bound method BuildVerb.main of <colcon_core.verb.build.BuildVerb object at 0x7d850e2f6770>>, mixin_verb=('build',))
[0.181s] Level 1:colcon.colcon_core.package_discovery:discover_packages(colcon_meta) check parameters
[0.181s] Level 1:colcon.colcon_core.package_discovery:discover_packages(recursive) check parameters
[0.181s] Level 1:colcon.colcon_core.package_discovery:discover_packages(ignore) check parameters
[0.181s] Level 1:colcon.colcon_core.package_discovery:discover_packages(path) check parameters
[0.181s] Level 1:colcon.colcon_core.package_discovery:discover_packages(colcon_meta) discover
[0.181s] Level 1:colcon.colcon_core.package_discovery:discover_packages(recursive) discover
[0.181s] INFO:colcon.colcon_core.package_discovery:Crawling recursively for packages in '/home/tirthapc/mmwave_ti_ros/ros2_driver'
[0.181s] Level 1:colcon.colcon_core.package_identification:_identify(.) by extensions ['ignore', 'ignore_ament_install']
[0.181s] Level 1:colcon.colcon_core.package_identification:_identify(.) by extension 'ignore'
[0.181s] Level 1:colcon.colcon_core.package_identification:_identify(.) by extension 'ignore_ament_install'
[0.181s] Level 1:colcon.colcon_core.package_identification:_identify(.) by extensions ['colcon_pkg']
[0.181s] Level 1:colcon.colcon_core.package_identification:_identify(.) by extension 'colcon_pkg'
[0.181s] Level 1:colcon.colcon_core.package_identification:_identify(.) by extensions ['colcon_meta']
[0.181s] Level 1:colcon.colcon_core.package_identification:_identify(.) by extension 'colcon_meta'
[0.181s] Level 1:colcon.colcon_core.package_identification:_identify(.) by extensions ['ros']
[0.181s] Level 1:colcon.colcon_core.package_identification:_identify(.) by extension 'ros'
[0.188s] Level 1:colcon.colcon_core.package_identification:_identify(.) by extensions ['cmake', 'python']
[0.188s] Level 1:colcon.colcon_core.package_identification:_identify(.) by extension 'cmake'
[0.188s] Level 1:colcon.colcon_core.package_identification:_identify(.) by extension 'python'
[0.188s] Level 1:colcon.colcon_core.package_identification:_identify(.) by extensions ['python_setup_py']
[0.188s] Level 1:colcon.colcon_core.package_identification:_identify(.) by extension 'python_setup_py'
[0.188s] Level 1:colcon.colcon_core.package_identification:_identify(build) by extensions ['ignore', 'ignore_ament_install']
[0.188s] Level 1:colcon.colcon_core.package_identification:_identify(build) by extension 'ignore'
[0.188s] Level 1:colcon.colcon_core.package_identification:_identify(build) ignored
[0.188s] Level 1:colcon.colcon_core.package_identification:_identify(install) by extensions ['ignore', 'ignore_ament_install']
[0.188s] Level 1:colcon.colcon_core.package_identification:_identify(install) by extension 'ignore'
[0.188s] Level 1:colcon.colcon_core.package_identification:_identify(install) ignored
[0.188s] Level 1:colcon.colcon_core.package_identification:_identify(log) by extensions ['ignore', 'ignore_ament_install']
[0.188s] Level 1:colcon.colcon_core.package_identification:_identify(log) by extension 'ignore'
[0.188s] Level 1:colcon.colcon_core.package_identification:_identify(log) ignored
[0.188s] Level 1:colcon.colcon_core.package_identification:_identify(src) by extensions ['ignore', 'ignore_ament_install']
[0.188s] Level 1:colcon.colcon_core.package_identification:_identify(src) by extension 'ignore'
[0.188s] Level 1:colcon.colcon_core.package_identification:_identify(src) by extension 'ignore_ament_install'
[0.188s] Level 1:colcon.colcon_core.package_identification:_identify(src) by extensions ['colcon_pkg']
[0.188s] Level 1:colcon.colcon_core.package_identification:_identify(src) by extension 'colcon_pkg'
[0.188s] Level 1:colcon.colcon_core.package_identification:_identify(src) by extensions ['colcon_meta']
[0.188s] Level 1:colcon.colcon_core.package_identification:_identify(src) by extension 'colcon_meta'
[0.188s] Level 1:colcon.colcon_core.package_identification:_identify(src) by extensions ['ros']
[0.188s] Level 1:colcon.colcon_core.package_identification:_identify(src) by extension 'ros'
[0.188s] Level 1:colcon.colcon_core.package_identification:_identify(src) by extensions ['cmake', 'python']
[0.188s] Level 1:colcon.colcon_core.package_identification:_identify(src) by extension 'cmake'
[0.188s] Level 1:colcon.colcon_core.package_identification:_identify(src) by extension 'python'
[0.188s] Level 1:colcon.colcon_core.package_identification:_identify(src) by extensions ['python_setup_py']
[0.188s] Level 1:colcon.colcon_core.package_identification:_identify(src) by extension 'python_setup_py'
[0.189s] Level 1:colcon.colcon_core.package_identification:_identify(src/serial-ros2-master) by extensions ['ignore', 'ignore_ament_install']
[0.189s] Level 1:colcon.colcon_core.package_identification:_identify(src/serial-ros2-master) by extension 'ignore'
[0.189s] Level 1:colcon.colcon_core.package_identification:_identify(src/serial-ros2-master) by extension 'ignore_ament_install'
[0.189s] Level 1:colcon.colcon_core.package_identification:_identify(src/serial-ros2-master) by extensions ['colcon_pkg']
[0.189s] Level 1:colcon.colcon_core.package_identification:_identify(src/serial-ros2-master) by extension 'colcon_pkg'
[0.189s] Level 1:colcon.colcon_core.package_identification:_identify(src/serial-ros2-master) by extensions ['colcon_meta']
[0.189s] Level 1:colcon.colcon_core.package_identification:_identify(src/serial-ros2-master) by extension 'colcon_meta'
[0.189s] Level 1:colcon.colcon_core.package_identification:_identify(src/serial-ros2-master) by extensions ['ros']
[0.189s] Level 1:colcon.colcon_core.package_identification:_identify(src/serial-ros2-master) by extension 'ros'
[0.190s] DEBUG:colcon.colcon_core.package_identification:Package 'src/serial-ros2-master' with type 'ros.ament_cmake' and name 'serial'
[0.190s] Level 1:colcon.colcon_core.package_identification:_identify(src/ti_mmwave_rospkg) by extensions ['ignore', 'ignore_ament_install']
[0.190s] Level 1:colcon.colcon_core.package_identification:_identify(src/ti_mmwave_rospkg) by extension 'ignore'
[0.190s] Level 1:colcon.colcon_core.package_identification:_identify(src/ti_mmwave_rospkg) by extension 'ignore_ament_install'
[0.190s] Level 1:colcon.colcon_core.package_identification:_identify(src/ti_mmwave_rospkg) by extensions ['colcon_pkg']
[0.190s] Level 1:colcon.colcon_core.package_identification:_identify(src/ti_mmwave_rospkg) by extension 'colcon_pkg'
[0.190s] Level 1:colcon.colcon_core.package_identification:_identify(src/ti_mmwave_rospkg) by extensions ['colcon_meta']
[0.190s] Level 1:colcon.colcon_core.package_identification:_identify(src/ti_mmwave_rospkg) by extension 'colcon_meta'
[0.190s] Level 1:colcon.colcon_core.package_identification:_identify(src/ti_mmwave_rospkg) by extensions ['ros']
[0.190s] Level 1:colcon.colcon_core.package_identification:_identify(src/ti_mmwave_rospkg) by extension 'ros'
[0.191s] DEBUG:colcon.colcon_core.package_identification:Package 'src/ti_mmwave_rospkg' with type 'ros.ament_cmake' and name 'ti_mmwave_rospkg'
[0.191s] Level 1:colcon.colcon_core.package_identification:_identify(src/ti_mmwave_rospkg_msgs) by extensions ['ignore', 'ignore_ament_install']
[0.191s] Level 1:colcon.colcon_core.package_identification:_identify(src/ti_mmwave_rospkg_msgs) by extension 'ignore'
[0.191s] Level 1:colcon.colcon_core.package_identification:_identify(src/ti_mmwave_rospkg_msgs) by extension 'ignore_ament_install'
[0.191s] Level 1:colcon.colcon_core.package_identification:_identify(src/ti_mmwave_rospkg_msgs) by extensions ['colcon_pkg']
[0.191s] Level 1:colcon.colcon_core.package_identification:_identify(src/ti_mmwave_rospkg_msgs) by extension 'colcon_pkg'
[0.191s] Level 1:colcon.colcon_core.package_identification:_identify(src/ti_mmwave_rospkg_msgs) by extensions ['colcon_meta']
[0.191s] Level 1:colcon.colcon_core.package_identification:_identify(src/ti_mmwave_rospkg_msgs) by extension 'colcon_meta'
[0.191s] Level 1:colcon.colcon_core.package_identification:_identify(src/ti_mmwave_rospkg_msgs) by extensions ['ros']
[0.191s] Level 1:colcon.colcon_core.package_identification:_identify(src/ti_mmwave_rospkg_msgs) by extension 'ros'
[0.192s] DEBUG:colcon.colcon_core.package_identification:Package 'src/ti_mmwave_rospkg_msgs' with type 'ros.ament_cmake' and name 'ti_mmwave_rospkg_msgs'
[0.192s] Level 1:colcon.colcon_core.package_discovery:discover_packages(recursive) using defaults
[0.192s] Level 1:colcon.colcon_core.package_discovery:discover_packages(ignore) discover
[0.192s] Level 1:colcon.colcon_core.package_discovery:discover_packages(ignore) using defaults
[0.192s] Level 1:colcon.colcon_core.package_discovery:discover_packages(path) discover
[0.192s] Level 1:colcon.colcon_core.package_discovery:discover_packages(path) using defaults
[0.203s] Level 1:colcon.colcon_core.package_discovery:discover_packages(prefix_path) check parameters
[0.203s] Level 1:colcon.colcon_core.package_discovery:discover_packages(prefix_path) discover
[0.204s] DEBUG:colcon.colcon_installed_package_information.package_discovery:Found 3 installed packages in /home/tirthapc/mmwave_ti_ros/ros2_driver/install
[0.205s] DEBUG:colcon.colcon_installed_package_information.package_discovery:Found 362 installed packages in /opt/ros/humble
[0.211s] Level 1:colcon.colcon_core.package_discovery:discover_packages(prefix_path) using defaults
[0.236s] Level 5:colcon.colcon_core.verb:set package 'serial' build argument 'cmake_args' from command line to 'None'
[0.236s] Level 5:colcon.colcon_core.verb:set package 'serial' build argument 'cmake_target' from command line to 'None'
[0.236s] Level 5:colcon.colcon_core.verb:set package 'serial' build argument 'cmake_target_skip_unavailable' from command line to 'False'
[0.236s] Level 5:colcon.colcon_core.verb:set package 'serial' build argument 'cmake_clean_cache' from command line to 'False'
[0.236s] Level 5:colcon.colcon_core.verb:set package 'serial' build argument 'cmake_clean_first' from command line to 'False'
[0.236s] Level 5:colcon.colcon_core.verb:set package 'serial' build argument 'cmake_force_configure' from command line to 'False'
[0.236s] Level 5:colcon.colcon_core.verb:set package 'serial' build argument 'ament_cmake_args' from command line to 'None'
[0.236s] Level 5:colcon.colcon_core.verb:set package 'serial' build argument 'catkin_cmake_args' from command line to 'None'
[0.236s] Level 5:colcon.colcon_core.verb:set package 'serial' build argument 'catkin_skip_building_tests' from command line to 'False'
[0.236s] DEBUG:colcon.colcon_core.verb:Building package 'serial' with the following arguments: {'ament_cmake_args': None, 'build_base': '/home/tirthapc/mmwave_ti_ros/ros2_driver/build/serial', 'catkin_cmake_args': None, 'catkin_skip_building_tests': False, 'cmake_args': None, 'cmake_clean_cache': False, 'cmake_clean_first': False, 'cmake_force_configure': False, 'cmake_target': None, 'cmake_target_skip_unavailable': False, 'install_base': '/home/tirthapc/mmwave_ti_ros/ros2_driver/install/serial', 'merge_install': False, 'path': '/home/tirthapc/mmwave_ti_ros/ros2_driver/src/serial-ros2-master', 'symlink_install': False, 'test_result_base': None}
[0.236s] Level 5:colcon.colcon_core.verb:set package 'ti_mmwave_rospkg_msgs' build argument 'cmake_args' from command line to 'None'
[0.236s] Level 5:colcon.colcon_core.verb:set package 'ti_mmwave_rospkg_msgs' build argument 'cmake_target' from command line to 'None'
[0.236s] Level 5:colcon.colcon_core.verb:set package 'ti_mmwave_rospkg_msgs' build argument 'cmake_target_skip_unavailable' from command line to 'False'
[0.236s] Level 5:colcon.colcon_core.verb:set package 'ti_mmwave_rospkg_msgs' build argument 'cmake_clean_cache' from command line to 'False'
[0.236s] Level 5:colcon.colcon_core.verb:set package 'ti_mmwave_rospkg_msgs' build argument 'cmake_clean_first' from command line to 'False'
[0.236s] Level 5:colcon.colcon_core.verb:set package 'ti_mmwave_rospkg_msgs' build argument 'cmake_force_configure' from command line to 'False'
[0.236s] Level 5:colcon.colcon_core.verb:set package 'ti_mmwave_rospkg_msgs' build argument 'ament_cmake_args' from command line to 'None'
[0.236s] Level 5:colcon.colcon_core.verb:set package 'ti_mmwave_rospkg_msgs' build argument 'catkin_cmake_args' from command line to 'None'
[0.237s] Level 5:colcon.colcon_core.verb:set package 'ti_mmwave_rospkg_msgs' build argument 'catkin_skip_building_tests' from command line to 'False'
[0.237s] DEBUG:colcon.colcon_core.verb:Building package 'ti_mmwave_rospkg_msgs' with the following arguments: {'ament_cmake_args': None, 'build_base': '/home/tirthapc/mmwave_ti_ros/ros2_driver/build/ti_mmwave_rospkg_msgs', 'catkin_cmake_args': None, 'catkin_skip_building_tests': False, 'cmake_args': None, 'cmake_clean_cache': False, 'cmake_clean_first': False, 'cmake_force_configure': False, 'cmake_target': None, 'cmake_target_skip_unavailable': False, 'install_base': '/home/tirthapc/mmwave_ti_ros/ros2_driver/install/ti_mmwave_rospkg_msgs', 'merge_install': False, 'path': '/home/tirthapc/mmwave_ti_ros/ros2_driver/src/ti_mmwave_rospkg_msgs', 'symlink_install': False, 'test_result_base': None}
[0.237s] Level 5:colcon.colcon_core.verb:set package 'ti_mmwave_rospkg' build argument 'cmake_args' from command line to 'None'
[0.237s] Level 5:colcon.colcon_core.verb:set package 'ti_mmwave_rospkg' build argument 'cmake_target' from command line to 'None'
[0.237s] Level 5:colcon.colcon_core.verb:set package 'ti_mmwave_rospkg' build argument 'cmake_target_skip_unavailable' from command line to 'False'
[0.237s] Level 5:colcon.colcon_core.verb:set package 'ti_mmwave_rospkg' build argument 'cmake_clean_cache' from command line to 'False'
[0.237s] Level 5:colcon.colcon_core.verb:set package 'ti_mmwave_rospkg' build argument 'cmake_clean_first' from command line to 'False'
[0.237s] Level 5:colcon.colcon_core.verb:set package 'ti_mmwave_rospkg' build argument 'cmake_force_configure' from command line to 'False'
[0.237s] Level 5:colcon.colcon_core.verb:set package 'ti_mmwave_rospkg' build argument 'ament_cmake_args' from command line to 'None'
[0.237s] Level 5:colcon.colcon_core.verb:set package 'ti_mmwave_rospkg' build argument 'catkin_cmake_args' from command line to 'None'
[0.237s] Level 5:colcon.colcon_core.verb:set package 'ti_mmwave_rospkg' build argument 'catkin_skip_building_tests' from command line to 'False'
[0.237s] DEBUG:colcon.colcon_core.verb:Building package 'ti_mmwave_rospkg' with the following arguments: {'ament_cmake_args': None, 'build_base': '/home/tirthapc/mmwave_ti_ros/ros2_driver/build/ti_mmwave_rospkg', 'catkin_cmake_args': None, 'catkin_skip_building_tests': False, 'cmake_args': None, 'cmake_clean_cache': False, 'cmake_clean_first': False, 'cmake_force_configure': False, 'cmake_target': None, 'cmake_target_skip_unavailable': False, 'install_base': '/home/tirthapc/mmwave_ti_ros/ros2_driver/install/ti_mmwave_rospkg', 'merge_install': False, 'path': '/home/tirthapc/mmwave_ti_ros/ros2_driver/src/ti_mmwave_rospkg', 'symlink_install': False, 'test_result_base': None}
[0.237s] INFO:colcon.colcon_core.executor:Executing jobs using 'parallel' executor
[0.237s] DEBUG:colcon.colcon_parallel_executor.executor.parallel:run_until_complete
[0.238s] INFO:colcon.colcon_ros.task.ament_cmake.build:Building ROS package in '/home/tirthapc/mmwave_ti_ros/ros2_driver/src/serial-ros2-master' with build type 'ament_cmake'
[0.238s] INFO:colcon.colcon_cmake.task.cmake.build:Building CMake package in '/home/tirthapc/mmwave_ti_ros/ros2_driver/src/serial-ros2-master'
[0.239s] INFO:colcon.colcon_core.plugin_system:Skipping extension 'colcon_core.shell.bat': Not used on non-Windows systems
[0.239s] INFO:colcon.colcon_core.shell:Skip shell extension 'powershell' for command environment: Not usable outside of PowerShell
[0.239s] DEBUG:colcon.colcon_core.shell:Skip shell extension 'dsv' for command environment
[0.241s] INFO:colcon.colcon_ros.task.ament_cmake.build:Building ROS package in '/home/tirthapc/mmwave_ti_ros/ros2_driver/src/ti_mmwave_rospkg_msgs' with build type 'ament_cmake'
[0.241s] INFO:colcon.colcon_cmake.task.cmake.build:Building CMake package in '/home/tirthapc/mmwave_ti_ros/ros2_driver/src/ti_mmwave_rospkg_msgs'
[0.241s] INFO:colcon.colcon_core.shell:Skip shell extension 'powershell' for command environment: Not usable outside of PowerShell
[0.241s] DEBUG:colcon.colcon_core.shell:Skip shell extension 'dsv' for command environment
[0.246s] DEBUG:colcon.colcon_core.event_handler.log_command:Invoking command in '/home/tirthapc/mmwave_ti_ros/ros2_driver/build/serial': CMAKE_PREFIX_PATH=${CMAKE_PREFIX_PATH}:/opt/ros/humble /home/tirthapc/.local/bin/cmake --build /home/tirthapc/mmwave_ti_ros/ros2_driver/build/serial -- -j16 -l16
[0.248s] DEBUG:colcon.colcon_core.event_handler.log_command:Invoking command in '/home/tirthapc/mmwave_ti_ros/ros2_driver/build/ti_mmwave_rospkg_msgs': CMAKE_PREFIX_PATH=${CMAKE_PREFIX_PATH}:/opt/ros/humble /home/tirthapc/.local/bin/cmake --build /home/tirthapc/mmwave_ti_ros/ros2_driver/build/ti_mmwave_rospkg_msgs -- -j16 -l16
[0.315s] DEBUG:colcon.colcon_core.event_handler.log_command:Invoked command in '/home/tirthapc/mmwave_ti_ros/ros2_driver/build/serial' returned '0': CMAKE_PREFIX_PATH=${CMAKE_PREFIX_PATH}:/opt/ros/humble /home/tirthapc/.local/bin/cmake --build /home/tirthapc/mmwave_ti_ros/ros2_driver/build/serial -- -j16 -l16
[0.436s] DEBUG:colcon.colcon_core.event_handler.log_command:Invoking command in '/home/tirthapc/mmwave_ti_ros/ros2_driver/build/serial': CMAKE_PREFIX_PATH=${CMAKE_PREFIX_PATH}:/opt/ros/humble /home/tirthapc/.local/bin/cmake --install /home/tirthapc/mmwave_ti_ros/ros2_driver/build/serial
[0.489s] Level 1:colcon.colcon_core.environment:create_environment_scripts_only(serial)
[0.489s] DEBUG:colcon.colcon_core.event_handler.log_command:Invoked command in '/home/tirthapc/mmwave_ti_ros/ros2_driver/build/serial' returned '0': CMAKE_PREFIX_PATH=${CMAKE_PREFIX_PATH}:/opt/ros/humble /home/tirthapc/.local/bin/cmake --install /home/tirthapc/mmwave_ti_ros/ros2_driver/build/serial
[0.491s] Level 1:colcon.colcon_core.environment:checking '/home/tirthapc/mmwave_ti_ros/ros2_driver/install/serial' for CMake module files
[0.491s] Level 1:colcon.colcon_core.environment:checking '/home/tirthapc/mmwave_ti_ros/ros2_driver/install/serial' for CMake config files
[0.491s] Level 1:colcon.colcon_core.shell:create_environment_hook('serial', 'cmake_prefix_path')
[0.491s] INFO:colcon.colcon_core.shell:Creating environment hook '/home/tirthapc/mmwave_ti_ros/ros2_driver/install/serial/share/serial/hook/cmake_prefix_path.ps1'
[0.492s] INFO:colcon.colcon_core.shell:Creating environment descriptor '/home/tirthapc/mmwave_ti_ros/ros2_driver/install/serial/share/serial/hook/cmake_prefix_path.dsv'
[0.492s] INFO:colcon.colcon_core.shell:Creating environment hook '/home/tirthapc/mmwave_ti_ros/ros2_driver/install/serial/share/serial/hook/cmake_prefix_path.sh'
[0.493s] Level 1:colcon.colcon_core.environment:checking '/home/tirthapc/mmwave_ti_ros/ros2_driver/install/serial/lib'
[0.493s] Level 1:colcon.colcon_core.shell:create_environment_hook('serial', 'ld_library_path_lib')
[0.493s] INFO:colcon.colcon_core.shell:Creating environment hook '/home/tirthapc/mmwave_ti_ros/ros2_driver/install/serial/share/serial/hook/ld_library_path_lib.ps1'
[0.493s] INFO:colcon.colcon_core.shell:Creating environment descriptor '/home/tirthapc/mmwave_ti_ros/ros2_driver/install/serial/share/serial/hook/ld_library_path_lib.dsv'
[0.493s] INFO:colcon.colcon_core.shell:Creating environment hook '/home/tirthapc/mmwave_ti_ros/ros2_driver/install/serial/share/serial/hook/ld_library_path_lib.sh'
[0.493s] Level 1:colcon.colcon_core.environment:checking '/home/tirthapc/mmwave_ti_ros/ros2_driver/install/serial/bin'
[0.494s] Level 1:colcon.colcon_core.environment:checking '/home/tirthapc/mmwave_ti_ros/ros2_driver/install/serial/lib/pkgconfig/serial.pc'
[0.494s] Level 1:colcon.colcon_core.environment:checking '/home/tirthapc/mmwave_ti_ros/ros2_driver/install/serial/lib/python3.10/site-packages'
[0.494s] Level 1:colcon.colcon_core.environment:checking '/home/tirthapc/mmwave_ti_ros/ros2_driver/install/serial/bin'
[0.494s] INFO:colcon.colcon_core.shell:Creating package script '/home/tirthapc/mmwave_ti_ros/ros2_driver/install/serial/share/serial/package.ps1'
[0.495s] INFO:colcon.colcon_core.shell:Creating package descriptor '/home/tirthapc/mmwave_ti_ros/ros2_driver/install/serial/share/serial/package.dsv'
[0.495s] INFO:colcon.colcon_core.shell:Creating package script '/home/tirthapc/mmwave_ti_ros/ros2_driver/install/serial/share/serial/package.sh'
[0.495s] INFO:colcon.colcon_core.shell:Creating package script '/home/tirthapc/mmwave_ti_ros/ros2_driver/install/serial/share/serial/package.bash'
[0.496s] INFO:colcon.colcon_core.shell:Creating package script '/home/tirthapc/mmwave_ti_ros/ros2_driver/install/serial/share/serial/package.zsh'
[0.496s] Level 1:colcon.colcon_core.environment:create_file_with_runtime_dependencies(/home/tirthapc/mmwave_ti_ros/ros2_driver/install/serial/share/colcon-core/packages/serial)
[0.518s] DEBUG:colcon.colcon_core.event_handler.log_command:Invoked command in '/home/tirthapc/mmwave_ti_ros/ros2_driver/build/ti_mmwave_rospkg_msgs' returned '0': CMAKE_PREFIX_PATH=${CMAKE_PREFIX_PATH}:/opt/ros/humble /home/tirthapc/.local/bin/cmake --build /home/tirthapc/mmwave_ti_ros/ros2_driver/build/ti_mmwave_rospkg_msgs -- -j16 -l16
[0.570s] Level 1:colcon.colcon_core.environment:create_environment_scripts_only(serial)
[0.570s] Level 1:colcon.colcon_core.environment:checking '/home/tirthapc/mmwave_ti_ros/ros2_driver/install/serial' for CMake module files
[0.570s] Level 1:colcon.colcon_core.environment:checking '/home/tirthapc/mmwave_ti_ros/ros2_driver/install/serial' for CMake config files
[0.571s] Level 1:colcon.colcon_core.shell:create_environment_hook('serial', 'cmake_prefix_path')
[0.571s] INFO:colcon.colcon_core.shell:Creating environment hook '/home/tirthapc/mmwave_ti_ros/ros2_driver/install/serial/share/serial/hook/cmake_prefix_path.ps1'
[0.571s] INFO:colcon.colcon_core.shell:Creating environment descriptor '/home/tirthapc/mmwave_ti_ros/ros2_driver/install/serial/share/serial/hook/cmake_prefix_path.dsv'
[0.571s] INFO:colcon.colcon_core.shell:Creating environment hook '/home/tirthapc/mmwave_ti_ros/ros2_driver/install/serial/share/serial/hook/cmake_prefix_path.sh'
[0.571s] Level 1:colcon.colcon_core.environment:checking '/home/tirthapc/mmwave_ti_ros/ros2_driver/install/serial/lib'
[0.572s] Level 1:colcon.colcon_core.shell:create_environment_hook('serial', 'ld_library_path_lib')
[0.572s] INFO:colcon.colcon_core.shell:Creating environment hook '/home/tirthapc/mmwave_ti_ros/ros2_driver/install/serial/share/serial/hook/ld_library_path_lib.ps1'
[0.572s] INFO:colcon.colcon_core.shell:Creating environment descriptor '/home/tirthapc/mmwave_ti_ros/ros2_driver/install/serial/share/serial/hook/ld_library_path_lib.dsv'
[0.572s] INFO:colcon.colcon_core.shell:Creating environment hook '/home/tirthapc/mmwave_ti_ros/ros2_driver/install/serial/share/serial/hook/ld_library_path_lib.sh'
[0.572s] Level 1:colcon.colcon_core.environment:checking '/home/tirthapc/mmwave_ti_ros/ros2_driver/install/serial/bin'
[0.572s] Level 1:colcon.colcon_core.environment:checking '/home/tirthapc/mmwave_ti_ros/ros2_driver/install/serial/lib/pkgconfig/serial.pc'
[0.572s] Level 1:colcon.colcon_core.environment:checking '/home/tirthapc/mmwave_ti_ros/ros2_driver/install/serial/lib/python3.10/site-packages'
[0.573s] Level 1:colcon.colcon_core.environment:checking '/home/tirthapc/mmwave_ti_ros/ros2_driver/install/serial/bin'
[0.573s] INFO:colcon.colcon_core.shell:Creating package script '/home/tirthapc/mmwave_ti_ros/ros2_driver/install/serial/share/serial/package.ps1'
[0.573s] INFO:colcon.colcon_core.shell:Creating package descriptor '/home/tirthapc/mmwave_ti_ros/ros2_driver/install/serial/share/serial/package.dsv'
[0.573s] INFO:colcon.colcon_core.shell:Creating package script '/home/tirthapc/mmwave_ti_ros/ros2_driver/install/serial/share/serial/package.sh'
[0.574s] INFO:colcon.colcon_core.shell:Creating package script '/home/tirthapc/mmwave_ti_ros/ros2_driver/install/serial/share/serial/package.bash'
[0.574s] INFO:colcon.colcon_core.shell:Creating package script '/home/tirthapc/mmwave_ti_ros/ros2_driver/install/serial/share/serial/package.zsh'
[0.574s] Level 1:colcon.colcon_core.environment:create_file_with_runtime_dependencies(/home/tirthapc/mmwave_ti_ros/ros2_driver/install/serial/share/colcon-core/packages/serial)
[0.664s] DEBUG:colcon.colcon_core.event_handler.log_command:Invoking command in '/home/tirthapc/mmwave_ti_ros/ros2_driver/build/ti_mmwave_rospkg_msgs': CMAKE_PREFIX_PATH=${CMAKE_PREFIX_PATH}:/opt/ros/humble /home/tirthapc/.local/bin/cmake --install /home/tirthapc/mmwave_ti_ros/ros2_driver/build/ti_mmwave_rospkg_msgs
[0.757s] Level 1:colcon.colcon_core.environment:create_environment_scripts_only(ti_mmwave_rospkg_msgs)
[0.757s] Level 1:colcon.colcon_core.environment:checking '/home/tirthapc/mmwave_ti_ros/ros2_driver/install/ti_mmwave_rospkg_msgs' for CMake module files
[0.757s] DEBUG:colcon.colcon_core.event_handler.log_command:Invoked command in '/home/tirthapc/mmwave_ti_ros/ros2_driver/build/ti_mmwave_rospkg_msgs' returned '0': CMAKE_PREFIX_PATH=${CMAKE_PREFIX_PATH}:/opt/ros/humble /home/tirthapc/.local/bin/cmake --install /home/tirthapc/mmwave_ti_ros/ros2_driver/build/ti_mmwave_rospkg_msgs
[0.758s] Level 1:colcon.colcon_core.environment:checking '/home/tirthapc/mmwave_ti_ros/ros2_driver/install/ti_mmwave_rospkg_msgs' for CMake config files
[0.758s] Level 1:colcon.colcon_core.shell:create_environment_hook('ti_mmwave_rospkg_msgs', 'cmake_prefix_path')
[0.758s] INFO:colcon.colcon_core.shell:Creating environment hook '/home/tirthapc/mmwave_ti_ros/ros2_driver/install/ti_mmwave_rospkg_msgs/share/ti_mmwave_rospkg_msgs/hook/cmake_prefix_path.ps1'
[0.758s] INFO:colcon.colcon_core.shell:Creating environment descriptor '/home/tirthapc/mmwave_ti_ros/ros2_driver/install/ti_mmwave_rospkg_msgs/share/ti_mmwave_rospkg_msgs/hook/cmake_prefix_path.dsv'
[0.758s] INFO:colcon.colcon_core.shell:Creating environment hook '/home/tirthapc/mmwave_ti_ros/ros2_driver/install/ti_mmwave_rospkg_msgs/share/ti_mmwave_rospkg_msgs/hook/cmake_prefix_path.sh'
[0.759s] Level 1:colcon.colcon_core.environment:checking '/home/tirthapc/mmwave_ti_ros/ros2_driver/install/ti_mmwave_rospkg_msgs/lib'
[0.759s] Level 1:colcon.colcon_core.shell:create_environment_hook('ti_mmwave_rospkg_msgs', 'ld_library_path_lib')
[0.759s] INFO:colcon.colcon_core.shell:Creating environment hook '/home/tirthapc/mmwave_ti_ros/ros2_driver/install/ti_mmwave_rospkg_msgs/share/ti_mmwave_rospkg_msgs/hook/ld_library_path_lib.ps1'
[0.759s] INFO:colcon.colcon_core.shell:Creating environment descriptor '/home/tirthapc/mmwave_ti_ros/ros2_driver/install/ti_mmwave_rospkg_msgs/share/ti_mmwave_rospkg_msgs/hook/ld_library_path_lib.dsv'
[0.759s] INFO:colcon.colcon_core.shell:Creating environment hook '/home/tirthapc/mmwave_ti_ros/ros2_driver/install/ti_mmwave_rospkg_msgs/share/ti_mmwave_rospkg_msgs/hook/ld_library_path_lib.sh'
[0.760s] Level 1:colcon.colcon_core.environment:checking '/home/tirthapc/mmwave_ti_ros/ros2_driver/install/ti_mmwave_rospkg_msgs/bin'
[0.760s] Level 1:colcon.colcon_core.environment:checking '/home/tirthapc/mmwave_ti_ros/ros2_driver/install/ti_mmwave_rospkg_msgs/lib/pkgconfig/ti_mmwave_rospkg_msgs.pc'
[0.760s] Level 1:colcon.colcon_core.environment:checking '/home/tirthapc/mmwave_ti_ros/ros2_driver/install/ti_mmwave_rospkg_msgs/lib/python3.10/site-packages'
[0.760s] Level 1:colcon.colcon_core.environment:checking '/home/tirthapc/mmwave_ti_ros/ros2_driver/install/ti_mmwave_rospkg_msgs/bin'
[0.760s] INFO:colcon.colcon_core.shell:Creating package script '/home/tirthapc/mmwave_ti_ros/ros2_driver/install/ti_mmwave_rospkg_msgs/share/ti_mmwave_rospkg_msgs/package.ps1'
[0.760s] INFO:colcon.colcon_core.shell:Creating package descriptor '/home/tirthapc/mmwave_ti_ros/ros2_driver/install/ti_mmwave_rospkg_msgs/share/ti_mmwave_rospkg_msgs/package.dsv'
[0.761s] INFO:colcon.colcon_core.shell:Creating package script '/home/tirthapc/mmwave_ti_ros/ros2_driver/install/ti_mmwave_rospkg_msgs/share/ti_mmwave_rospkg_msgs/package.sh'
[0.761s] INFO:colcon.colcon_core.shell:Creating package script '/home/tirthapc/mmwave_ti_ros/ros2_driver/install/ti_mmwave_rospkg_msgs/share/ti_mmwave_rospkg_msgs/package.bash'
[0.761s] INFO:colcon.colcon_core.shell:Creating package script '/home/tirthapc/mmwave_ti_ros/ros2_driver/install/ti_mmwave_rospkg_msgs/share/ti_mmwave_rospkg_msgs/package.zsh'
[0.761s] Level 1:colcon.colcon_core.environment:create_file_with_runtime_dependencies(/home/tirthapc/mmwave_ti_ros/ros2_driver/install/ti_mmwave_rospkg_msgs/share/colcon-core/packages/ti_mmwave_rospkg_msgs)
[0.906s] Level 1:colcon.colcon_core.environment:create_environment_scripts_only(ti_mmwave_rospkg_msgs)
[0.906s] Level 1:colcon.colcon_core.environment:checking '/home/tirthapc/mmwave_ti_ros/ros2_driver/install/ti_mmwave_rospkg_msgs' for CMake module files
[0.906s] Level 1:colcon.colcon_core.environment:checking '/home/tirthapc/mmwave_ti_ros/ros2_driver/install/ti_mmwave_rospkg_msgs' for CMake config files
[0.906s] Level 1:colcon.colcon_core.shell:create_environment_hook('ti_mmwave_rospkg_msgs', 'cmake_prefix_path')
[0.907s] INFO:colcon.colcon_core.shell:Creating environment hook '/home/tirthapc/mmwave_ti_ros/ros2_driver/install/ti_mmwave_rospkg_msgs/share/ti_mmwave_rospkg_msgs/hook/cmake_prefix_path.ps1'
[0.907s] INFO:colcon.colcon_core.shell:Creating environment descriptor '/home/tirthapc/mmwave_ti_ros/ros2_driver/install/ti_mmwave_rospkg_msgs/share/ti_mmwave_rospkg_msgs/hook/cmake_prefix_path.dsv'
[0.907s] INFO:colcon.colcon_core.shell:Creating environment hook '/home/tirthapc/mmwave_ti_ros/ros2_driver/install/ti_mmwave_rospkg_msgs/share/ti_mmwave_rospkg_msgs/hook/cmake_prefix_path.sh'
[0.907s] Level 1:colcon.colcon_core.environment:checking '/home/tirthapc/mmwave_ti_ros/ros2_driver/install/ti_mmwave_rospkg_msgs/lib'
[0.907s] Level 1:colcon.colcon_core.shell:create_environment_hook('ti_mmwave_rospkg_msgs', 'ld_library_path_lib')
[0.908s] INFO:colcon.colcon_core.shell:Creating environment hook '/home/tirthapc/mmwave_ti_ros/ros2_driver/install/ti_mmwave_rospkg_msgs/share/ti_mmwave_rospkg_msgs/hook/ld_library_path_lib.ps1'
[0.908s] INFO:colcon.colcon_core.shell:Creating environment descriptor '/home/tirthapc/mmwave_ti_ros/ros2_driver/install/ti_mmwave_rospkg_msgs/share/ti_mmwave_rospkg_msgs/hook/ld_library_path_lib.dsv'
[0.908s] INFO:colcon.colcon_core.shell:Creating environment hook '/home/tirthapc/mmwave_ti_ros/ros2_driver/install/ti_mmwave_rospkg_msgs/share/ti_mmwave_rospkg_msgs/hook/ld_library_path_lib.sh'
[0.908s] Level 1:colcon.colcon_core.environment:checking '/home/tirthapc/mmwave_ti_ros/ros2_driver/install/ti_mmwave_rospkg_msgs/bin'
[0.908s] Level 1:colcon.colcon_core.environment:checking '/home/tirthapc/mmwave_ti_ros/ros2_driver/install/ti_mmwave_rospkg_msgs/lib/pkgconfig/ti_mmwave_rospkg_msgs.pc'
[0.908s] Level 1:colcon.colcon_core.environment:checking '/home/tirthapc/mmwave_ti_ros/ros2_driver/install/ti_mmwave_rospkg_msgs/lib/python3.10/site-packages'
[0.908s] Level 1:colcon.colcon_core.environment:checking '/home/tirthapc/mmwave_ti_ros/ros2_driver/install/ti_mmwave_rospkg_msgs/bin'
[0.909s] INFO:colcon.colcon_core.shell:Creating package script '/home/tirthapc/mmwave_ti_ros/ros2_driver/install/ti_mmwave_rospkg_msgs/share/ti_mmwave_rospkg_msgs/package.ps1'
[0.909s] INFO:colcon.colcon_core.shell:Creating package descriptor '/home/tirthapc/mmwave_ti_ros/ros2_driver/install/ti_mmwave_rospkg_msgs/share/ti_mmwave_rospkg_msgs/package.dsv'
[0.909s] INFO:colcon.colcon_core.shell:Creating package script '/home/tirthapc/mmwave_ti_ros/ros2_driver/install/ti_mmwave_rospkg_msgs/share/ti_mmwave_rospkg_msgs/package.sh'
[0.910s] INFO:colcon.colcon_core.shell:Creating package script '/home/tirthapc/mmwave_ti_ros/ros2_driver/install/ti_mmwave_rospkg_msgs/share/ti_mmwave_rospkg_msgs/package.bash'
[0.910s] INFO:colcon.colcon_core.shell:Creating package script '/home/tirthapc/mmwave_ti_ros/ros2_driver/install/ti_mmwave_rospkg_msgs/share/ti_mmwave_rospkg_msgs/package.zsh'
[0.910s] Level 1:colcon.colcon_core.environment:create_file_with_runtime_dependencies(/home/tirthapc/mmwave_ti_ros/ros2_driver/install/ti_mmwave_rospkg_msgs/share/colcon-core/packages/ti_mmwave_rospkg_msgs)
[0.910s] INFO:colcon.colcon_ros.task.ament_cmake.build:Building ROS package in '/home/tirthapc/mmwave_ti_ros/ros2_driver/src/ti_mmwave_rospkg' with build type 'ament_cmake'
[0.910s] INFO:colcon.colcon_cmake.task.cmake.build:Building CMake package in '/home/tirthapc/mmwave_ti_ros/ros2_driver/src/ti_mmwave_rospkg'
[0.910s] INFO:colcon.colcon_core.shell:Skip shell extension 'powershell' for command environment: Not usable outside of PowerShell
[0.911s] DEBUG:colcon.colcon_core.shell:Skip shell extension 'dsv' for command environment
[0.918s] DEBUG:colcon.colcon_core.event_handler.log_command:Invoking command in '/home/tirthapc/mmwave_ti_ros/ros2_driver/build/ti_mmwave_rospkg': CMAKE_PREFIX_PATH=/home/tirthapc/mmwave_ti_ros/ros2_driver/install/ti_mmwave_rospkg_msgs:/home/tirthapc/mmwave_ti_ros/ros2_driver/install/serial:/home/tirthapc/mmwave_ti_ros/ros2_driver/install/ti_mmwave_rospkg:/opt/ros/humble LD_LIBRARY_PATH=/home/tirthapc/mmwave_ti_ros/ros2_driver/install/ti_mmwave_rospkg_msgs/lib:/home/tirthapc/mmwave_ti_ros/ros2_driver/install/serial/lib:/home/tirthapc/mmwave_ti_ros/ros2_driver/install/ti_mmwave_rospkg/lib:/opt/ros/humble/opt/rviz_ogre_vendor/lib:/opt/ros/humble/lib/x86_64-linux-gnu:/opt/ros/humble/lib /home/tirthapc/.local/bin/cmake --build /home/tirthapc/mmwave_ti_ros/ros2_driver/build/ti_mmwave_rospkg -- -j16 -l16
[1.008s] DEBUG:colcon.colcon_core.event_handler.log_command:Invoked command in '/home/tirthapc/mmwave_ti_ros/ros2_driver/build/ti_mmwave_rospkg' returned '0': CMAKE_PREFIX_PATH=/home/tirthapc/mmwave_ti_ros/ros2_driver/install/ti_mmwave_rospkg_msgs:/home/tirthapc/mmwave_ti_ros/ros2_driver/install/serial:/home/tirthapc/mmwave_ti_ros/ros2_driver/install/ti_mmwave_rospkg:/opt/ros/humble LD_LIBRARY_PATH=/home/tirthapc/mmwave_ti_ros/ros2_driver/install/ti_mmwave_rospkg_msgs/lib:/home/tirthapc/mmwave_ti_ros/ros2_driver/install/serial/lib:/home/tirthapc/mmwave_ti_ros/ros2_driver/install/ti_mmwave_rospkg/lib:/opt/ros/humble/opt/rviz_ogre_vendor/lib:/opt/ros/humble/lib/x86_64-linux-gnu:/opt/ros/humble/lib /home/tirthapc/.local/bin/cmake --build /home/tirthapc/mmwave_ti_ros/ros2_driver/build/ti_mmwave_rospkg -- -j16 -l16
[1.080s] DEBUG:colcon.colcon_core.event_handler.log_command:Invoking command in '/home/tirthapc/mmwave_ti_ros/ros2_driver/build/ti_mmwave_rospkg': CMAKE_PREFIX_PATH=/home/tirthapc/mmwave_ti_ros/ros2_driver/install/ti_mmwave_rospkg_msgs:/home/tirthapc/mmwave_ti_ros/ros2_driver/install/serial:/home/tirthapc/mmwave_ti_ros/ros2_driver/install/ti_mmwave_rospkg:/opt/ros/humble LD_LIBRARY_PATH=/home/tirthapc/mmwave_ti_ros/ros2_driver/install/ti_mmwave_rospkg_msgs/lib:/home/tirthapc/mmwave_ti_ros/ros2_driver/install/serial/lib:/home/tirthapc/mmwave_ti_ros/ros2_driver/install/ti_mmwave_rospkg/lib:/opt/ros/humble/opt/rviz_ogre_vendor/lib:/opt/ros/humble/lib/x86_64-linux-gnu:/opt/ros/humble/lib /home/tirthapc/.local/bin/cmake --install /home/tirthapc/mmwave_ti_ros/ros2_driver/build/ti_mmwave_rospkg
[1.133s] Level 1:colcon.colcon_core.environment:create_environment_scripts_only(ti_mmwave_rospkg)
[1.134s] Level 1:colcon.colcon_core.environment:checking '/home/tirthapc/mmwave_ti_ros/ros2_driver/install/ti_mmwave_rospkg' for CMake module files
[1.134s] DEBUG:colcon.colcon_core.event_handler.log_command:Invoked command in '/home/tirthapc/mmwave_ti_ros/ros2_driver/build/ti_mmwave_rospkg' returned '0': CMAKE_PREFIX_PATH=/home/tirthapc/mmwave_ti_ros/ros2_driver/install/ti_mmwave_rospkg_msgs:/home/tirthapc/mmwave_ti_ros/ros2_driver/install/serial:/home/tirthapc/mmwave_ti_ros/ros2_driver/install/ti_mmwave_rospkg:/opt/ros/humble LD_LIBRARY_PATH=/home/tirthapc/mmwave_ti_ros/ros2_driver/install/ti_mmwave_rospkg_msgs/lib:/home/tirthapc/mmwave_ti_ros/ros2_driver/install/serial/lib:/home/tirthapc/mmwave_ti_ros/ros2_driver/install/ti_mmwave_rospkg/lib:/opt/ros/humble/opt/rviz_ogre_vendor/lib:/opt/ros/humble/lib/x86_64-linux-gnu:/opt/ros/humble/lib /home/tirthapc/.local/bin/cmake --install /home/tirthapc/mmwave_ti_ros/ros2_driver/build/ti_mmwave_rospkg
[1.134s] Level 1:colcon.colcon_core.environment:checking '/home/tirthapc/mmwave_ti_ros/ros2_driver/install/ti_mmwave_rospkg' for CMake config files
[1.135s] Level 1:colcon.colcon_core.shell:create_environment_hook('ti_mmwave_rospkg', 'cmake_prefix_path')
[1.135s] INFO:colcon.colcon_core.shell:Creating environment hook '/home/tirthapc/mmwave_ti_ros/ros2_driver/install/ti_mmwave_rospkg/share/ti_mmwave_rospkg/hook/cmake_prefix_path.ps1'
[1.135s] INFO:colcon.colcon_core.shell:Creating environment descriptor '/home/tirthapc/mmwave_ti_ros/ros2_driver/install/ti_mmwave_rospkg/share/ti_mmwave_rospkg/hook/cmake_prefix_path.dsv'
[1.135s] INFO:colcon.colcon_core.shell:Creating environment hook '/home/tirthapc/mmwave_ti_ros/ros2_driver/install/ti_mmwave_rospkg/share/ti_mmwave_rospkg/hook/cmake_prefix_path.sh'
[1.135s] Level 1:colcon.colcon_core.environment:checking '/home/tirthapc/mmwave_ti_ros/ros2_driver/install/ti_mmwave_rospkg/lib'
[1.135s] Level 1:colcon.colcon_core.shell:create_environment_hook('ti_mmwave_rospkg', 'ld_library_path_lib')
[1.136s] INFO:colcon.colcon_core.shell:Creating environment hook '/home/tirthapc/mmwave_ti_ros/ros2_driver/install/ti_mmwave_rospkg/share/ti_mmwave_rospkg/hook/ld_library_path_lib.ps1'
[1.136s] INFO:colcon.colcon_core.shell:Creating environment descriptor '/home/tirthapc/mmwave_ti_ros/ros2_driver/install/ti_mmwave_rospkg/share/ti_mmwave_rospkg/hook/ld_library_path_lib.dsv'
[1.136s] INFO:colcon.colcon_core.shell:Creating environment hook '/home/tirthapc/mmwave_ti_ros/ros2_driver/install/ti_mmwave_rospkg/share/ti_mmwave_rospkg/hook/ld_library_path_lib.sh'
[1.136s] Level 1:colcon.colcon_core.environment:checking '/home/tirthapc/mmwave_ti_ros/ros2_driver/install/ti_mmwave_rospkg/bin'
[1.136s] Level 1:colcon.colcon_core.environment:checking '/home/tirthapc/mmwave_ti_ros/ros2_driver/install/ti_mmwave_rospkg/lib/pkgconfig/ti_mmwave_rospkg.pc'
[1.136s] Level 1:colcon.colcon_core.environment:checking '/home/tirthapc/mmwave_ti_ros/ros2_driver/install/ti_mmwave_rospkg/lib/python3.10/site-packages'
[1.136s] Level 1:colcon.colcon_core.environment:checking '/home/tirthapc/mmwave_ti_ros/ros2_driver/install/ti_mmwave_rospkg/bin'
[1.137s] INFO:colcon.colcon_core.shell:Creating package script '/home/tirthapc/mmwave_ti_ros/ros2_driver/install/ti_mmwave_rospkg/share/ti_mmwave_rospkg/package.ps1'
[1.137s] INFO:colcon.colcon_core.shell:Creating package descriptor '/home/tirthapc/mmwave_ti_ros/ros2_driver/install/ti_mmwave_rospkg/share/ti_mmwave_rospkg/package.dsv'
[1.137s] INFO:colcon.colcon_core.shell:Creating package script '/home/tirthapc/mmwave_ti_ros/ros2_driver/install/ti_mmwave_rospkg/share/ti_mmwave_rospkg/package.sh'
[1.137s] INFO:colcon.colcon_core.shell:Creating package script '/home/tirthapc/mmwave_ti_ros/ros2_driver/install/ti_mmwave_rospkg/share/ti_mmwave_rospkg/package.bash'
[1.137s] INFO:colcon.colcon_core.shell:Creating package script '/home/tirthapc/mmwave_ti_ros/ros2_driver/install/ti_mmwave_rospkg/share/ti_mmwave_rospkg/package.zsh'
[1.138s] Level 1:colcon.colcon_core.environment:create_file_with_runtime_dependencies(/home/tirthapc/mmwave_ti_ros/ros2_driver/install/ti_mmwave_rospkg/share/colcon-core/packages/ti_mmwave_rospkg)
[1.210s] Level 1:colcon.colcon_core.environment:create_environment_scripts_only(ti_mmwave_rospkg)
[1.210s] Level 1:colcon.colcon_core.environment:checking '/home/tirthapc/mmwave_ti_ros/ros2_driver/install/ti_mmwave_rospkg' for CMake module files
[1.210s] Level 1:colcon.colcon_core.environment:checking '/home/tirthapc/mmwave_ti_ros/ros2_driver/install/ti_mmwave_rospkg' for CMake config files
[1.210s] Level 1:colcon.colcon_core.shell:create_environment_hook('ti_mmwave_rospkg', 'cmake_prefix_path')
[1.211s] INFO:colcon.colcon_core.shell:Creating environment hook '/home/tirthapc/mmwave_ti_ros/ros2_driver/install/ti_mmwave_rospkg/share/ti_mmwave_rospkg/hook/cmake_prefix_path.ps1'
[1.211s] INFO:colcon.colcon_core.shell:Creating environment descriptor '/home/tirthapc/mmwave_ti_ros/ros2_driver/install/ti_mmwave_rospkg/share/ti_mmwave_rospkg/hook/cmake_prefix_path.dsv'
[1.211s] INFO:colcon.colcon_core.shell:Creating environment hook '/home/tirthapc/mmwave_ti_ros/ros2_driver/install/ti_mmwave_rospkg/share/ti_mmwave_rospkg/hook/cmake_prefix_path.sh'
[1.211s] Level 1:colcon.colcon_core.environment:checking '/home/tirthapc/mmwave_ti_ros/ros2_driver/install/ti_mmwave_rospkg/lib'
[1.211s] Level 1:colcon.colcon_core.shell:create_environment_hook('ti_mmwave_rospkg', 'ld_library_path_lib')
[1.212s] INFO:colcon.colcon_core.shell:Creating environment hook '/home/tirthapc/mmwave_ti_ros/ros2_driver/install/ti_mmwave_rospkg/share/ti_mmwave_rospkg/hook/ld_library_path_lib.ps1'
[1.212s] INFO:colcon.colcon_core.shell:Creating environment descriptor '/home/tirthapc/mmwave_ti_ros/ros2_driver/install/ti_mmwave_rospkg/share/ti_mmwave_rospkg/hook/ld_library_path_lib.dsv'
[1.212s] INFO:colcon.colcon_core.shell:Creating environment hook '/home/tirthapc/mmwave_ti_ros/ros2_driver/install/ti_mmwave_rospkg/share/ti_mmwave_rospkg/hook/ld_library_path_lib.sh'
[1.212s] Level 1:colcon.colcon_core.environment:checking '/home/tirthapc/mmwave_ti_ros/ros2_driver/install/ti_mmwave_rospkg/bin'
[1.212s] Level 1:colcon.colcon_core.environment:checking '/home/tirthapc/mmwave_ti_ros/ros2_driver/install/ti_mmwave_rospkg/lib/pkgconfig/ti_mmwave_rospkg.pc'
[1.212s] Level 1:colcon.colcon_core.environment:checking '/home/tirthapc/mmwave_ti_ros/ros2_driver/install/ti_mmwave_rospkg/lib/python3.10/site-packages'
[1.212s] Level 1:colcon.colcon_core.environment:checking '/home/tirthapc/mmwave_ti_ros/ros2_driver/install/ti_mmwave_rospkg/bin'
[1.213s] INFO:colcon.colcon_core.shell:Creating package script '/home/tirthapc/mmwave_ti_ros/ros2_driver/install/ti_mmwave_rospkg/share/ti_mmwave_rospkg/package.ps1'
[1.213s] INFO:colcon.colcon_core.shell:Creating package descriptor '/home/tirthapc/mmwave_ti_ros/ros2_driver/install/ti_mmwave_rospkg/share/ti_mmwave_rospkg/package.dsv'
[1.213s] INFO:colcon.colcon_core.shell:Creating package script '/home/tirthapc/mmwave_ti_ros/ros2_driver/install/ti_mmwave_rospkg/share/ti_mmwave_rospkg/package.sh'
[1.213s] INFO:colcon.colcon_core.shell:Creating package script '/home/tirthapc/mmwave_ti_ros/ros2_driver/install/ti_mmwave_rospkg/share/ti_mmwave_rospkg/package.bash'
[1.214s] INFO:colcon.colcon_core.shell:Creating package script '/home/tirthapc/mmwave_ti_ros/ros2_driver/install/ti_mmwave_rospkg/share/ti_mmwave_rospkg/package.zsh'
[1.214s] Level 1:colcon.colcon_core.environment:create_file_with_runtime_dependencies(/home/tirthapc/mmwave_ti_ros/ros2_driver/install/ti_mmwave_rospkg/share/colcon-core/packages/ti_mmwave_rospkg)
[1.214s] DEBUG:colcon.colcon_parallel_executor.executor.parallel:closing loop
[1.214s] DEBUG:colcon.colcon_parallel_executor.executor.parallel:loop closed
[1.214s] DEBUG:colcon.colcon_parallel_executor.executor.parallel:run_until_complete finished with '0'
[1.214s] DEBUG:colcon.colcon_core.event_reactor:joining thread
[1.218s] INFO:colcon.colcon_core.plugin_system:Skipping extension 'colcon_notification.desktop_notification.terminal_notifier': Not used on non-Darwin systems
[1.218s] INFO:colcon.colcon_core.plugin_system:Skipping extension 'colcon_notification.desktop_notification.win32': Not used on non-Windows systems
[1.218s] INFO:colcon.colcon_notification.desktop_notification:Sending desktop notification using 'notify2'
[1.224s] DEBUG:colcon.colcon_core.event_reactor:joined thread
[1.224s] INFO:colcon.colcon_core.shell:Creating prefix script '/home/tirthapc/mmwave_ti_ros/ros2_driver/install/local_setup.ps1'
[1.225s] INFO:colcon.colcon_core.shell:Creating prefix util module '/home/tirthapc/mmwave_ti_ros/ros2_driver/install/_local_setup_util_ps1.py'
[1.225s] INFO:colcon.colcon_core.shell:Creating prefix chain script '/home/tirthapc/mmwave_ti_ros/ros2_driver/install/setup.ps1'
[1.226s] INFO:colcon.colcon_core.shell:Creating prefix script '/home/tirthapc/mmwave_ti_ros/ros2_driver/install/local_setup.sh'
[1.226s] INFO:colcon.colcon_core.shell:Creating prefix util module '/home/tirthapc/mmwave_ti_ros/ros2_driver/install/_local_setup_util_sh.py'
[1.227s] INFO:colcon.colcon_core.shell:Creating prefix chain script '/home/tirthapc/mmwave_ti_ros/ros2_driver/install/setup.sh'
[1.227s] INFO:colcon.colcon_core.shell:Creating prefix script '/home/tirthapc/mmwave_ti_ros/ros2_driver/install/local_setup.bash'
[1.228s] INFO:colcon.colcon_core.shell:Creating prefix chain script '/home/tirthapc/mmwave_ti_ros/ros2_driver/install/setup.bash'
[1.228s] INFO:colcon.colcon_core.shell:Creating prefix script '/home/tirthapc/mmwave_ti_ros/ros2_driver/install/local_setup.zsh'
[1.228s] INFO:colcon.colcon_core.shell:Creating prefix chain script '/home/tirthapc/mmwave_ti_ros/ros2_driver/install/setup.zsh'
