[0.009s] Invoking command in '/home/tirthapc/mmwave_ti_ros/ros2_driver/build/serial': CMAKE_PREFIX_PATH=${CMAKE_PREFIX_PATH}:/opt/ros/humble /home/tirthapc/.local/bin/cmake /home/tirthapc/mmwave_ti_ros/ros2_driver/src/serial-ros2-master -DCMAKE_INSTALL_PREFIX=/home/tirthapc/mmwave_ti_ros/ros2_driver/install/serial
[0.137s] -- The C compiler identification is GNU 11.4.0
[0.198s] -- The CXX compiler identification is GNU 11.4.0
[0.206s] -- Detecting C compiler ABI info
[0.244s] -- Detecting C compiler ABI info - done
[0.254s] -- Check for working C compiler: /usr/bin/cc - skipped
[0.254s] -- Detecting C compile features
[0.255s] -- Detecting C compile features - done
[0.257s] -- Detecting CXX compiler ABI info
[0.299s] -- Detecting CXX compiler ABI info - done
[0.309s] -- Check for working CXX compiler: /usr/bin/c++ - skipped
[0.309s] -- Detecting CXX compile features
[0.309s] -- Detecting CXX compile features - done
[0.311s] -- Found ament_cmake: 1.3.10 (/opt/ros/humble/share/ament_cmake/cmake)
[0.391s] -- Found Python3: /usr/bin/python3 (found version "3.10.12") found components: Interpreter
[0.509s] [33mCMake Warning (dev) at CMakeLists.txt:26 (target_sources):
[0.509s]   Policy CMP0076 is not set: target_sources() command converts relative paths
[0.509s]   to absolute.  Run "cmake --help-policy CMP0076" for policy details.  Use
[0.509s]   the cmake_policy command to set the policy and suppress this warning.
[0.509s] 
[0.509s]   An interface source of target "serial" has a relative path.
[0.509s] This warning is for project developers.  Use -Wno-dev to suppress it.
[0.509s] [0m
[0.548s] -- Configuring done (0.5s)
[0.550s] -- Generating done (0.0s)
[0.551s] -- Build files have been written to: /home/tirthapc/mmwave_ti_ros/ros2_driver/build/serial
[0.560s] Invoked command in '/home/tirthapc/mmwave_ti_ros/ros2_driver/build/serial' returned '0': CMAKE_PREFIX_PATH=${CMAKE_PREFIX_PATH}:/opt/ros/humble /home/tirthapc/.local/bin/cmake /home/tirthapc/mmwave_ti_ros/ros2_driver/src/serial-ros2-master -DCMAKE_INSTALL_PREFIX=/home/tirthapc/mmwave_ti_ros/ros2_driver/install/serial
[0.561s] Invoking command in '/home/tirthapc/mmwave_ti_ros/ros2_driver/build/serial': CMAKE_PREFIX_PATH=${CMAKE_PREFIX_PATH}:/opt/ros/humble /home/tirthapc/.local/bin/cmake --build /home/tirthapc/mmwave_ti_ros/ros2_driver/build/serial -- -j16 -l16
[0.613s] [ 25%] [32mBuilding CXX object CMakeFiles/serial.dir/src/serial.cc.o[0m
[0.613s] [ 50%] [32mBuilding CXX object CMakeFiles/serial.dir/src/impl/unix.cc.o[0m
[0.613s] [ 75%] [32mBuilding CXX object CMakeFiles/serial.dir/src/impl/list_ports/list_ports_linux.cc.o[0m
[0.937s] [100%] [32m[1mLinking CXX shared library libserial.so[0m
[0.974s] [100%] Built target serial
[0.983s] Invoked command in '/home/tirthapc/mmwave_ti_ros/ros2_driver/build/serial' returned '0': CMAKE_PREFIX_PATH=${CMAKE_PREFIX_PATH}:/opt/ros/humble /home/tirthapc/.local/bin/cmake --build /home/tirthapc/mmwave_ti_ros/ros2_driver/build/serial -- -j16 -l16
[1.097s] Invoking command in '/home/tirthapc/mmwave_ti_ros/ros2_driver/build/serial': CMAKE_PREFIX_PATH=${CMAKE_PREFIX_PATH}:/opt/ros/humble /home/tirthapc/.local/bin/cmake --install /home/tirthapc/mmwave_ti_ros/ros2_driver/build/serial
[1.139s] -- Install configuration: ""
[1.139s] -- Installing: /home/tirthapc/mmwave_ti_ros/ros2_driver/install/serial/share/serial/environment/library_path.sh
[1.139s] -- Installing: /home/tirthapc/mmwave_ti_ros/ros2_driver/install/serial/share/serial/environment/library_path.dsv
[1.139s] -- Installing: /home/tirthapc/mmwave_ti_ros/ros2_driver/install/serial/lib/libserial.so
[1.139s] -- Installing: /home/tirthapc/mmwave_ti_ros/ros2_driver/install/serial/include/serial/serial.h
[1.139s] -- Installing: /home/tirthapc/mmwave_ti_ros/ros2_driver/install/serial/include/serial/v8stdint.h
[1.139s] -- Installing: /home/tirthapc/mmwave_ti_ros/ros2_driver/install/serial/share/ament_index/resource_index/package_run_dependencies/serial
[1.139s] -- Installing: /home/tirthapc/mmwave_ti_ros/ros2_driver/install/serial/share/ament_index/resource_index/parent_prefix_path/serial
[1.139s] -- Installing: /home/tirthapc/mmwave_ti_ros/ros2_driver/install/serial/share/serial/environment/ament_prefix_path.sh
[1.139s] -- Installing: /home/tirthapc/mmwave_ti_ros/ros2_driver/install/serial/share/serial/environment/ament_prefix_path.dsv
[1.139s] -- Installing: /home/tirthapc/mmwave_ti_ros/ros2_driver/install/serial/share/serial/environment/path.sh
[1.140s] -- Installing: /home/tirthapc/mmwave_ti_ros/ros2_driver/install/serial/share/serial/environment/path.dsv
[1.140s] -- Installing: /home/tirthapc/mmwave_ti_ros/ros2_driver/install/serial/share/serial/local_setup.bash
[1.140s] -- Installing: /home/tirthapc/mmwave_ti_ros/ros2_driver/install/serial/share/serial/local_setup.sh
[1.140s] -- Installing: /home/tirthapc/mmwave_ti_ros/ros2_driver/install/serial/share/serial/local_setup.zsh
[1.140s] -- Installing: /home/tirthapc/mmwave_ti_ros/ros2_driver/install/serial/share/serial/local_setup.dsv
[1.140s] -- Installing: /home/tirthapc/mmwave_ti_ros/ros2_driver/install/serial/share/serial/package.dsv
[1.140s] -- Installing: /home/tirthapc/mmwave_ti_ros/ros2_driver/install/serial/share/ament_index/resource_index/packages/serial
[1.140s] -- Installing: /home/tirthapc/mmwave_ti_ros/ros2_driver/install/serial/share/serial/cmake/ament_cmake_export_include_directories-extras.cmake
[1.140s] -- Installing: /home/tirthapc/mmwave_ti_ros/ros2_driver/install/serial/share/serial/cmake/ament_cmake_export_libraries-extras.cmake
[1.140s] -- Installing: /home/tirthapc/mmwave_ti_ros/ros2_driver/install/serial/share/serial/cmake/serialConfig.cmake
[1.140s] -- Installing: /home/tirthapc/mmwave_ti_ros/ros2_driver/install/serial/share/serial/cmake/serialConfig-version.cmake
[1.140s] -- Installing: /home/tirthapc/mmwave_ti_ros/ros2_driver/install/serial/share/serial/package.xml
[1.149s] Invoked command in '/home/tirthapc/mmwave_ti_ros/ros2_driver/build/serial' returned '0': CMAKE_PREFIX_PATH=${CMAKE_PREFIX_PATH}:/opt/ros/humble /home/tirthapc/.local/bin/cmake --install /home/tirthapc/mmwave_ti_ros/ros2_driver/build/serial
