[0.008s] Invoking command in '/home/tirthapc/mmwave_ti_ros/ros2_driver/build/serial': CMAKE_PREFIX_PATH=${CMAKE_PREFIX_PATH}:/opt/ros/humble /home/tirthapc/.local/bin/cmake --build /home/tirthapc/mmwave_ti_ros/ros2_driver/build/serial -- -j16 -l16
[0.067s] [100%] Built target serial
[0.077s] Invoked command in '/home/tirthapc/mmwave_ti_ros/ros2_driver/build/serial' returned '0': CMAKE_PREFIX_PATH=${CMAKE_PREFIX_PATH}:/opt/ros/humble /home/tirthapc/.local/bin/cmake --build /home/tirthapc/mmwave_ti_ros/ros2_driver/build/serial -- -j16 -l16
[0.198s] Invoking command in '/home/tirthapc/mmwave_ti_ros/ros2_driver/build/serial': CMAKE_PREFIX_PATH=${CMAKE_PREFIX_PATH}:/opt/ros/humble /home/tirthapc/.local/bin/cmake --install /home/tirthapc/mmwave_ti_ros/ros2_driver/build/serial
[0.242s] -- Install configuration: ""
[0.242s] -- Up-to-date: /home/tirthapc/mmwave_ti_ros/ros2_driver/install/serial/share/serial/environment/library_path.sh
[0.242s] -- Up-to-date: /home/tirthapc/mmwave_ti_ros/ros2_driver/install/serial/share/serial/environment/library_path.dsv
[0.243s] -- Up-to-date: /home/tirthapc/mmwave_ti_ros/ros2_driver/install/serial/lib/libserial.so
[0.243s] -- Up-to-date: /home/tirthapc/mmwave_ti_ros/ros2_driver/install/serial/include/serial/serial.h
[0.243s] -- Up-to-date: /home/tirthapc/mmwave_ti_ros/ros2_driver/install/serial/include/serial/v8stdint.h
[0.243s] -- Up-to-date: /home/tirthapc/mmwave_ti_ros/ros2_driver/install/serial/share/ament_index/resource_index/package_run_dependencies/serial
[0.243s] -- Up-to-date: /home/tirthapc/mmwave_ti_ros/ros2_driver/install/serial/share/ament_index/resource_index/parent_prefix_path/serial
[0.243s] -- Up-to-date: /home/tirthapc/mmwave_ti_ros/ros2_driver/install/serial/share/serial/environment/ament_prefix_path.sh
[0.243s] -- Up-to-date: /home/tirthapc/mmwave_ti_ros/ros2_driver/install/serial/share/serial/environment/ament_prefix_path.dsv
[0.243s] -- Up-to-date: /home/tirthapc/mmwave_ti_ros/ros2_driver/install/serial/share/serial/environment/path.sh
[0.243s] -- Up-to-date: /home/tirthapc/mmwave_ti_ros/ros2_driver/install/serial/share/serial/environment/path.dsv
[0.243s] -- Up-to-date: /home/tirthapc/mmwave_ti_ros/ros2_driver/install/serial/share/serial/local_setup.bash
[0.243s] -- Up-to-date: /home/tirthapc/mmwave_ti_ros/ros2_driver/install/serial/share/serial/local_setup.sh
[0.243s] -- Up-to-date: /home/tirthapc/mmwave_ti_ros/ros2_driver/install/serial/share/serial/local_setup.zsh
[0.243s] -- Up-to-date: /home/tirthapc/mmwave_ti_ros/ros2_driver/install/serial/share/serial/local_setup.dsv
[0.243s] -- Installing: /home/tirthapc/mmwave_ti_ros/ros2_driver/install/serial/share/serial/package.dsv
[0.243s] -- Up-to-date: /home/tirthapc/mmwave_ti_ros/ros2_driver/install/serial/share/ament_index/resource_index/packages/serial
[0.243s] -- Up-to-date: /home/tirthapc/mmwave_ti_ros/ros2_driver/install/serial/share/serial/cmake/ament_cmake_export_include_directories-extras.cmake
[0.243s] -- Up-to-date: /home/tirthapc/mmwave_ti_ros/ros2_driver/install/serial/share/serial/cmake/ament_cmake_export_libraries-extras.cmake
[0.243s] -- Up-to-date: /home/tirthapc/mmwave_ti_ros/ros2_driver/install/serial/share/serial/cmake/serialConfig.cmake
[0.243s] -- Up-to-date: /home/tirthapc/mmwave_ti_ros/ros2_driver/install/serial/share/serial/cmake/serialConfig-version.cmake
[0.243s] -- Up-to-date: /home/tirthapc/mmwave_ti_ros/ros2_driver/install/serial/share/serial/package.xml
[0.252s] Invoked command in '/home/tirthapc/mmwave_ti_ros/ros2_driver/build/serial' returned '0': CMAKE_PREFIX_PATH=${CMAKE_PREFIX_PATH}:/opt/ros/humble /home/tirthapc/.local/bin/cmake --install /home/tirthapc/mmwave_ti_ros/ros2_driver/build/serial
